{"C:\\Users\\Arthur Cezar\\Downloads\\parte9-fase5-checkout-cobertura99\\projeto-corrigido\\frontend-cliente\\src\\Routes\\Routes.jsx": {"path":"C:\\Users\\Arthur Cezar\\Downloads\\parte9-fase5-checkout-cobertura99\\projeto-corrigido\\frontend-cliente\\src\\Routes\\Routes.jsx","all":false,"statementMap":{"0":{"start":{"line":1,"column":0},"end":{"line":1,"column":26}},"1":{"start":{"line":2,"column":0},"end":{"line":2,"column":74}},"3":{"start":{"line":4,"column":0},"end":{"line":4,"column":41}},"4":{"start":{"line":5,"column":0},"end":{"line":5,"column":50}},"5":{"start":{"line":6,"column":0},"end":{"line":6,"column":68}},"6":{"start":{"line":7,"column":0},"end":{"line":7,"column":38}},"7":{"start":{"line":8,"column":0},"end":{"line":8,"column":54}},"8":{"start":{"line":9,"column":0},"end":{"line":9,"column":59}},"9":{"start":{"line":10,"column":0},"end":{"line":10,"column":50}},"10":{"start":{"line":11,"column":0},"end":{"line":11,"column":49}},"11":{"start":{"line":12,"column":0},"end":{"line":12,"column":53}},"12":{"start":{"line":13,"column":0},"end":{"line":13,"column":47}},"13":{"start":{"line":14,"column":0},"end":{"line":14,"column":56}},"14":{"start":{"line":15,"column":0},"end":{"line":15,"column":38}},"15":{"start":{"line":16,"column":0},"end":{"line":16,"column":59}},"17":{"start":{"line":18,"column":0},"end":{"line":18,"column":61}},"18":{"start":{"line":19,"column":0},"end":{"line":19,"column":67}},"19":{"start":{"line":20,"column":0},"end":{"line":20,"column":54}},"20":{"start":{"line":21,"column":0},"end":{"line":21,"column":54}},"31":{"start":{"line":32,"column":0},"end":{"line":32,"column":25}},"32":{"start":{"line":33,"column":0},"end":{"line":33,"column":10}},"33":{"start":{"line":34,"column":0},"end":{"line":34,"column":18}},"34":{"start":{"line":35,"column":0},"end":{"line":35,"column":20}},"35":{"start":{"line":36,"column":0},"end":{"line":36,"column":16}},"37":{"start":{"line":38,"column":0},"end":{"line":38,"column":53}},"38":{"start":{"line":39,"column":0},"end":{"line":39,"column":59}},"39":{"start":{"line":40,"column":0},"end":{"line":40,"column":72}},"42":{"start":{"line":43,"column":0},"end":{"line":43,"column":42}},"44":{"start":{"line":45,"column":0},"end":{"line":45,"column":49}},"45":{"start":{"line":46,"column":0},"end":{"line":46,"column":53}},"46":{"start":{"line":47,"column":0},"end":{"line":47,"column":62}},"47":{"start":{"line":48,"column":0},"end":{"line":48,"column":63}},"48":{"start":{"line":49,"column":0},"end":{"line":49,"column":64}},"49":{"start":{"line":50,"column":0},"end":{"line":50,"column":65}},"50":{"start":{"line":51,"column":0},"end":{"line":51,"column":64}},"53":{"start":{"line":54,"column":0},"end":{"line":54,"column":43}},"54":{"start":{"line":55,"column":0},"end":{"line":55,"column":54}},"55":{"start":{"line":56,"column":0},"end":{"line":56,"column":16}},"56":{"start":{"line":57,"column":0},"end":{"line":57,"column":49}},"57":{"start":{"line":58,"column":0},"end":{"line":58,"column":58}},"58":{"start":{"line":59,"column":0},"end":{"line":59,"column":16}},"59":{"start":{"line":60,"column":0},"end":{"line":60,"column":45}},"60":{"start":{"line":61,"column":0},"end":{"line":61,"column":55}},"61":{"start":{"line":62,"column":0},"end":{"line":62,"column":16}},"62":{"start":{"line":63,"column":0},"end":{"line":63,"column":44}},"63":{"start":{"line":64,"column":0},"end":{"line":64,"column":54}},"64":{"start":{"line":65,"column":0},"end":{"line":65,"column":16}},"65":{"start":{"line":66,"column":0},"end":{"line":66,"column":18}},"66":{"start":{"line":67,"column":0},"end":{"line":67,"column":17}},"67":{"start":{"line":68,"column":0},"end":{"line":68,"column":21}},"68":{"start":{"line":69,"column":0},"end":{"line":69,"column":19}},"69":{"start":{"line":70,"column":0},"end":{"line":70,"column":11}},"72":{"start":{"line":73,"column":0},"end":{"line":73,"column":25}}},"s":{"0":1,"1":1,"3":1,"4":1,"5":1,"6":1,"7":1,"8":1,"9":1,"10":1,"11":1,"12":1,"13":1,"14":1,"15":1,"17":1,"18":1,"19":1,"20":1,"31":1,"32":7,"33":7,"34":7,"35":7,"37":7,"38":7,"39":7,"42":7,"44":7,"45":7,"46":7,"47":7,"48":7,"49":7,"50":7,"53":7,"54":7,"55":7,"56":7,"57":7,"58":7,"59":7,"60":7,"61":7,"62":7,"63":7,"64":7,"65":7,"66":7,"67":7,"68":7,"69":7,"72":1},"branchMap":{"0":{"type":"branch","line":32,"loc":{"start":{"line":32,"column":18},"end":{"line":70,"column":11}},"locations":[{"start":{"line":32,"column":18},"end":{"line":70,"column":11}}]}},"b":{"0":[7]},"fnMap":{"0":{"name":"AppRoutes","decl":{"start":{"line":32,"column":18},"end":{"line":70,"column":11}},"loc":{"start":{"line":32,"column":18},"end":{"line":70,"column":11}},"line":32}},"f":{"0":7}}
,"C:\\Users\\Arthur Cezar\\Downloads\\parte9-fase5-checkout-cobertura99\\projeto-corrigido\\frontend-cliente\\src\\api\\api.js": {"path":"C:\\Users\\Arthur Cezar\\Downloads\\parte9-fase5-checkout-cobertura99\\projeto-corrigido\\frontend-cliente\\src\\api\\api.js","all":false,"statementMap":{"0":{"start":{"line":1,"column":0},"end":{"line":1,"column":3}},"1":{"start":{"line":2,"column":0},"end":{"line":2,"column":42}},"2":{"start":{"line":3,"column":0},"end":{"line":3,"column":2}},"3":{"start":{"line":4,"column":0},"end":{"line":4,"column":12}},"4":{"start":{"line":5,"column":0},"end":{"line":5,"column":12}},"5":{"start":{"line":6,"column":0},"end":{"line":6,"column":77}},"6":{"start":{"line":7,"column":0},"end":{"line":7,"column":71}},"7":{"start":{"line":8,"column":0},"end":{"line":8,"column":48}},"8":{"start":{"line":9,"column":0},"end":{"line":9,"column":2}},"9":{"start":{"line":10,"column":0},"end":{"line":10,"column":73}},"10":{"start":{"line":11,"column":0},"end":{"line":11,"column":57}},"11":{"start":{"line":12,"column":0},"end":{"line":12,"column":2}},"12":{"start":{"line":13,"column":0},"end":{"line":13,"column":65}},"13":{"start":{"line":14,"column":0},"end":{"line":14,"column":3}},"15":{"start":{"line":16,"column":0},"end":{"line":16,"column":80}},"16":{"start":{"line":17,"column":0},"end":{"line":17,"column":89}},"17":{"start":{"line":18,"column":0},"end":{"line":18,"column":83}},"18":{"start":{"line":19,"column":0},"end":{"line":19,"column":63}},"20":{"start":{"line":21,"column":0},"end":{"line":21,"column":81}},"22":{"start":{"line":23,"column":0},"end":{"line":23,"column":21}},"23":{"start":{"line":24,"column":0},"end":{"line":24,"column":7}},"24":{"start":{"line":25,"column":0},"end":{"line":25,"column":46}},"25":{"start":{"line":26,"column":0},"end":{"line":26,"column":48}},"26":{"start":{"line":27,"column":0},"end":{"line":27,"column":11}},"27":{"start":{"line":28,"column":0},"end":{"line":28,"column":16}},"28":{"start":{"line":29,"column":0},"end":{"line":29,"column":3}},"29":{"start":{"line":30,"column":0},"end":{"line":30,"column":1}},"31":{"start":{"line":32,"column":0},"end":{"line":32,"column":81}},"33":{"start":{"line":34,"column":0},"end":{"line":34,"column":3}},"34":{"start":{"line":35,"column":0},"end":{"line":35,"column":69}},"35":{"start":{"line":36,"column":0},"end":{"line":36,"column":34}},"36":{"start":{"line":37,"column":0},"end":{"line":37,"column":3}},"37":{"start":{"line":38,"column":0},"end":{"line":38,"column":31}},"38":{"start":{"line":39,"column":0},"end":{"line":39,"column":7}},"39":{"start":{"line":40,"column":0},"end":{"line":40,"column":34}},"40":{"start":{"line":41,"column":0},"end":{"line":41,"column":61}},"41":{"start":{"line":42,"column":0},"end":{"line":42,"column":48}},"42":{"start":{"line":43,"column":0},"end":{"line":43,"column":11}},"43":{"start":{"line":44,"column":0},"end":{"line":44,"column":73}},"44":{"start":{"line":45,"column":0},"end":{"line":45,"column":50}},"45":{"start":{"line":46,"column":0},"end":{"line":46,"column":3}},"46":{"start":{"line":47,"column":0},"end":{"line":47,"column":1}},"48":{"start":{"line":49,"column":0},"end":{"line":49,"column":80}},"50":{"start":{"line":51,"column":0},"end":{"line":51,"column":3}},"51":{"start":{"line":52,"column":0},"end":{"line":52,"column":48}},"52":{"start":{"line":53,"column":0},"end":{"line":53,"column":2}},"53":{"start":{"line":54,"column":0},"end":{"line":54,"column":61}},"54":{"start":{"line":55,"column":0},"end":{"line":55,"column":71}},"55":{"start":{"line":56,"column":0},"end":{"line":56,"column":3}},"56":{"start":{"line":57,"column":0},"end":{"line":57,"column":52}},"57":{"start":{"line":58,"column":0},"end":{"line":58,"column":27}},"59":{"start":{"line":60,"column":0},"end":{"line":60,"column":19}},"60":{"start":{"line":61,"column":0},"end":{"line":61,"column":39}},"61":{"start":{"line":62,"column":0},"end":{"line":62,"column":59}},"62":{"start":{"line":63,"column":0},"end":{"line":63,"column":23}},"63":{"start":{"line":64,"column":0},"end":{"line":64,"column":4}},"65":{"start":{"line":66,"column":0},"end":{"line":66,"column":10}},"66":{"start":{"line":67,"column":0},"end":{"line":67,"column":7}},"67":{"start":{"line":68,"column":0},"end":{"line":68,"column":69}},"68":{"start":{"line":69,"column":0},"end":{"line":69,"column":11}},"69":{"start":{"line":70,"column":0},"end":{"line":70,"column":64}},"70":{"start":{"line":71,"column":0},"end":{"line":71,"column":3}},"72":{"start":{"line":73,"column":0},"end":{"line":73,"column":16}},"73":{"start":{"line":74,"column":0},"end":{"line":74,"column":42}},"74":{"start":{"line":75,"column":0},"end":{"line":75,"column":43}},"75":{"start":{"line":76,"column":0},"end":{"line":76,"column":3}},"77":{"start":{"line":78,"column":0},"end":{"line":78,"column":39}},"78":{"start":{"line":79,"column":0},"end":{"line":79,"column":72}},"79":{"start":{"line":80,"column":0},"end":{"line":80,"column":16}},"80":{"start":{"line":81,"column":0},"end":{"line":81,"column":3}},"82":{"start":{"line":83,"column":0},"end":{"line":83,"column":20}},"83":{"start":{"line":84,"column":0},"end":{"line":84,"column":1}}},"s":{"0":1,"1":1,"2":1,"3":1,"4":1,"5":1,"6":1,"7":1,"8":1,"9":1,"10":1,"11":1,"12":1,"13":1,"15":1,"16":1,"17":1,"18":1,"20":1,"22":20,"23":20,"24":20,"25":20,"26":20,"27":1,"28":1,"29":20,"31":1,"33":1,"34":1,"35":1,"36":1,"37":4,"38":4,"39":4,"40":2,"41":4,"42":4,"43":2,"44":2,"45":2,"46":4,"48":1,"50":1,"51":1,"52":1,"53":1,"54":1,"55":1,"56":1,"57":20,"59":20,"60":20,"61":20,"62":20,"63":20,"65":20,"66":20,"67":20,"68":20,"69":1,"70":1,"72":20,"73":4,"74":4,"75":4,"77":15,"78":20,"79":2,"80":2,"82":13,"83":13},"branchMap":{"0":{"type":"branch","line":23,"loc":{"start":{"line":23,"column":0},"end":{"line":30,"column":1}},"locations":[{"start":{"line":23,"column":0},"end":{"line":30,"column":1}}]},"1":{"type":"branch","line":26,"loc":{"start":{"line":26,"column":16},"end":{"line":26,"column":40}},"locations":[{"start":{"line":26,"column":16},"end":{"line":26,"column":40}}]},"2":{"type":"branch","line":26,"loc":{"start":{"line":26,"column":41},"end":{"line":26,"column":47}},"locations":[{"start":{"line":26,"column":41},"end":{"line":26,"column":47}}]},"3":{"type":"branch","line":27,"loc":{"start":{"line":27,"column":4},"end":{"line":29,"column":3}},"locations":[{"start":{"line":27,"column":4},"end":{"line":29,"column":3}}]},"4":{"type":"branch","line":38,"loc":{"start":{"line":38,"column":0},"end":{"line":47,"column":1}},"locations":[{"start":{"line":38,"column":0},"end":{"line":47,"column":1}}]},"5":{"type":"branch","line":40,"loc":{"start":{"line":40,"column":33},"end":{"line":42,"column":25}},"locations":[{"start":{"line":40,"column":33},"end":{"line":42,"column":25}}]},"6":{"type":"branch","line":42,"loc":{"start":{"line":42,"column":25},"end":{"line":42,"column":47}},"locations":[{"start":{"line":42,"column":25},"end":{"line":42,"column":47}}]},"7":{"type":"branch","line":43,"loc":{"start":{"line":43,"column":4},"end":{"line":46,"column":3}},"locations":[{"start":{"line":43,"column":4},"end":{"line":46,"column":3}}]},"8":{"type":"branch","line":45,"loc":{"start":{"line":45,"column":26},"end":{"line":45,"column":49}},"locations":[{"start":{"line":45,"column":26},"end":{"line":45,"column":49}}]},"9":{"type":"branch","line":57,"loc":{"start":{"line":57,"column":7},"end":{"line":84,"column":1}},"locations":[{"start":{"line":57,"column":7},"end":{"line":84,"column":1}}]},"10":{"type":"branch","line":62,"loc":{"start":{"line":62,"column":14},"end":{"line":62,"column":52}},"locations":[{"start":{"line":62,"column":14},"end":{"line":62,"column":52}}]},"11":{"type":"branch","line":62,"loc":{"start":{"line":62,"column":53},"end":{"line":62,"column":57}},"locations":[{"start":{"line":62,"column":53},"end":{"line":62,"column":57}}]},"12":{"type":"branch","line":68,"loc":{"start":{"line":68,"column":68},"end":{"line":69,"column":4}},"locations":[{"start":{"line":68,"column":68},"end":{"line":69,"column":4}}]},"13":{"type":"branch","line":69,"loc":{"start":{"line":69,"column":4},"end":{"line":71,"column":3}},"locations":[{"start":{"line":69,"column":4},"end":{"line":71,"column":3}}]},"14":{"type":"branch","line":71,"loc":{"start":{"line":71,"column":2},"end":{"line":73,"column":15}},"locations":[{"start":{"line":71,"column":2},"end":{"line":73,"column":15}}]},"15":{"type":"branch","line":73,"loc":{"start":{"line":73,"column":15},"end":{"line":76,"column":3}},"locations":[{"start":{"line":73,"column":15},"end":{"line":76,"column":3}}]},"16":{"type":"branch","line":76,"loc":{"start":{"line":76,"column":2},"end":{"line":79,"column":25}},"locations":[{"start":{"line":76,"column":2},"end":{"line":79,"column":25}}]},"17":{"type":"branch","line":79,"loc":{"start":{"line":79,"column":25},"end":{"line":79,"column":69}},"locations":[{"start":{"line":79,"column":25},"end":{"line":79,"column":69}}]},"18":{"type":"branch","line":79,"loc":{"start":{"line":79,"column":71},"end":{"line":81,"column":3}},"locations":[{"start":{"line":79,"column":71},"end":{"line":81,"column":3}}]},"19":{"type":"branch","line":81,"loc":{"start":{"line":81,"column":2},"end":{"line":84,"column":1}},"locations":[{"start":{"line":81,"column":2},"end":{"line":84,"column":1}}]}},"b":{"0":[20],"1":[2],"2":[18],"3":[1],"4":[4],"5":[2],"6":[1],"7":[2],"8":[1],"9":[20],"10":[1],"11":[19],"12":[19],"13":[1],"14":[19],"15":[4],"16":[15],"17":[14],"18":[2],"19":[13]},"fnMap":{"0":{"name":"getToken","decl":{"start":{"line":23,"column":0},"end":{"line":30,"column":1}},"loc":{"start":{"line":23,"column":0},"end":{"line":30,"column":1}},"line":23},"1":{"name":"parseErro","decl":{"start":{"line":38,"column":0},"end":{"line":47,"column":1}},"loc":{"start":{"line":38,"column":0},"end":{"line":47,"column":1}},"line":38},"2":{"name":"apiFetch","decl":{"start":{"line":57,"column":7},"end":{"line":84,"column":1}},"loc":{"start":{"line":57,"column":7},"end":{"line":84,"column":1}},"line":57}},"f":{"0":20,"1":4,"2":20}}
,"C:\\Users\\Arthur Cezar\\Downloads\\parte9-fase5-checkout-cobertura99\\projeto-corrigido\\frontend-cliente\\src\\api\\cep.js": {"path":"C:\\Users\\Arthur Cezar\\Downloads\\parte9-fase5-checkout-cobertura99\\projeto-corrigido\\frontend-cliente\\src\\api\\cep.js","all":false,"statementMap":{"0":{"start":{"line":1,"column":0},"end":{"line":1,"column":0}},"1":{"start":{"line":2,"column":0},"end":{"line":2,"column":38}},"2":{"start":{"line":3,"column":0},"end":{"line":3,"column":45}},"3":{"start":{"line":4,"column":0},"end":{"line":4,"column":0}},"4":{"start":{"line":5,"column":0},"end":{"line":5,"column":42}},"5":{"start":{"line":6,"column":0},"end":{"line":6,"column":0}},"6":{"start":{"line":7,"column":0},"end":{"line":7,"column":9}},"7":{"start":{"line":8,"column":0},"end":{"line":8,"column":81}},"8":{"start":{"line":9,"column":0},"end":{"line":9,"column":42}},"9":{"start":{"line":10,"column":0},"end":{"line":10,"column":0}},"10":{"start":{"line":11,"column":0},"end":{"line":11,"column":33}},"11":{"start":{"line":12,"column":0},"end":{"line":12,"column":0}},"12":{"start":{"line":13,"column":0},"end":{"line":13,"column":19}},"13":{"start":{"line":14,"column":0},"end":{"line":14,"column":8}},"14":{"start":{"line":15,"column":0},"end":{"line":15,"column":21}},"15":{"start":{"line":16,"column":0},"end":{"line":16,"column":51}},"16":{"start":{"line":17,"column":0},"end":{"line":17,"column":19}},"17":{"start":{"line":18,"column":0},"end":{"line":18,"column":8}},"18":{"start":{"line":19,"column":0},"end":{"line":19,"column":5}},"19":{"start":{"line":20,"column":0},"end":{"line":20,"column":0}},"20":{"start":{"line":21,"column":0},"end":{"line":21,"column":0}},"21":{"start":{"line":22,"column":0},"end":{"line":22,"column":1}}},"s":{"0":1,"1":1,"2":4,"3":4,"4":4,"5":3,"6":3,"7":3,"8":2,"9":2,"10":4,"11":1,"12":1,"13":1,"14":1,"15":1,"16":1,"17":1,"18":1,"19":4,"20":4,"21":4},"branchMap":{"0":{"type":"branch","line":2,"loc":{"start":{"line":2,"column":7},"end":{"line":22,"column":1}},"locations":[{"start":{"line":2,"column":7},"end":{"line":22,"column":1}}]},"1":{"type":"branch","line":5,"loc":{"start":{"line":5,"column":30},"end":{"line":5,"column":42}},"locations":[{"start":{"line":5,"column":30},"end":{"line":5,"column":42}}]},"2":{"type":"branch","line":6,"loc":{"start":{"line":6,"column":-2},"end":{"line":8,"column":81}},"locations":[{"start":{"line":6,"column":-2},"end":{"line":8,"column":81}}]},"3":{"type":"branch","line":9,"loc":{"start":{"line":9,"column":-2},"end":{"line":11,"column":21}},"locations":[{"start":{"line":9,"column":-2},"end":{"line":11,"column":21}}]},"4":{"type":"branch","line":11,"loc":{"start":{"line":11,"column":21},"end":{"line":19,"column":5}},"locations":[{"start":{"line":11,"column":21},"end":{"line":19,"column":5}}]}},"b":{"0":[4],"1":[1],"2":[3],"3":[2],"4":[1]},"fnMap":{"0":{"name":"buscarCEP","decl":{"start":{"line":2,"column":7},"end":{"line":22,"column":1}},"loc":{"start":{"line":2,"column":7},"end":{"line":22,"column":1}},"line":2}},"f":{"0":4}}
,"C:\\Users\\Arthur Cezar\\Downloads\\parte9-fase5-checkout-cobertura99\\projeto-corrigido\\frontend-cliente\\src\\api\\productApi.js": {"path":"C:\\Users\\Arthur Cezar\\Downloads\\parte9-fase5-checkout-cobertura99\\projeto-corrigido\\frontend-cliente\\src\\api\\productApi.js","all":false,"statementMap":{"0":{"start":{"line":1,"column":0},"end":{"line":1,"column":43}},"1":{"start":{"line":2,"column":0},"end":{"line":2,"column":0}},"2":{"start":{"line":3,"column":0},"end":{"line":3,"column":80}},"3":{"start":{"line":4,"column":0},"end":{"line":4,"column":31}},"4":{"start":{"line":5,"column":0},"end":{"line":5,"column":10}},"5":{"start":{"line":6,"column":0},"end":{"line":6,"column":13}},"6":{"start":{"line":7,"column":0},"end":{"line":7,"column":17}},"7":{"start":{"line":8,"column":0},"end":{"line":8,"column":29}},"8":{"start":{"line":9,"column":0},"end":{"line":9,"column":31}},"9":{"start":{"line":10,"column":0},"end":{"line":10,"column":36}},"10":{"start":{"line":11,"column":0},"end":{"line":11,"column":31}},"11":{"start":{"line":12,"column":0},"end":{"line":12,"column":21}},"12":{"start":{"line":13,"column":0},"end":{"line":13,"column":19}},"13":{"start":{"line":14,"column":0},"end":{"line":14,"column":79}},"14":{"start":{"line":15,"column":0},"end":{"line":15,"column":32}},"15":{"start":{"line":16,"column":0},"end":{"line":16,"column":29}},"16":{"start":{"line":17,"column":0},"end":{"line":17,"column":4}},"17":{"start":{"line":18,"column":0},"end":{"line":18,"column":1}},"18":{"start":{"line":19,"column":0},"end":{"line":19,"column":0}},"19":{"start":{"line":20,"column":0},"end":{"line":20,"column":78}},"20":{"start":{"line":21,"column":0},"end":{"line":21,"column":61}},"21":{"start":{"line":22,"column":0},"end":{"line":22,"column":0}},"22":{"start":{"line":23,"column":0},"end":{"line":23,"column":93}},"23":{"start":{"line":24,"column":0},"end":{"line":24,"column":53}},"24":{"start":{"line":25,"column":0},"end":{"line":25,"column":43}},"25":{"start":{"line":26,"column":0},"end":{"line":26,"column":61}},"26":{"start":{"line":27,"column":0},"end":{"line":27,"column":0}},"27":{"start":{"line":28,"column":0},"end":{"line":28,"column":53}},"28":{"start":{"line":29,"column":0},"end":{"line":29,"column":58}},"29":{"start":{"line":30,"column":0},"end":{"line":30,"column":38}},"30":{"start":{"line":31,"column":0},"end":{"line":31,"column":59}},"31":{"start":{"line":32,"column":0},"end":{"line":32,"column":2}},"32":{"start":{"line":33,"column":0},"end":{"line":33,"column":0}},"33":{"start":{"line":34,"column":0},"end":{"line":34,"column":42}},"34":{"start":{"line":35,"column":0},"end":{"line":35,"column":77}},"35":{"start":{"line":36,"column":0},"end":{"line":36,"column":2}},"36":{"start":{"line":37,"column":0},"end":{"line":37,"column":0}},"37":{"start":{"line":38,"column":0},"end":{"line":38,"column":45}},"38":{"start":{"line":39,"column":0},"end":{"line":39,"column":49}},"39":{"start":{"line":40,"column":0},"end":{"line":40,"column":26}},"40":{"start":{"line":41,"column":0},"end":{"line":41,"column":2}},"41":{"start":{"line":42,"column":0},"end":{"line":42,"column":0}},"42":{"start":{"line":43,"column":0},"end":{"line":43,"column":83}},"43":{"start":{"line":44,"column":0},"end":{"line":44,"column":41}},"44":{"start":{"line":45,"column":0},"end":{"line":45,"column":66}},"45":{"start":{"line":46,"column":0},"end":{"line":46,"column":38}},"46":{"start":{"line":47,"column":0},"end":{"line":47,"column":59}},"47":{"start":{"line":48,"column":0},"end":{"line":48,"column":2}},"48":{"start":{"line":49,"column":0},"end":{"line":49,"column":0}},"49":{"start":{"line":50,"column":0},"end":{"line":50,"column":87}},"50":{"start":{"line":51,"column":0},"end":{"line":51,"column":44}},"51":{"start":{"line":52,"column":0},"end":{"line":52,"column":50}},"52":{"start":{"line":53,"column":0},"end":{"line":53,"column":38}},"53":{"start":{"line":54,"column":0},"end":{"line":54,"column":59}},"54":{"start":{"line":55,"column":0},"end":{"line":55,"column":2}}},"s":{"0":1,"1":1,"2":1,"3":1,"4":7,"5":7,"6":7,"7":7,"8":7,"9":7,"10":7,"11":7,"12":7,"13":7,"14":7,"15":7,"16":7,"17":7,"18":1,"19":1,"20":1,"21":1,"22":1,"23":4,"24":4,"25":4,"26":4,"27":4,"28":4,"29":4,"30":4,"31":4,"32":1,"33":1,"34":1,"35":1,"36":1,"37":1,"38":1,"39":1,"40":1,"41":1,"42":1,"43":1,"44":2,"45":2,"46":2,"47":2,"48":1,"49":1,"50":1,"51":2,"52":2,"53":2,"54":2},"branchMap":{"0":{"type":"branch","line":4,"loc":{"start":{"line":4,"column":7},"end":{"line":18,"column":1}},"locations":[{"start":{"line":4,"column":7},"end":{"line":18,"column":1}}]},"1":{"type":"branch","line":10,"loc":{"start":{"line":10,"column":30},"end":{"line":10,"column":35}},"locations":[{"start":{"line":10,"column":30},"end":{"line":10,"column":35}}]},"2":{"type":"branch","line":14,"loc":{"start":{"line":14,"column":25},"end":{"line":14,"column":52}},"locations":[{"start":{"line":14,"column":25},"end":{"line":14,"column":52}}]},"3":{"type":"branch","line":14,"loc":{"start":{"line":14,"column":53},"end":{"line":14,"column":71}},"locations":[{"start":{"line":14,"column":53},"end":{"line":14,"column":71}}]},"4":{"type":"branch","line":14,"loc":{"start":{"line":14,"column":72},"end":{"line":14,"column":78}},"locations":[{"start":{"line":14,"column":72},"end":{"line":14,"column":78}}]},"5":{"type":"branch","line":15,"loc":{"start":{"line":15,"column":26},"end":{"line":15,"column":31}},"locations":[{"start":{"line":15,"column":26},"end":{"line":15,"column":31}}]},"6":{"type":"branch","line":16,"loc":{"start":{"line":16,"column":24},"end":{"line":16,"column":28}},"locations":[{"start":{"line":16,"column":24},"end":{"line":16,"column":28}}]},"7":{"type":"branch","line":23,"loc":{"start":{"line":23,"column":27},"end":{"line":32,"column":2}},"locations":[{"start":{"line":23,"column":27},"end":{"line":32,"column":2}}]},"8":{"type":"branch","line":25,"loc":{"start":{"line":25,"column":13},"end":{"line":25,"column":43}},"locations":[{"start":{"line":25,"column":13},"end":{"line":25,"column":43}}]},"9":{"type":"branch","line":26,"loc":{"start":{"line":26,"column":19},"end":{"line":26,"column":61}},"locations":[{"start":{"line":26,"column":19},"end":{"line":26,"column":61}}]},"10":{"type":"branch","line":30,"loc":{"start":{"line":30,"column":30},"end":{"line":30,"column":37}},"locations":[{"start":{"line":30,"column":30},"end":{"line":30,"column":37}}]},"11":{"type":"branch","line":31,"loc":{"start":{"line":31,"column":30},"end":{"line":31,"column":53}},"locations":[{"start":{"line":31,"column":30},"end":{"line":31,"column":53}}]},"12":{"type":"branch","line":31,"loc":{"start":{"line":31,"column":54},"end":{"line":31,"column":58}},"locations":[{"start":{"line":31,"column":54},"end":{"line":31,"column":58}}]},"13":{"type":"branch","line":34,"loc":{"start":{"line":34,"column":29},"end":{"line":36,"column":2}},"locations":[{"start":{"line":34,"column":29},"end":{"line":36,"column":2}}]},"14":{"type":"branch","line":38,"loc":{"start":{"line":38,"column":30},"end":{"line":41,"column":2}},"locations":[{"start":{"line":38,"column":30},"end":{"line":41,"column":2}}]},"15":{"type":"branch","line":44,"loc":{"start":{"line":44,"column":28},"end":{"line":48,"column":2}},"locations":[{"start":{"line":44,"column":28},"end":{"line":48,"column":2}}]},"16":{"type":"branch","line":46,"loc":{"start":{"line":46,"column":30},"end":{"line":46,"column":37}},"locations":[{"start":{"line":46,"column":30},"end":{"line":46,"column":37}}]},"17":{"type":"branch","line":47,"loc":{"start":{"line":47,"column":30},"end":{"line":47,"column":53}},"locations":[{"start":{"line":47,"column":30},"end":{"line":47,"column":53}}]},"18":{"type":"branch","line":47,"loc":{"start":{"line":47,"column":54},"end":{"line":47,"column":58}},"locations":[{"start":{"line":47,"column":54},"end":{"line":47,"column":58}}]},"19":{"type":"branch","line":51,"loc":{"start":{"line":51,"column":31},"end":{"line":55,"column":2}},"locations":[{"start":{"line":51,"column":31},"end":{"line":55,"column":2}}]},"20":{"type":"branch","line":53,"loc":{"start":{"line":53,"column":30},"end":{"line":53,"column":37}},"locations":[{"start":{"line":53,"column":30},"end":{"line":53,"column":37}}]},"21":{"type":"branch","line":54,"loc":{"start":{"line":54,"column":30},"end":{"line":54,"column":53}},"locations":[{"start":{"line":54,"column":30},"end":{"line":54,"column":53}}]},"22":{"type":"branch","line":54,"loc":{"start":{"line":54,"column":54},"end":{"line":54,"column":58}},"locations":[{"start":{"line":54,"column":54},"end":{"line":54,"column":58}}]}},"b":{"0":[7],"1":[1],"2":[6],"3":[6],"4":[1],"5":[1],"6":[1],"7":[4],"8":[1],"9":[1],"10":[2],"11":[3],"12":[1],"13":[1],"14":[1],"15":[2],"16":[1],"17":[1],"18":[1],"19":[2],"20":[1],"21":[1],"22":[1]},"fnMap":{"0":{"name":"mapProduto","decl":{"start":{"line":4,"column":7},"end":{"line":18,"column":1}},"loc":{"start":{"line":4,"column":7},"end":{"line":18,"column":1}},"line":4},"1":{"name":"getProdutos","decl":{"start":{"line":23,"column":27},"end":{"line":32,"column":2}},"loc":{"start":{"line":23,"column":27},"end":{"line":32,"column":2}},"line":23},"2":{"name":"getCategorias","decl":{"start":{"line":34,"column":29},"end":{"line":36,"column":2}},"loc":{"start":{"line":34,"column":29},"end":{"line":36,"column":2}},"line":34},"3":{"name":"getProdutoById","decl":{"start":{"line":38,"column":30},"end":{"line":41,"column":2}},"loc":{"start":{"line":38,"column":30},"end":{"line":41,"column":2}},"line":38},"4":{"name":"getPromocoes","decl":{"start":{"line":44,"column":28},"end":{"line":48,"column":2}},"loc":{"start":{"line":44,"column":28},"end":{"line":48,"column":2}},"line":44},"5":{"name":"getMaisVendidos","decl":{"start":{"line":51,"column":31},"end":{"line":55,"column":2}},"loc":{"start":{"line":51,"column":31},"end":{"line":55,"column":2}},"line":51}},"f":{"0":7,"1":4,"2":1,"3":1,"4":2,"5":2}}
,"C:\\Users\\Arthur Cezar\\Downloads\\parte9-fase5-checkout-cobertura99\\projeto-corrigido\\frontend-cliente\\src\\components\\BackButton\\BackButton.jsx": {"path":"C:\\Users\\Arthur Cezar\\Downloads\\parte9-fase5-checkout-cobertura99\\projeto-corrigido\\frontend-cliente\\src\\components\\BackButton\\BackButton.jsx","all":false,"statementMap":{"0":{"start":{"line":1,"column":0},"end":{"line":1,"column":38}},"1":{"start":{"line":2,"column":0},"end":{"line":2,"column":60}},"2":{"start":{"line":3,"column":0},"end":{"line":3,"column":25}},"3":{"start":{"line":4,"column":0},"end":{"line":4,"column":45}},"4":{"start":{"line":5,"column":0},"end":{"line":5,"column":47}},"6":{"start":{"line":7,"column":0},"end":{"line":7,"column":35}},"7":{"start":{"line":8,"column":0},"end":{"line":8,"column":35}},"9":{"start":{"line":10,"column":0},"end":{"line":10,"column":30}},"10":{"start":{"line":11,"column":0},"end":{"line":11,"column":82}},"11":{"start":{"line":12,"column":0},"end":{"line":12,"column":39}},"12":{"start":{"line":13,"column":0},"end":{"line":13,"column":34}},"13":{"start":{"line":14,"column":0},"end":{"line":14,"column":23}},"14":{"start":{"line":15,"column":0},"end":{"line":15,"column":13}},"15":{"start":{"line":16,"column":0},"end":{"line":16,"column":9}},"17":{"start":{"line":18,"column":0},"end":{"line":18,"column":21}},"18":{"start":{"line":19,"column":0},"end":{"line":19,"column":6}},"20":{"start":{"line":21,"column":0},"end":{"line":21,"column":12}},"21":{"start":{"line":22,"column":0},"end":{"line":22,"column":120}},"23":{"start":{"line":24,"column":0},"end":{"line":24,"column":17}},"25":{"start":{"line":26,"column":0},"end":{"line":26,"column":1}},"27":{"start":{"line":28,"column":0},"end":{"line":28,"column":25}}},"s":{"0":1,"1":1,"2":1,"3":1,"4":1,"6":440,"7":440,"9":440,"10":4,"11":3,"12":2,"13":2,"14":2,"15":3,"17":2,"18":4,"20":440,"21":440,"23":440,"25":440,"27":1},"branchMap":{"0":{"type":"branch","line":5,"loc":{"start":{"line":5,"column":20},"end":{"line":26,"column":1}},"locations":[{"start":{"line":5,"column":20},"end":{"line":26,"column":1}}]},"1":{"type":"branch","line":10,"loc":{"start":{"line":10,"column":23},"end":{"line":19,"column":6}},"locations":[{"start":{"line":10,"column":23},"end":{"line":19,"column":6}}]},"2":{"type":"branch","line":11,"loc":{"start":{"line":11,"column":34},"end":{"line":11,"column":81}},"locations":[{"start":{"line":11,"column":34},"end":{"line":11,"column":81}}]},"3":{"type":"branch","line":11,"loc":{"start":{"line":11,"column":81},"end":{"line":16,"column":9}},"locations":[{"start":{"line":11,"column":81},"end":{"line":16,"column":9}}]},"4":{"type":"branch","line":12,"loc":{"start":{"line":12,"column":25},"end":{"line":12,"column":38}},"locations":[{"start":{"line":12,"column":25},"end":{"line":12,"column":38}}]},"5":{"type":"branch","line":12,"loc":{"start":{"line":12,"column":38},"end":{"line":15,"column":13}},"locations":[{"start":{"line":12,"column":38},"end":{"line":15,"column":13}}]},"6":{"type":"branch","line":16,"loc":{"start":{"line":16,"column":8},"end":{"line":18,"column":21}},"locations":[{"start":{"line":16,"column":8},"end":{"line":18,"column":21}}]}},"b":{"0":[440],"1":[4],"2":[2],"3":[3],"4":[2],"5":[2],"6":[2]},"fnMap":{"0":{"name":"BackButton","decl":{"start":{"line":5,"column":20},"end":{"line":26,"column":1}},"loc":{"start":{"line":5,"column":20},"end":{"line":26,"column":1}},"line":5},"1":{"name":"handleBack","decl":{"start":{"line":10,"column":23},"end":{"line":19,"column":6}},"loc":{"start":{"line":10,"column":23},"end":{"line":19,"column":6}},"line":10}},"f":{"0":440,"1":4}}
,"C:\\Users\\Arthur Cezar\\Downloads\\parte9-fase5-checkout-cobertura99\\projeto-corrigido\\frontend-cliente\\src\\components\\Button\\Button.jsx": {"path":"C:\\Users\\Arthur Cezar\\Downloads\\parte9-fase5-checkout-cobertura99\\projeto-corrigido\\frontend-cliente\\src\\components\\Button\\Button.jsx","all":false,"statementMap":{"1":{"start":{"line":2,"column":0},"end":{"line":2,"column":26}},"2":{"start":{"line":3,"column":0},"end":{"line":3,"column":22}},"4":{"start":{"line":5,"column":0},"end":{"line":5,"column":17}},"5":{"start":{"line":6,"column":0},"end":{"line":6,"column":11}},"6":{"start":{"line":7,"column":0},"end":{"line":7,"column":22}},"7":{"start":{"line":8,"column":0},"end":{"line":8,"column":7}},"8":{"start":{"line":9,"column":0},"end":{"line":9,"column":18}},"9":{"start":{"line":10,"column":0},"end":{"line":10,"column":10}},"10":{"start":{"line":11,"column":0},"end":{"line":11,"column":19}},"11":{"start":{"line":12,"column":0},"end":{"line":12,"column":17}},"12":{"start":{"line":13,"column":0},"end":{"line":13,"column":7}},"13":{"start":{"line":14,"column":0},"end":{"line":14,"column":10}},"14":{"start":{"line":15,"column":0},"end":{"line":15,"column":11}},"15":{"start":{"line":16,"column":0},"end":{"line":16,"column":52}},"16":{"start":{"line":17,"column":0},"end":{"line":17,"column":17}},"17":{"start":{"line":18,"column":0},"end":{"line":18,"column":23}},"18":{"start":{"line":19,"column":0},"end":{"line":19,"column":25}},"20":{"start":{"line":21,"column":0},"end":{"line":21,"column":57}},"21":{"start":{"line":22,"column":0},"end":{"line":22,"column":51}},"22":{"start":{"line":23,"column":0},"end":{"line":23,"column":13}},"24":{"start":{"line":25,"column":0},"end":{"line":25,"column":2}},"26":{"start":{"line":27,"column":0},"end":{"line":27,"column":22}}},"s":{"1":1,"2":1,"4":1,"5":1101,"6":1101,"7":1101,"8":1101,"9":1101,"10":1101,"11":1101,"12":1101,"13":1101,"14":1101,"15":1101,"16":1101,"17":1101,"18":1101,"20":1101,"21":1101,"22":1101,"24":1101,"26":1},"branchMap":{"0":{"type":"branch","line":5,"loc":{"start":{"line":5,"column":15},"end":{"line":25,"column":2}},"locations":[{"start":{"line":5,"column":15},"end":{"line":25,"column":2}}]},"1":{"type":"branch","line":21,"loc":{"start":{"line":21,"column":7},"end":{"line":21,"column":57}},"locations":[{"start":{"line":21,"column":7},"end":{"line":21,"column":57}}]}},"b":{"0":[1101],"1":[452]},"fnMap":{"0":{"name":"Button","decl":{"start":{"line":5,"column":15},"end":{"line":25,"column":2}},"loc":{"start":{"line":5,"column":15},"end":{"line":25,"column":2}},"line":5}},"f":{"0":1101}}
,"C:\\Users\\Arthur Cezar\\Downloads\\parte9-fase5-checkout-cobertura99\\projeto-corrigido\\frontend-cliente\\src\\components\\ErrorState\\ErrorState.jsx": {"path":"C:\\Users\\Arthur Cezar\\Downloads\\parte9-fase5-checkout-cobertura99\\projeto-corrigido\\frontend-cliente\\src\\components\\ErrorState\\ErrorState.jsx","all":false,"statementMap":{"0":{"start":{"line":1,"column":0},"end":{"line":1,"column":26}},"1":{"start":{"line":2,"column":0},"end":{"line":2,"column":26}},"4":{"start":{"line":5,"column":0},"end":{"line":5,"column":73}},"5":{"start":{"line":6,"column":0},"end":{"line":6,"column":68}},"7":{"start":{"line":8,"column":0},"end":{"line":8,"column":12}},"8":{"start":{"line":9,"column":0},"end":{"line":9,"column":41}},"9":{"start":{"line":10,"column":0},"end":{"line":10,"column":56}},"10":{"start":{"line":11,"column":0},"end":{"line":11,"column":31}},"11":{"start":{"line":12,"column":0},"end":{"line":12,"column":80}},"12":{"start":{"line":13,"column":0},"end":{"line":13,"column":64}},"14":{"start":{"line":15,"column":0},"end":{"line":15,"column":21}},"15":{"start":{"line":16,"column":0},"end":{"line":16,"column":14}},"17":{"start":{"line":18,"column":0},"end":{"line":18,"column":2}},"19":{"start":{"line":20,"column":0},"end":{"line":20,"column":26}}},"s":{"0":1,"1":1,"4":1,"5":9,"7":9,"8":9,"9":9,"10":9,"11":9,"12":9,"14":9,"15":9,"17":9,"19":1},"branchMap":{"0":{"type":"branch","line":5,"loc":{"start":{"line":5,"column":19},"end":{"line":18,"column":2}},"locations":[{"start":{"line":5,"column":19},"end":{"line":18,"column":2}}]},"1":{"type":"branch","line":6,"loc":{"start":{"line":6,"column":24},"end":{"line":6,"column":68}},"locations":[{"start":{"line":6,"column":24},"end":{"line":6,"column":68}}]},"2":{"type":"branch","line":6,"loc":{"start":{"line":6,"column":36},"end":{"line":6,"column":68}},"locations":[{"start":{"line":6,"column":36},"end":{"line":6,"column":68}}]}},"b":{"0":[9],"1":[3],"2":[1]},"fnMap":{"0":{"name":"ErrorState","decl":{"start":{"line":5,"column":19},"end":{"line":18,"column":2}},"loc":{"start":{"line":5,"column":19},"end":{"line":18,"column":2}},"line":5},"1":{"name":"ErrorState.handleRetry","decl":{"start":{"line":6,"column":36},"end":{"line":6,"column":68}},"loc":{"start":{"line":6,"column":36},"end":{"line":6,"column":68}},"line":6}},"f":{"0":9,"1":1}}
,"C:\\Users\\Arthur Cezar\\Downloads\\parte9-fase5-checkout-cobertura99\\projeto-corrigido\\frontend-cliente\\src\\components\\Input\\Input.jsx": {"path":"C:\\Users\\Arthur Cezar\\Downloads\\parte9-fase5-checkout-cobertura99\\projeto-corrigido\\frontend-cliente\\src\\components\\Input\\Input.jsx","all":false,"statementMap":{"0":{"start":{"line":1,"column":0},"end":{"line":1,"column":26}},"1":{"start":{"line":2,"column":0},"end":{"line":2,"column":21}},"3":{"start":{"line":4,"column":0},"end":{"line":4,"column":46}},"4":{"start":{"line":5,"column":0},"end":{"line":5,"column":10}},"5":{"start":{"line":6,"column":0},"end":{"line":6,"column":35}},"7":{"start":{"line":8,"column":0},"end":{"line":8,"column":17}},"8":{"start":{"line":9,"column":0},"end":{"line":9,"column":58}},"9":{"start":{"line":10,"column":0},"end":{"line":10,"column":17}},"10":{"start":{"line":11,"column":0},"end":{"line":11,"column":16}},"13":{"start":{"line":14,"column":0},"end":{"line":14,"column":12}},"14":{"start":{"line":15,"column":0},"end":{"line":15,"column":19}},"15":{"start":{"line":16,"column":0},"end":{"line":16,"column":103}},"17":{"start":{"line":18,"column":0},"end":{"line":18,"column":8}},"19":{"start":{"line":20,"column":0},"end":{"line":20,"column":16}},"20":{"start":{"line":21,"column":0},"end":{"line":21,"column":37}},"21":{"start":{"line":22,"column":0},"end":{"line":22,"column":16}},"22":{"start":{"line":23,"column":0},"end":{"line":23,"column":12}},"25":{"start":{"line":26,"column":0},"end":{"line":26,"column":10}},"27":{"start":{"line":28,"column":0},"end":{"line":28,"column":2}},"29":{"start":{"line":30,"column":0},"end":{"line":30,"column":21}}},"s":{"0":1,"1":1,"3":1,"4":1556,"5":1556,"7":1556,"8":1276,"9":1276,"10":1276,"13":1556,"14":1556,"15":1556,"17":1556,"19":1556,"20":27,"21":27,"22":27,"25":1556,"27":1556,"29":1},"branchMap":{"0":{"type":"branch","line":4,"loc":{"start":{"line":4,"column":14},"end":{"line":28,"column":2}},"locations":[{"start":{"line":4,"column":14},"end":{"line":28,"column":2}}]},"1":{"type":"branch","line":8,"loc":{"start":{"line":8,"column":7},"end":{"line":11,"column":16}},"locations":[{"start":{"line":8,"column":7},"end":{"line":11,"column":16}}]},"2":{"type":"branch","line":16,"loc":{"start":{"line":16,"column":35},"end":{"line":16,"column":58}},"locations":[{"start":{"line":16,"column":35},"end":{"line":16,"column":58}}]},"3":{"type":"branch","line":16,"loc":{"start":{"line":16,"column":42},"end":{"line":16,"column":60}},"locations":[{"start":{"line":16,"column":42},"end":{"line":16,"column":60}}]},"4":{"type":"branch","line":16,"loc":{"start":{"line":16,"column":70},"end":{"line":16,"column":100}},"locations":[{"start":{"line":16,"column":70},"end":{"line":16,"column":100}}]},"5":{"type":"branch","line":16,"loc":{"start":{"line":16,"column":81},"end":{"line":16,"column":102}},"locations":[{"start":{"line":16,"column":81},"end":{"line":16,"column":102}}]},"6":{"type":"branch","line":20,"loc":{"start":{"line":20,"column":7},"end":{"line":23,"column":12}},"locations":[{"start":{"line":20,"column":7},"end":{"line":23,"column":12}}]}},"b":{"0":[1556],"1":[1276],"2":[27],"3":[1529],"4":[71],"5":[1485],"6":[27]},"fnMap":{"0":{"name":"Input","decl":{"start":{"line":4,"column":14},"end":{"line":28,"column":2}},"loc":{"start":{"line":4,"column":14},"end":{"line":28,"column":2}},"line":4}},"f":{"0":1556}}
,"C:\\Users\\Arthur Cezar\\Downloads\\parte9-fase5-checkout-cobertura99\\projeto-corrigido\\frontend-cliente\\src\\components\\LayoutPage\\LayoutPage.jsx": {"path":"C:\\Users\\Arthur Cezar\\Downloads\\parte9-fase5-checkout-cobertura99\\projeto-corrigido\\frontend-cliente\\src\\components\\LayoutPage\\LayoutPage.jsx","all":false,"statementMap":{"0":{"start":{"line":1,"column":0},"end":{"line":1,"column":26}},"1":{"start":{"line":2,"column":0},"end":{"line":2,"column":26}},"2":{"start":{"line":3,"column":0},"end":{"line":3,"column":38}},"3":{"start":{"line":4,"column":0},"end":{"line":4,"column":46}},"4":{"start":{"line":5,"column":0},"end":{"line":5,"column":61}},"5":{"start":{"line":6,"column":0},"end":{"line":6,"column":41}},"6":{"start":{"line":7,"column":0},"end":{"line":7,"column":56}},"7":{"start":{"line":8,"column":0},"end":{"line":8,"column":51}},"11":{"start":{"line":12,"column":0},"end":{"line":12,"column":52}},"12":{"start":{"line":13,"column":0},"end":{"line":13,"column":52}},"14":{"start":{"line":15,"column":0},"end":{"line":15,"column":26}},"15":{"start":{"line":16,"column":0},"end":{"line":16,"column":36}},"16":{"start":{"line":17,"column":0},"end":{"line":17,"column":35}},"18":{"start":{"line":19,"column":0},"end":{"line":19,"column":56}},"21":{"start":{"line":22,"column":0},"end":{"line":22,"column":35}},"22":{"start":{"line":23,"column":0},"end":{"line":23,"column":30}},"23":{"start":{"line":24,"column":0},"end":{"line":24,"column":21}},"24":{"start":{"line":25,"column":0},"end":{"line":25,"column":25}},"25":{"start":{"line":26,"column":0},"end":{"line":26,"column":16}},"26":{"start":{"line":27,"column":0},"end":{"line":27,"column":30}},"27":{"start":{"line":28,"column":0},"end":{"line":28,"column":9}},"29":{"start":{"line":30,"column":0},"end":{"line":30,"column":5}},"31":{"start":{"line":32,"column":0},"end":{"line":32,"column":12}},"32":{"start":{"line":33,"column":0},"end":{"line":33,"column":47}},"35":{"start":{"line":36,"column":0},"end":{"line":36,"column":48}},"38":{"start":{"line":39,"column":0},"end":{"line":39,"column":84}},"39":{"start":{"line":40,"column":0},"end":{"line":40,"column":49}},"40":{"start":{"line":41,"column":0},"end":{"line":41,"column":41}},"41":{"start":{"line":42,"column":0},"end":{"line":42,"column":22}},"44":{"start":{"line":45,"column":0},"end":{"line":45,"column":50}},"45":{"start":{"line":46,"column":0},"end":{"line":46,"column":60}},"46":{"start":{"line":47,"column":0},"end":{"line":47,"column":63}},"47":{"start":{"line":48,"column":0},"end":{"line":48,"column":57}},"48":{"start":{"line":49,"column":0},"end":{"line":49,"column":22}},"51":{"start":{"line":52,"column":0},"end":{"line":52,"column":58}},"52":{"start":{"line":53,"column":0},"end":{"line":53,"column":27}},"54":{"start":{"line":55,"column":0},"end":{"line":55,"column":49}},"55":{"start":{"line":56,"column":0},"end":{"line":56,"column":41}},"57":{"start":{"line":58,"column":0},"end":{"line":58,"column":48}},"58":{"start":{"line":59,"column":0},"end":{"line":59,"column":51}},"59":{"start":{"line":60,"column":0},"end":{"line":60,"column":38}},"60":{"start":{"line":61,"column":0},"end":{"line":61,"column":29}},"62":{"start":{"line":63,"column":0},"end":{"line":63,"column":114}},"63":{"start":{"line":64,"column":0},"end":{"line":64,"column":44}},"64":{"start":{"line":65,"column":0},"end":{"line":65,"column":29}},"65":{"start":{"line":66,"column":0},"end":{"line":66,"column":40}},"66":{"start":{"line":67,"column":0},"end":{"line":67,"column":100}},"67":{"start":{"line":68,"column":0},"end":{"line":68,"column":68}},"69":{"start":{"line":70,"column":0},"end":{"line":70,"column":34}},"70":{"start":{"line":71,"column":0},"end":{"line":71,"column":31}},"71":{"start":{"line":72,"column":0},"end":{"line":72,"column":29}},"72":{"start":{"line":73,"column":0},"end":{"line":73,"column":40}},"73":{"start":{"line":74,"column":0},"end":{"line":74,"column":73}},"74":{"start":{"line":75,"column":0},"end":{"line":75,"column":68}},"75":{"start":{"line":76,"column":0},"end":{"line":76,"column":48}},"76":{"start":{"line":77,"column":0},"end":{"line":77,"column":34}},"77":{"start":{"line":78,"column":0},"end":{"line":78,"column":31}},"78":{"start":{"line":79,"column":0},"end":{"line":79,"column":29}},"80":{"start":{"line":81,"column":0},"end":{"line":81,"column":22}},"81":{"start":{"line":82,"column":0},"end":{"line":82,"column":18}},"84":{"start":{"line":85,"column":0},"end":{"line":85,"column":49}},"85":{"start":{"line":86,"column":0},"end":{"line":86,"column":26}},"86":{"start":{"line":87,"column":0},"end":{"line":87,"column":18}},"89":{"start":{"line":90,"column":0},"end":{"line":90,"column":44}},"91":{"start":{"line":92,"column":0},"end":{"line":92,"column":47}},"92":{"start":{"line":93,"column":0},"end":{"line":93,"column":18}},"93":{"start":{"line":94,"column":0},"end":{"line":94,"column":14}},"95":{"start":{"line":96,"column":0},"end":{"line":96,"column":1}},"97":{"start":{"line":98,"column":0},"end":{"line":98,"column":26}}},"s":{"0":1,"1":1,"2":1,"3":1,"4":1,"5":1,"6":1,"7":1,"11":1,"12":1,"14":1,"15":11,"16":11,"18":11,"21":11,"22":2,"23":1,"24":1,"25":1,"26":1,"27":1,"29":2,"31":11,"32":11,"35":11,"38":11,"39":11,"40":11,"41":11,"44":11,"45":11,"46":11,"47":11,"48":11,"51":11,"52":11,"54":11,"55":11,"57":11,"58":3,"59":8,"60":11,"62":11,"63":11,"64":11,"65":11,"66":3,"67":3,"69":3,"70":3,"71":8,"72":11,"73":3,"74":3,"75":3,"76":3,"77":3,"78":8,"80":11,"81":11,"84":11,"85":11,"86":11,"89":11,"91":11,"92":11,"93":11,"95":11,"97":1},"branchMap":{"0":{"type":"branch","line":15,"loc":{"start":{"line":15,"column":19},"end":{"line":96,"column":1}},"locations":[{"start":{"line":15,"column":19},"end":{"line":96,"column":1}}]},"1":{"type":"branch","line":58,"loc":{"start":{"line":58,"column":25},"end":{"line":58,"column":48}},"locations":[{"start":{"line":58,"column":25},"end":{"line":58,"column":48}}]},"2":{"type":"branch","line":58,"loc":{"start":{"line":58,"column":44},"end":{"line":59,"column":51}},"locations":[{"start":{"line":58,"column":44},"end":{"line":59,"column":51}}]},"3":{"type":"branch","line":59,"loc":{"start":{"line":59,"column":48},"end":{"line":60,"column":38}},"locations":[{"start":{"line":59,"column":48},"end":{"line":60,"column":38}}]},"4":{"type":"branch","line":66,"loc":{"start":{"line":66,"column":21},"end":{"line":71,"column":31}},"locations":[{"start":{"line":66,"column":21},"end":{"line":71,"column":31}}]},"5":{"type":"branch","line":71,"loc":{"start":{"line":71,"column":24},"end":{"line":72,"column":29}},"locations":[{"start":{"line":71,"column":24},"end":{"line":72,"column":29}}]},"6":{"type":"branch","line":73,"loc":{"start":{"line":73,"column":21},"end":{"line":78,"column":31}},"locations":[{"start":{"line":73,"column":21},"end":{"line":78,"column":31}}]},"7":{"type":"branch","line":78,"loc":{"start":{"line":78,"column":24},"end":{"line":79,"column":29}},"locations":[{"start":{"line":78,"column":24},"end":{"line":79,"column":29}}]},"8":{"type":"branch","line":22,"loc":{"start":{"line":22,"column":28},"end":{"line":30,"column":5}},"locations":[{"start":{"line":22,"column":28},"end":{"line":30,"column":5}}]},"9":{"type":"branch","line":23,"loc":{"start":{"line":23,"column":29},"end":{"line":28,"column":9}},"locations":[{"start":{"line":23,"column":29},"end":{"line":28,"column":9}}]},"10":{"type":"branch","line":39,"loc":{"start":{"line":39,"column":59},"end":{"line":39,"column":84}},"locations":[{"start":{"line":39,"column":59},"end":{"line":39,"column":84}}]},"11":{"type":"branch","line":63,"loc":{"start":{"line":63,"column":65},"end":{"line":63,"column":94}},"locations":[{"start":{"line":63,"column":65},"end":{"line":63,"column":94}}]}},"b":{"0":[11],"1":[3],"2":[3],"3":[8],"4":[3],"5":[8],"6":[3],"7":[8],"8":[2],"9":[1],"10":[1],"11":[1]},"fnMap":{"0":{"name":"LayoutPage","decl":{"start":{"line":15,"column":19},"end":{"line":96,"column":1}},"loc":{"start":{"line":15,"column":19},"end":{"line":96,"column":1}},"line":15},"1":{"name":"handleUserClick","decl":{"start":{"line":22,"column":28},"end":{"line":30,"column":5}},"loc":{"start":{"line":22,"column":28},"end":{"line":30,"column":5}},"line":22},"2":{"name":"onClick","decl":{"start":{"line":39,"column":59},"end":{"line":39,"column":84}},"loc":{"start":{"line":39,"column":59},"end":{"line":39,"column":84}},"line":39},"3":{"name":"onClick","decl":{"start":{"line":63,"column":65},"end":{"line":63,"column":94}},"loc":{"start":{"line":63,"column":65},"end":{"line":63,"column":94}},"line":63}},"f":{"0":11,"1":2,"2":1,"3":1}}
,"C:\\Users\\Arthur Cezar\\Downloads\\parte9-fase5-checkout-cobertura99\\projeto-corrigido\\frontend-cliente\\src\\components\\LayoutStripes\\LayoutStripes.jsx": {"path":"C:\\Users\\Arthur Cezar\\Downloads\\parte9-fase5-checkout-cobertura99\\projeto-corrigido\\frontend-cliente\\src\\components\\LayoutStripes\\LayoutStripes.jsx","all":false,"statementMap":{"0":{"start":{"line":1,"column":0},"end":{"line":1,"column":26}},"1":{"start":{"line":2,"column":0},"end":{"line":2,"column":29}},"2":{"start":{"line":3,"column":0},"end":{"line":3,"column":57}},"4":{"start":{"line":5,"column":0},"end":{"line":5,"column":55}},"5":{"start":{"line":6,"column":0},"end":{"line":6,"column":10}},"6":{"start":{"line":7,"column":0},"end":{"line":7,"column":51}},"8":{"start":{"line":9,"column":0},"end":{"line":9,"column":51}},"9":{"start":{"line":10,"column":0},"end":{"line":10,"column":19}},"10":{"start":{"line":11,"column":0},"end":{"line":11,"column":72}},"13":{"start":{"line":14,"column":0},"end":{"line":14,"column":68}},"16":{"start":{"line":17,"column":0},"end":{"line":17,"column":18}},"17":{"start":{"line":18,"column":0},"end":{"line":18,"column":12}},"19":{"start":{"line":20,"column":0},"end":{"line":20,"column":46}},"20":{"start":{"line":21,"column":0},"end":{"line":21,"column":39}},"21":{"start":{"line":22,"column":0},"end":{"line":22,"column":12}},"22":{"start":{"line":23,"column":0},"end":{"line":23,"column":10}},"24":{"start":{"line":25,"column":0},"end":{"line":25,"column":2}},"26":{"start":{"line":27,"column":0},"end":{"line":27,"column":29}}},"s":{"0":1,"1":1,"2":1,"4":1,"5":141,"6":141,"8":141,"9":141,"10":140,"13":141,"16":141,"17":141,"19":141,"20":141,"21":141,"22":141,"24":141,"26":1},"branchMap":{"0":{"type":"branch","line":5,"loc":{"start":{"line":5,"column":22},"end":{"line":25,"column":2}},"locations":[{"start":{"line":5,"column":22},"end":{"line":25,"column":2}}]},"1":{"type":"branch","line":10,"loc":{"start":{"line":10,"column":9},"end":{"line":11,"column":72}},"locations":[{"start":{"line":10,"column":9},"end":{"line":11,"column":72}}]},"2":{"type":"branch","line":14,"loc":{"start":{"line":14,"column":9},"end":{"line":14,"column":68}},"locations":[{"start":{"line":14,"column":9},"end":{"line":14,"column":68}}]}},"b":{"0":[141],"1":[140],"2":[140]},"fnMap":{"0":{"name":"LayoutStripes","decl":{"start":{"line":5,"column":22},"end":{"line":25,"column":2}},"loc":{"start":{"line":5,"column":22},"end":{"line":25,"column":2}},"line":5}},"f":{"0":141}}
,"C:\\Users\\Arthur Cezar\\Downloads\\parte9-fase5-checkout-cobertura99\\projeto-corrigido\\frontend-cliente\\src\\components\\Loading\\Loading.jsx": {"path":"C:\\Users\\Arthur Cezar\\Downloads\\parte9-fase5-checkout-cobertura99\\projeto-corrigido\\frontend-cliente\\src\\components\\Loading\\Loading.jsx","all":false,"statementMap":{"0":{"start":{"line":1,"column":0},"end":{"line":1,"column":26}},"1":{"start":{"line":2,"column":0},"end":{"line":2,"column":23}},"3":{"start":{"line":4,"column":0},"end":{"line":4,"column":67}},"4":{"start":{"line":5,"column":0},"end":{"line":5,"column":12}},"5":{"start":{"line":6,"column":0},"end":{"line":6,"column":43}},"6":{"start":{"line":7,"column":0},"end":{"line":7,"column":43}},"7":{"start":{"line":8,"column":0},"end":{"line":8,"column":31}},"8":{"start":{"line":9,"column":0},"end":{"line":9,"column":70}},"9":{"start":{"line":10,"column":0},"end":{"line":10,"column":14}},"11":{"start":{"line":12,"column":0},"end":{"line":12,"column":2}},"13":{"start":{"line":14,"column":0},"end":{"line":14,"column":23}}},"s":{"0":1,"1":1,"3":1,"4":35,"5":35,"6":35,"7":35,"8":35,"9":35,"11":35,"13":1},"branchMap":{"0":{"type":"branch","line":4,"loc":{"start":{"line":4,"column":16},"end":{"line":12,"column":2}},"locations":[{"start":{"line":4,"column":16},"end":{"line":12,"column":2}}]}},"b":{"0":[35]},"fnMap":{"0":{"name":"Loading","decl":{"start":{"line":4,"column":16},"end":{"line":12,"column":2}},"loc":{"start":{"line":4,"column":16},"end":{"line":12,"column":2}},"line":4}},"f":{"0":35}}
,"C:\\Users\\Arthur Cezar\\Downloads\\parte9-fase5-checkout-cobertura99\\projeto-corrigido\\frontend-cliente\\src\\components\\MainScrollContainer\\MainScrollContainer.jsx": {"path":"C:\\Users\\Arthur Cezar\\Downloads\\parte9-fase5-checkout-cobertura99\\projeto-corrigido\\frontend-cliente\\src\\components\\MainScrollContainer\\MainScrollContainer.jsx","all":false,"statementMap":{"0":{"start":{"line":1,"column":0},"end":{"line":1,"column":26}},"1":{"start":{"line":2,"column":0},"end":{"line":2,"column":35}},"3":{"start":{"line":4,"column":0},"end":{"line":4,"column":65}},"4":{"start":{"line":5,"column":0},"end":{"line":5,"column":10}},"5":{"start":{"line":6,"column":0},"end":{"line":6,"column":61}},"6":{"start":{"line":7,"column":0},"end":{"line":7,"column":43}},"7":{"start":{"line":8,"column":0},"end":{"line":8,"column":18}},"8":{"start":{"line":9,"column":0},"end":{"line":9,"column":12}},"9":{"start":{"line":10,"column":0},"end":{"line":10,"column":10}},"11":{"start":{"line":12,"column":0},"end":{"line":12,"column":2}},"13":{"start":{"line":14,"column":0},"end":{"line":14,"column":35}}},"s":{"0":1,"1":1,"3":1,"4":222,"5":222,"6":222,"7":222,"8":222,"9":222,"11":222,"13":1},"branchMap":{"0":{"type":"branch","line":4,"loc":{"start":{"line":4,"column":28},"end":{"line":12,"column":2}},"locations":[{"start":{"line":4,"column":28},"end":{"line":12,"column":2}}]}},"b":{"0":[222]},"fnMap":{"0":{"name":"MainScrollContainer","decl":{"start":{"line":4,"column":28},"end":{"line":12,"column":2}},"loc":{"start":{"line":4,"column":28},"end":{"line":12,"column":2}},"line":4}},"f":{"0":222}}
,"C:\\Users\\Arthur Cezar\\Downloads\\parte9-fase5-checkout-cobertura99\\projeto-corrigido\\frontend-cliente\\src\\components\\PrivateRoute\\PrivateRoute.jsx": {"path":"C:\\Users\\Arthur Cezar\\Downloads\\parte9-fase5-checkout-cobertura99\\projeto-corrigido\\frontend-cliente\\src\\components\\PrivateRoute\\PrivateRoute.jsx","all":false,"statementMap":{"1":{"start":{"line":2,"column":0},"end":{"line":2,"column":57}},"2":{"start":{"line":3,"column":0},"end":{"line":3,"column":52}},"5":{"start":{"line":6,"column":0},"end":{"line":6,"column":37}},"6":{"start":{"line":7,"column":0},"end":{"line":7,"column":41}},"7":{"start":{"line":8,"column":0},"end":{"line":8,"column":36}},"10":{"start":{"line":11,"column":0},"end":{"line":11,"column":26}},"11":{"start":{"line":12,"column":0},"end":{"line":12,"column":83}},"12":{"start":{"line":13,"column":0},"end":{"line":13,"column":7}},"13":{"start":{"line":14,"column":0},"end":{"line":14,"column":21}},"14":{"start":{"line":15,"column":0},"end":{"line":15,"column":1}},"16":{"start":{"line":17,"column":0},"end":{"line":17,"column":27}}},"s":{"1":1,"2":1,"5":1,"6":5,"7":5,"10":5,"11":3,"12":3,"13":2,"14":2,"16":1},"branchMap":{"0":{"type":"branch","line":6,"loc":{"start":{"line":6,"column":21},"end":{"line":15,"column":1}},"locations":[{"start":{"line":6,"column":21},"end":{"line":15,"column":1}}]},"1":{"type":"branch","line":11,"loc":{"start":{"line":11,"column":25},"end":{"line":15,"column":1}},"locations":[{"start":{"line":11,"column":25},"end":{"line":15,"column":1}}]},"2":{"type":"branch","line":11,"loc":{"start":{"line":11,"column":25},"end":{"line":13,"column":7}},"locations":[{"start":{"line":11,"column":25},"end":{"line":13,"column":7}}]},"3":{"type":"branch","line":13,"loc":{"start":{"line":13,"column":5},"end":{"line":15,"column":1}},"locations":[{"start":{"line":13,"column":5},"end":{"line":15,"column":1}}]}},"b":{"0":[5],"1":[4],"2":[3],"3":[2]},"fnMap":{"0":{"name":"PrivateRoute","decl":{"start":{"line":6,"column":21},"end":{"line":15,"column":1}},"loc":{"start":{"line":6,"column":21},"end":{"line":15,"column":1}},"line":6}},"f":{"0":5}}
,"C:\\Users\\Arthur Cezar\\Downloads\\parte9-fase5-checkout-cobertura99\\projeto-corrigido\\frontend-cliente\\src\\components\\ProductCard\\ProductCard.jsx": {"path":"C:\\Users\\Arthur Cezar\\Downloads\\parte9-fase5-checkout-cobertura99\\projeto-corrigido\\frontend-cliente\\src\\components\\ProductCard\\ProductCard.jsx","all":false,"statementMap":{"0":{"start":{"line":1,"column":0},"end":{"line":1,"column":27}},"1":{"start":{"line":2,"column":0},"end":{"line":2,"column":40}},"3":{"start":{"line":4,"column":0},"end":{"line":4,"column":47}},"5":{"start":{"line":6,"column":0},"end":{"line":6,"column":70}},"7":{"start":{"line":8,"column":0},"end":{"line":8,"column":33}},"9":{"start":{"line":10,"column":0},"end":{"line":10,"column":10}},"10":{"start":{"line":11,"column":0},"end":{"line":11,"column":77}},"12":{"start":{"line":13,"column":0},"end":{"line":13,"column":39}},"13":{"start":{"line":14,"column":0},"end":{"line":14,"column":38}},"14":{"start":{"line":15,"column":0},"end":{"line":15,"column":12}},"16":{"start":{"line":17,"column":0},"end":{"line":17,"column":38}},"18":{"start":{"line":19,"column":0},"end":{"line":19,"column":37}},"19":{"start":{"line":20,"column":0},"end":{"line":20,"column":54}},"21":{"start":{"line":22,"column":0},"end":{"line":22,"column":58}},"22":{"start":{"line":23,"column":0},"end":{"line":23,"column":31}},"23":{"start":{"line":24,"column":0},"end":{"line":24,"column":32}},"24":{"start":{"line":25,"column":0},"end":{"line":25,"column":29}},"25":{"start":{"line":26,"column":0},"end":{"line":26,"column":12}},"27":{"start":{"line":28,"column":0},"end":{"line":28,"column":22}},"28":{"start":{"line":29,"column":0},"end":{"line":29,"column":19}},"29":{"start":{"line":30,"column":0},"end":{"line":30,"column":14}},"31":{"start":{"line":32,"column":0},"end":{"line":32,"column":13}},"32":{"start":{"line":33,"column":0},"end":{"line":33,"column":24}},"33":{"start":{"line":34,"column":0},"end":{"line":34,"column":40}},"34":{"start":{"line":35,"column":0},"end":{"line":35,"column":56}},"35":{"start":{"line":36,"column":0},"end":{"line":36,"column":19}},"37":{"start":{"line":38,"column":0},"end":{"line":38,"column":42}},"38":{"start":{"line":39,"column":0},"end":{"line":39,"column":48}},"39":{"start":{"line":40,"column":0},"end":{"line":40,"column":17}},"41":{"start":{"line":42,"column":0},"end":{"line":42,"column":14}},"45":{"start":{"line":46,"column":0},"end":{"line":46,"column":12}},"47":{"start":{"line":48,"column":0},"end":{"line":48,"column":10}},"49":{"start":{"line":50,"column":0},"end":{"line":50,"column":1}},"50":{"start":{"line":51,"column":0},"end":{"line":51,"column":26}}},"s":{"0":1,"1":1,"3":1,"5":1,"7":12,"9":12,"10":12,"12":12,"13":12,"14":12,"16":12,"18":12,"19":12,"21":12,"22":2,"23":2,"24":2,"25":2,"27":12,"28":12,"29":12,"31":12,"32":12,"33":1,"34":1,"35":1,"37":12,"38":12,"39":12,"41":12,"45":12,"47":12,"49":12,"50":1},"branchMap":{"0":{"type":"branch","line":6,"loc":{"start":{"line":6,"column":20},"end":{"line":50,"column":1}},"locations":[{"start":{"line":6,"column":20},"end":{"line":50,"column":1}}]},"1":{"type":"branch","line":33,"loc":{"start":{"line":33,"column":11},"end":{"line":36,"column":19}},"locations":[{"start":{"line":33,"column":11},"end":{"line":36,"column":19}}]},"2":{"type":"branch","line":11,"loc":{"start":{"line":11,"column":43},"end":{"line":11,"column":77}},"locations":[{"start":{"line":11,"column":43},"end":{"line":11,"column":77}}]},"3":{"type":"branch","line":22,"loc":{"start":{"line":22,"column":50},"end":{"line":26,"column":12}},"locations":[{"start":{"line":22,"column":50},"end":{"line":26,"column":12}}]},"4":{"type":"branch","line":25,"loc":{"start":{"line":25,"column":12},"end":{"line":25,"column":29}},"locations":[{"start":{"line":25,"column":12},"end":{"line":25,"column":29}}]}},"b":{"0":[12],"1":[1],"2":[1],"3":[2],"4":[1]},"fnMap":{"0":{"name":"ProductCard","decl":{"start":{"line":6,"column":20},"end":{"line":50,"column":1}},"loc":{"start":{"line":6,"column":20},"end":{"line":50,"column":1}},"line":6},"1":{"name":"onClick","decl":{"start":{"line":11,"column":43},"end":{"line":11,"column":77}},"loc":{"start":{"line":11,"column":43},"end":{"line":11,"column":77}},"line":11},"2":{"name":"onClick","decl":{"start":{"line":22,"column":50},"end":{"line":26,"column":12}},"loc":{"start":{"line":22,"column":50},"end":{"line":26,"column":12}},"line":22}},"f":{"0":12,"1":1,"2":2}}
,"C:\\Users\\Arthur Cezar\\Downloads\\parte9-fase5-checkout-cobertura99\\projeto-corrigido\\frontend-cliente\\src\\components\\QuantityControl\\QuantityControl.jsx": {"path":"C:\\Users\\Arthur Cezar\\Downloads\\parte9-fase5-checkout-cobertura99\\projeto-corrigido\\frontend-cliente\\src\\components\\QuantityControl\\QuantityControl.jsx","all":false,"statementMap":{"2":{"start":{"line":3,"column":0},"end":{"line":3,"column":63}},"3":{"start":{"line":4,"column":0},"end":{"line":4,"column":28}},"4":{"start":{"line":5,"column":0},"end":{"line":5,"column":45}},"5":{"start":{"line":6,"column":0},"end":{"line":6,"column":5}},"6":{"start":{"line":7,"column":0},"end":{"line":7,"column":27}},"7":{"start":{"line":8,"column":0},"end":{"line":8,"column":44}},"8":{"start":{"line":9,"column":0},"end":{"line":9,"column":5}},"10":{"start":{"line":11,"column":0},"end":{"line":11,"column":12}},"11":{"start":{"line":12,"column":0},"end":{"line":12,"column":42}},"12":{"start":{"line":13,"column":0},"end":{"line":13,"column":74}},"13":{"start":{"line":14,"column":0},"end":{"line":14,"column":32}},"14":{"start":{"line":15,"column":0},"end":{"line":15,"column":74}},"15":{"start":{"line":16,"column":0},"end":{"line":16,"column":14}},"17":{"start":{"line":18,"column":0},"end":{"line":18,"column":1}},"19":{"start":{"line":20,"column":0},"end":{"line":20,"column":31}}},"s":{"2":10,"3":10,"4":1,"5":1,"6":10,"7":2,"8":2,"10":10,"11":10,"12":10,"13":10,"14":10,"15":10,"17":10,"19":1},"branchMap":{"0":{"type":"branch","line":3,"loc":{"start":{"line":3,"column":0},"end":{"line":18,"column":1}},"locations":[{"start":{"line":3,"column":0},"end":{"line":18,"column":1}}]},"1":{"type":"branch","line":4,"loc":{"start":{"line":4,"column":21},"end":{"line":6,"column":5}},"locations":[{"start":{"line":4,"column":21},"end":{"line":6,"column":5}}]},"2":{"type":"branch","line":7,"loc":{"start":{"line":7,"column":21},"end":{"line":9,"column":5}},"locations":[{"start":{"line":7,"column":21},"end":{"line":9,"column":5}}]}},"b":{"0":[10],"1":[1],"2":[2]},"fnMap":{"0":{"name":"QuantityControl","decl":{"start":{"line":3,"column":0},"end":{"line":18,"column":1}},"loc":{"start":{"line":3,"column":0},"end":{"line":18,"column":1}},"line":3},"1":{"name":"decrease","decl":{"start":{"line":4,"column":21},"end":{"line":6,"column":5}},"loc":{"start":{"line":4,"column":21},"end":{"line":6,"column":5}},"line":4},"2":{"name":"increase","decl":{"start":{"line":7,"column":21},"end":{"line":9,"column":5}},"loc":{"start":{"line":7,"column":21},"end":{"line":9,"column":5}},"line":7}},"f":{"0":10,"1":1,"2":2}}
,"C:\\Users\\Arthur Cezar\\Downloads\\parte9-fase5-checkout-cobertura99\\projeto-corrigido\\frontend-cliente\\src\\components\\ScrollContainer\\ScrollContainer.jsx": {"path":"C:\\Users\\Arthur Cezar\\Downloads\\parte9-fase5-checkout-cobertura99\\projeto-corrigido\\frontend-cliente\\src\\components\\ScrollContainer\\ScrollContainer.jsx","all":false,"statementMap":{"0":{"start":{"line":1,"column":0},"end":{"line":1,"column":41}},"1":{"start":{"line":2,"column":0},"end":{"line":2,"column":31}},"3":{"start":{"line":4,"column":0},"end":{"line":4,"column":43}},"4":{"start":{"line":5,"column":0},"end":{"line":5,"column":33}},"5":{"start":{"line":6,"column":0},"end":{"line":6,"column":54}},"6":{"start":{"line":7,"column":0},"end":{"line":7,"column":42}},"7":{"start":{"line":8,"column":0},"end":{"line":8,"column":50}},"9":{"start":{"line":10,"column":0},"end":{"line":10,"column":32}},"10":{"start":{"line":11,"column":0},"end":{"line":11,"column":24}},"12":{"start":{"line":13,"column":0},"end":{"line":13,"column":54}},"13":{"start":{"line":14,"column":0},"end":{"line":14,"column":48}},"14":{"start":{"line":15,"column":0},"end":{"line":15,"column":4}},"16":{"start":{"line":17,"column":0},"end":{"line":17,"column":30}},"17":{"start":{"line":18,"column":0},"end":{"line":18,"column":25}},"18":{"start":{"line":19,"column":0},"end":{"line":19,"column":4}},"20":{"start":{"line":21,"column":0},"end":{"line":21,"column":30}},"21":{"start":{"line":22,"column":0},"end":{"line":22,"column":28}},"22":{"start":{"line":23,"column":0},"end":{"line":23,"column":63}},"24":{"start":{"line":25,"column":0},"end":{"line":25,"column":53}},"26":{"start":{"line":27,"column":0},"end":{"line":27,"column":35}},"27":{"start":{"line":28,"column":0},"end":{"line":28,"column":53}},"28":{"start":{"line":29,"column":0},"end":{"line":29,"column":4}},"30":{"start":{"line":31,"column":0},"end":{"line":31,"column":10}},"31":{"start":{"line":32,"column":0},"end":{"line":32,"column":9}},"32":{"start":{"line":33,"column":0},"end":{"line":33,"column":64}},"33":{"start":{"line":34,"column":0},"end":{"line":34,"column":21}},"34":{"start":{"line":35,"column":0},"end":{"line":35,"column":33}},"35":{"start":{"line":36,"column":0},"end":{"line":36,"column":33}},"36":{"start":{"line":37,"column":0},"end":{"line":37,"column":30}},"37":{"start":{"line":38,"column":0},"end":{"line":38,"column":31}},"39":{"start":{"line":40,"column":0},"end":{"line":40,"column":16}},"40":{"start":{"line":41,"column":0},"end":{"line":41,"column":10}},"42":{"start":{"line":43,"column":0},"end":{"line":43,"column":2}},"44":{"start":{"line":45,"column":0},"end":{"line":45,"column":31}}},"s":{"0":1,"1":1,"3":1,"4":23,"5":23,"6":23,"7":23,"9":23,"10":2,"12":2,"13":2,"14":2,"16":23,"17":2,"18":2,"20":23,"21":2,"22":1,"24":1,"26":1,"27":1,"28":2,"30":23,"31":23,"32":23,"33":23,"34":23,"35":23,"36":23,"37":23,"39":23,"40":23,"42":23,"44":1},"branchMap":{"0":{"type":"branch","line":4,"loc":{"start":{"line":4,"column":24},"end":{"line":43,"column":2}},"locations":[{"start":{"line":4,"column":24},"end":{"line":43,"column":2}}]},"1":{"type":"branch","line":33,"loc":{"start":{"line":33,"column":35},"end":{"line":33,"column":59}},"locations":[{"start":{"line":33,"column":35},"end":{"line":33,"column":59}}]},"2":{"type":"branch","line":33,"loc":{"start":{"line":33,"column":48},"end":{"line":33,"column":61}},"locations":[{"start":{"line":33,"column":48},"end":{"line":33,"column":61}}]},"3":{"type":"branch","line":10,"loc":{"start":{"line":10,"column":24},"end":{"line":15,"column":4}},"locations":[{"start":{"line":10,"column":24},"end":{"line":15,"column":4}}]},"4":{"type":"branch","line":17,"loc":{"start":{"line":17,"column":23},"end":{"line":19,"column":4}},"locations":[{"start":{"line":17,"column":23},"end":{"line":19,"column":4}}]},"5":{"type":"branch","line":21,"loc":{"start":{"line":21,"column":22},"end":{"line":29,"column":4}},"locations":[{"start":{"line":21,"column":22},"end":{"line":29,"column":4}}]},"6":{"type":"branch","line":22,"loc":{"start":{"line":22,"column":21},"end":{"line":28,"column":53}},"locations":[{"start":{"line":22,"column":21},"end":{"line":28,"column":53}}]}},"b":{"0":[23],"1":[2],"2":[21],"3":[2],"4":[2],"5":[2],"6":[1]},"fnMap":{"0":{"name":"ScrollContainer","decl":{"start":{"line":4,"column":24},"end":{"line":43,"column":2}},"loc":{"start":{"line":4,"column":24},"end":{"line":43,"column":2}},"line":4},"1":{"name":"startDragging","decl":{"start":{"line":10,"column":24},"end":{"line":15,"column":4}},"loc":{"start":{"line":10,"column":24},"end":{"line":15,"column":4}},"line":10},"2":{"name":"stopDragging","decl":{"start":{"line":17,"column":23},"end":{"line":19,"column":4}},"loc":{"start":{"line":17,"column":23},"end":{"line":19,"column":4}},"line":17},"3":{"name":"onMouseMove","decl":{"start":{"line":21,"column":22},"end":{"line":29,"column":4}},"loc":{"start":{"line":21,"column":22},"end":{"line":29,"column":4}},"line":21}},"f":{"0":23,"1":2,"2":2,"3":2}}
,"C:\\Users\\Arthur Cezar\\Downloads\\parte9-fase5-checkout-cobertura99\\projeto-corrigido\\frontend-cliente\\src\\context\\AuthContext.jsx": {"path":"C:\\Users\\Arthur Cezar\\Downloads\\parte9-fase5-checkout-cobertura99\\projeto-corrigido\\frontend-cliente\\src\\context\\AuthContext.jsx","all":false,"statementMap":{"0":{"start":{"line":1,"column":0},"end":{"line":1,"column":8}},"8":{"start":{"line":9,"column":0},"end":{"line":9,"column":38}},"27":{"start":{"line":28,"column":0},"end":{"line":28,"column":40}},"31":{"start":{"line":32,"column":0},"end":{"line":32,"column":47}},"32":{"start":{"line":33,"column":0},"end":{"line":33,"column":41}},"33":{"start":{"line":34,"column":0},"end":{"line":34,"column":47}},"36":{"start":{"line":37,"column":0},"end":{"line":37,"column":19}},"37":{"start":{"line":38,"column":0},"end":{"line":38,"column":9}},"38":{"start":{"line":39,"column":0},"end":{"line":39,"column":50}},"39":{"start":{"line":40,"column":0},"end":{"line":40,"column":46}},"40":{"start":{"line":41,"column":0},"end":{"line":41,"column":13}},"41":{"start":{"line":42,"column":0},"end":{"line":42,"column":65}},"42":{"start":{"line":43,"column":0},"end":{"line":43,"column":15}},"43":{"start":{"line":44,"column":0},"end":{"line":44,"column":24}},"44":{"start":{"line":45,"column":0},"end":{"line":45,"column":5}},"45":{"start":{"line":46,"column":0},"end":{"line":46,"column":9}},"49":{"start":{"line":50,"column":0},"end":{"line":50,"column":50}},"50":{"start":{"line":51,"column":0},"end":{"line":51,"column":22}},"51":{"start":{"line":52,"column":0},"end":{"line":52,"column":24}},"52":{"start":{"line":53,"column":0},"end":{"line":53,"column":24}},"53":{"start":{"line":54,"column":0},"end":{"line":54,"column":22}},"54":{"start":{"line":55,"column":0},"end":{"line":55,"column":24}},"55":{"start":{"line":56,"column":0},"end":{"line":56,"column":6}},"56":{"start":{"line":57,"column":0},"end":{"line":57,"column":22}},"57":{"start":{"line":58,"column":0},"end":{"line":58,"column":59}},"58":{"start":{"line":59,"column":0},"end":{"line":59,"column":20}},"59":{"start":{"line":60,"column":0},"end":{"line":60,"column":9}},"63":{"start":{"line":64,"column":0},"end":{"line":64,"column":53}},"64":{"start":{"line":65,"column":0},"end":{"line":65,"column":9}},"65":{"start":{"line":66,"column":0},"end":{"line":66,"column":50}},"66":{"start":{"line":67,"column":0},"end":{"line":67,"column":23}},"67":{"start":{"line":68,"column":0},"end":{"line":68,"column":47}},"68":{"start":{"line":69,"column":0},"end":{"line":69,"column":9}},"69":{"start":{"line":70,"column":0},"end":{"line":70,"column":29}},"70":{"start":{"line":71,"column":0},"end":{"line":71,"column":31}},"71":{"start":{"line":72,"column":0},"end":{"line":72,"column":19}},"72":{"start":{"line":73,"column":0},"end":{"line":73,"column":86}},"73":{"start":{"line":74,"column":0},"end":{"line":74,"column":5}},"74":{"start":{"line":75,"column":0},"end":{"line":75,"column":25}},"76":{"start":{"line":77,"column":0},"end":{"line":77,"column":51}},"77":{"start":{"line":78,"column":0},"end":{"line":78,"column":9}},"78":{"start":{"line":79,"column":0},"end":{"line":79,"column":53}},"79":{"start":{"line":80,"column":0},"end":{"line":80,"column":23}},"80":{"start":{"line":81,"column":0},"end":{"line":81,"column":30}},"81":{"start":{"line":82,"column":0},"end":{"line":82,"column":29}},"82":{"start":{"line":83,"column":0},"end":{"line":83,"column":39}},"83":{"start":{"line":84,"column":0},"end":{"line":84,"column":31}},"84":{"start":{"line":85,"column":0},"end":{"line":85,"column":27}},"85":{"start":{"line":86,"column":0},"end":{"line":86,"column":37}},"86":{"start":{"line":87,"column":0},"end":{"line":87,"column":49}},"87":{"start":{"line":88,"column":0},"end":{"line":88,"column":31}},"88":{"start":{"line":89,"column":0},"end":{"line":89,"column":51}},"89":{"start":{"line":90,"column":0},"end":{"line":90,"column":11}},"90":{"start":{"line":91,"column":0},"end":{"line":91,"column":9}},"91":{"start":{"line":92,"column":0},"end":{"line":92,"column":29}},"92":{"start":{"line":93,"column":0},"end":{"line":93,"column":31}},"93":{"start":{"line":94,"column":0},"end":{"line":94,"column":19}},"94":{"start":{"line":95,"column":0},"end":{"line":95,"column":78}},"95":{"start":{"line":96,"column":0},"end":{"line":96,"column":5}},"96":{"start":{"line":97,"column":0},"end":{"line":97,"column":25}},"98":{"start":{"line":99,"column":0},"end":{"line":99,"column":36}},"99":{"start":{"line":100,"column":0},"end":{"line":100,"column":18}},"100":{"start":{"line":101,"column":0},"end":{"line":101,"column":36}},"101":{"start":{"line":102,"column":0},"end":{"line":102,"column":9}},"105":{"start":{"line":106,"column":0},"end":{"line":106,"column":57}},"106":{"start":{"line":107,"column":0},"end":{"line":107,"column":9}},"107":{"start":{"line":108,"column":0},"end":{"line":108,"column":55}},"108":{"start":{"line":109,"column":0},"end":{"line":109,"column":22}},"109":{"start":{"line":110,"column":0},"end":{"line":110,"column":30}},"110":{"start":{"line":111,"column":0},"end":{"line":111,"column":33}},"111":{"start":{"line":112,"column":0},"end":{"line":112,"column":35}},"112":{"start":{"line":113,"column":0},"end":{"line":113,"column":53}},"113":{"start":{"line":114,"column":0},"end":{"line":114,"column":51}},"114":{"start":{"line":115,"column":0},"end":{"line":115,"column":11}},"115":{"start":{"line":116,"column":0},"end":{"line":116,"column":9}},"116":{"start":{"line":117,"column":0},"end":{"line":117,"column":74}},"117":{"start":{"line":118,"column":0},"end":{"line":118,"column":27}},"118":{"start":{"line":119,"column":0},"end":{"line":119,"column":64}},"119":{"start":{"line":120,"column":0},"end":{"line":120,"column":74}},"120":{"start":{"line":121,"column":0},"end":{"line":121,"column":19}},"121":{"start":{"line":122,"column":0},"end":{"line":122,"column":85}},"122":{"start":{"line":123,"column":0},"end":{"line":123,"column":5}},"123":{"start":{"line":124,"column":0},"end":{"line":124,"column":13}},"125":{"start":{"line":126,"column":0},"end":{"line":126,"column":46}},"126":{"start":{"line":127,"column":0},"end":{"line":127,"column":9}},"127":{"start":{"line":128,"column":0},"end":{"line":128,"column":63}},"128":{"start":{"line":129,"column":0},"end":{"line":129,"column":13}},"130":{"start":{"line":131,"column":0},"end":{"line":131,"column":5}},"131":{"start":{"line":132,"column":0},"end":{"line":132,"column":18}},"132":{"start":{"line":133,"column":0},"end":{"line":133,"column":36}},"133":{"start":{"line":134,"column":0},"end":{"line":134,"column":9}},"137":{"start":{"line":138,"column":0},"end":{"line":138,"column":61}},"138":{"start":{"line":139,"column":0},"end":{"line":139,"column":9}},"139":{"start":{"line":140,"column":0},"end":{"line":140,"column":60}},"140":{"start":{"line":141,"column":0},"end":{"line":141,"column":23}},"141":{"start":{"line":142,"column":0},"end":{"line":142,"column":40}},"142":{"start":{"line":143,"column":0},"end":{"line":143,"column":9}},"144":{"start":{"line":145,"column":0},"end":{"line":145,"column":51}},"145":{"start":{"line":146,"column":0},"end":{"line":146,"column":19}},"146":{"start":{"line":147,"column":0},"end":{"line":147,"column":90}},"147":{"start":{"line":148,"column":0},"end":{"line":148,"column":5}},"148":{"start":{"line":149,"column":0},"end":{"line":149,"column":9}},"150":{"start":{"line":151,"column":0},"end":{"line":151,"column":66}},"151":{"start":{"line":152,"column":0},"end":{"line":152,"column":9}},"152":{"start":{"line":153,"column":0},"end":{"line":153,"column":47}},"153":{"start":{"line":154,"column":0},"end":{"line":154,"column":23}},"154":{"start":{"line":155,"column":0},"end":{"line":155,"column":51}},"155":{"start":{"line":156,"column":0},"end":{"line":156,"column":9}},"156":{"start":{"line":157,"column":0},"end":{"line":157,"column":31}},"157":{"start":{"line":158,"column":0},"end":{"line":158,"column":19}},"158":{"start":{"line":159,"column":0},"end":{"line":159,"column":87}},"159":{"start":{"line":160,"column":0},"end":{"line":160,"column":5}},"160":{"start":{"line":161,"column":0},"end":{"line":161,"column":9}},"164":{"start":{"line":165,"column":0},"end":{"line":165,"column":32}},"165":{"start":{"line":166,"column":0},"end":{"line":166,"column":9}},"166":{"start":{"line":167,"column":0},"end":{"line":167,"column":12}},"167":{"start":{"line":168,"column":0},"end":{"line":168,"column":10}},"168":{"start":{"line":169,"column":0},"end":{"line":169,"column":13}},"169":{"start":{"line":170,"column":0},"end":{"line":170,"column":11}},"170":{"start":{"line":171,"column":0},"end":{"line":171,"column":15}},"171":{"start":{"line":172,"column":0},"end":{"line":172,"column":15}},"172":{"start":{"line":173,"column":0},"end":{"line":173,"column":25}},"173":{"start":{"line":174,"column":0},"end":{"line":174,"column":19}},"174":{"start":{"line":175,"column":0},"end":{"line":175,"column":28}},"175":{"start":{"line":176,"column":0},"end":{"line":176,"column":12}},"176":{"start":{"line":177,"column":0},"end":{"line":177,"column":7}},"177":{"start":{"line":178,"column":0},"end":{"line":178,"column":46}},"178":{"start":{"line":179,"column":0},"end":{"line":179,"column":62}},"179":{"start":{"line":180,"column":0},"end":{"line":180,"column":5}},"181":{"start":{"line":182,"column":0},"end":{"line":182,"column":16}},"182":{"start":{"line":183,"column":0},"end":{"line":183,"column":12}},"183":{"start":{"line":184,"column":0},"end":{"line":184,"column":104}},"184":{"start":{"line":185,"column":0},"end":{"line":185,"column":28}},"185":{"start":{"line":186,"column":0},"end":{"line":186,"column":12}},"187":{"start":{"line":188,"column":0},"end":{"line":188,"column":3}},"189":{"start":{"line":190,"column":0},"end":{"line":190,"column":79}},"190":{"start":{"line":191,"column":0},"end":{"line":191,"column":2}},"194":{"start":{"line":195,"column":0},"end":{"line":195,"column":30}},"195":{"start":{"line":196,"column":0},"end":{"line":196,"column":42}},"196":{"start":{"line":197,"column":0},"end":{"line":197,"column":81}},"197":{"start":{"line":198,"column":0},"end":{"line":198,"column":17}},"198":{"start":{"line":199,"column":0},"end":{"line":199,"column":2}}},"s":{"0":1,"8":1,"27":1,"31":1,"32":58,"33":58,"36":58,"37":26,"38":26,"39":26,"40":26,"41":1,"42":26,"43":26,"44":26,"45":58,"49":58,"50":2,"51":2,"52":2,"53":2,"54":2,"55":2,"56":2,"57":2,"58":2,"59":58,"63":58,"64":3,"65":3,"66":3,"67":3,"68":3,"69":1,"70":1,"71":3,"72":2,"73":2,"74":58,"76":58,"77":3,"78":3,"79":3,"80":3,"81":3,"82":3,"83":3,"84":3,"85":3,"86":3,"87":3,"88":3,"89":3,"90":3,"91":1,"92":1,"93":3,"94":2,"95":2,"96":58,"98":58,"99":1,"100":1,"101":58,"105":58,"106":3,"107":3,"108":3,"109":3,"110":3,"111":3,"112":3,"113":3,"114":3,"115":3,"116":1,"117":1,"118":1,"119":1,"120":3,"121":2,"122":2,"123":58,"125":58,"126":2,"127":2,"128":1,"130":1,"131":2,"132":2,"133":58,"137":58,"138":2,"139":2,"140":2,"141":2,"142":2,"144":2,"145":2,"146":1,"147":1,"148":58,"150":58,"151":2,"152":2,"153":2,"154":2,"155":2,"156":1,"157":1,"158":1,"159":1,"160":58,"164":58,"165":58,"166":58,"167":58,"168":58,"169":58,"170":58,"171":58,"172":58,"173":58,"174":58,"175":58,"176":58,"177":58,"178":58,"179":58,"181":58,"182":26,"183":26,"184":26,"185":26,"187":26,"189":32,"190":32,"194":1,"195":40,"196":40,"197":38,"198":38},"branchMap":{"0":{"type":"branch","line":32,"loc":{"start":{"line":32,"column":28},"end":{"line":191,"column":2}},"locations":[{"start":{"line":32,"column":28},"end":{"line":191,"column":2}}]},"1":{"type":"branch","line":182,"loc":{"start":{"line":182,"column":15},"end":{"line":191,"column":2}},"locations":[{"start":{"line":182,"column":15},"end":{"line":191,"column":2}}]},"2":{"type":"branch","line":182,"loc":{"start":{"line":182,"column":15},"end":{"line":188,"column":3}},"locations":[{"start":{"line":182,"column":15},"end":{"line":188,"column":3}}]},"3":{"type":"branch","line":188,"loc":{"start":{"line":188,"column":2},"end":{"line":191,"column":2}},"locations":[{"start":{"line":188,"column":2},"end":{"line":191,"column":2}}]},"4":{"type":"branch","line":37,"loc":{"start":{"line":37,"column":12},"end":{"line":46,"column":5}},"locations":[{"start":{"line":37,"column":12},"end":{"line":46,"column":5}}]},"5":{"type":"branch","line":40,"lo
[...]
":68,"column":0},"end":{"line":68,"column":0}},"68":{"start":{"line":69,"column":0},"end":{"line":69,"column":37}},"69":{"start":{"line":70,"column":0},"end":{"line":70,"column":0}},"70":{"start":{"line":71,"column":0},"end":{"line":71,"column":0}},"71":{"start":{"line":72,"column":0},"end":{"line":72,"column":35}},"72":{"start":{"line":73,"column":0},"end":{"line":73,"column":38}},"73":{"start":{"line":74,"column":0},"end":{"line":74,"column":5}},"74":{"start":{"line":75,"column":0},"end":{"line":75,"column":0}},"75":{"start":{"line":76,"column":0},"end":{"line":76,"column":1}},"76":{"start":{"line":77,"column":0},"end":{"line":77,"column":0}},"77":{"start":{"line":78,"column":0},"end":{"line":78,"column":35}},"78":{"start":{"line":79,"column":0},"end":{"line":79,"column":21}},"79":{"start":{"line":80,"column":0},"end":{"line":80,"column":38}},"80":{"start":{"line":81,"column":0},"end":{"line":81,"column":15}},"81":{"start":{"line":82,"column":0},"end":{"line":82,"column":5}},"82":{"start":{"line":83,"column":0},"end":{"line":83,"column":0}},"83":{"start":{"line":84,"column":0},"end":{"line":84,"column":33}},"84":{"start":{"line":85,"column":0},"end":{"line":85,"column":35}},"85":{"start":{"line":86,"column":0},"end":{"line":86,"column":5}},"86":{"start":{"line":87,"column":0},"end":{"line":87,"column":1}},"87":{"start":{"line":88,"column":0},"end":{"line":88,"column":0}},"88":{"start":{"line":89,"column":0},"end":{"line":89,"column":36}},"89":{"start":{"line":90,"column":0},"end":{"line":90,"column":22}},"90":{"start":{"line":91,"column":0},"end":{"line":91,"column":42}},"91":{"start":{"line":92,"column":0},"end":{"line":92,"column":15}},"92":{"start":{"line":93,"column":0},"end":{"line":93,"column":5}},"93":{"start":{"line":94,"column":0},"end":{"line":94,"column":0}},"94":{"start":{"line":95,"column":0},"end":{"line":95,"column":32}},"95":{"start":{"line":96,"column":0},"end":{"line":96,"column":40}},"96":{"start":{"line":97,"column":0},"end":{"line":97,"column":5}},"97":{"start":{"line":98,"column":0},"end":{"line":98,"column":1}}},"s":{"0":1,"1":1,"2":1,"3":1,"4":1,"5":1,"6":1,"7":1,"8":1,"9":29,"10":29,"11":29,"12":29,"13":29,"14":29,"15":28,"16":28,"17":29,"18":29,"19":29,"20":29,"21":29,"22":1,"23":1,"24":19,"25":19,"26":19,"27":76,"28":19,"29":19,"30":19,"31":19,"32":19,"33":19,"34":1,"35":1,"36":1,"37":1,"38":1,"39":28,"40":28,"41":28,"42":28,"43":28,"44":3,"45":3,"46":3,"47":25,"48":1,"49":1,"50":1,"51":28,"52":28,"53":1,"54":26,"55":26,"56":26,"57":26,"58":2,"59":2,"60":2,"61":24,"62":1,"63":1,"64":1,"65":1,"66":1,"67":23,"68":23,"69":23,"70":23,"71":26,"72":2,"73":2,"74":26,"75":26,"76":1,"77":25,"78":25,"79":2,"80":2,"81":2,"82":23,"83":25,"84":1,"85":1,"86":25,"87":1,"88":25,"89":25,"90":2,"91":2,"92":2,"93":23,"94":25,"95":1,"96":1,"97":25},"branchMap":{"0":{"type":"branch","line":9,"loc":{"start":{"line":9,"column":7},"end":{"line":22,"column":1}},"locations":[{"start":{"line":9,"column":7},"end":{"line":22,"column":1}}]},"1":{"type":"branch","line":15,"loc":{"start":{"line":15,"column":17},"end":{"line":17,"column":5}},"locations":[{"start":{"line":15,"column":17},"end":{"line":17,"column":5}}]},"2":{"type":"branch","line":24,"loc":{"start":{"line":24,"column":7},"end":{"line":34,"column":1}},"locations":[{"start":{"line":24,"column":7},"end":{"line":34,"column":1}}]},"3":{"type":"branch","line":27,"loc":{"start":{"line":27,"column":37},"end":{"line":29,"column":5}},"locations":[{"start":{"line":27,"column":37},"end":{"line":29,"column":5}}]},"4":{"type":"branch","line":40,"loc":{"start":{"line":40,"column":0},"end":{"line":53,"column":1}},"locations":[{"start":{"line":40,"column":0},"end":{"line":53,"column":1}}]},"5":{"type":"branch","line":44,"loc":{"start":{"line":44,"column":18},"end":{"line":47,"column":5}},"locations":[{"start":{"line":44,"column":18},"end":{"line":47,"column":5}}]},"6":{"type":"branch","line":48,"loc":{"start":{"line":48,"column":-2},"end":{"line":51,"column":5}},"locations":[{"start":{"line":48,"column":-2},"end":{"line":51,"column":5}}]},"7":{"type":"branch","line":48,"loc":{"start":{"line":48,"column":35},"end":{"line":51,"column":5}},"locations":[{"start":{"line":48,"column":35},"end":{"line":51,"column":5}}]},"8":{"type":"branch","line":55,"loc":{"start":{"line":55,"column":0},"end":{"line":76,"column":1}},"locations":[{"start":{"line":55,"column":0},"end":{"line":76,"column":1}}]},"9":{"type":"branch","line":58,"loc":{"start":{"line":58,"column":16},"end":{"line":61,"column":5}},"locations":[{"start":{"line":58,"column":16},"end":{"line":61,"column":5}}]},"10":{"type":"branch","line":62,"loc":{"start":{"line":62,"column":-2},"end":{"line":67,"column":5}},"locations":[{"start":{"line":62,"column":-2},"end":{"line":67,"column":5}}]},"11":{"type":"branch","line":62,"loc":{"start":{"line":62,"column":44},"end":{"line":67,"column":5}},"locations":[{"start":{"line":62,"column":44},"end":{"line":67,"column":5}}]},"12":{"type":"branch","line":67,"loc":{"start":{"line":67,"column":4},"end":{"line":72,"column":31}},"locations":[{"start":{"line":67,"column":4},"end":{"line":72,"column":31}}]},"13":{"type":"branch","line":67,"loc":{"start":{"line":67,"column":4},"end":{"line":72,"column":18}},"locations":[{"start":{"line":67,"column":4},"end":{"line":72,"column":18}}]},"14":{"type":"branch","line":72,"loc":{"start":{"line":72,"column":18},"end":{"line":72,"column":31}},"locations":[{"start":{"line":72,"column":18},"end":{"line":72,"column":31}}]},"15":{"type":"branch","line":72,"loc":{"start":{"line":72,"column":33},"end":{"line":74,"column":5}},"locations":[{"start":{"line":72,"column":33},"end":{"line":74,"column":5}}]},"16":{"type":"branch","line":78,"loc":{"start":{"line":78,"column":0},"end":{"line":87,"column":1}},"locations":[{"start":{"line":78,"column":0},"end":{"line":87,"column":1}}]},"17":{"type":"branch","line":79,"loc":{"start":{"line":79,"column":20},"end":{"line":82,"column":5}},"locations":[{"start":{"line":79,"column":20},"end":{"line":82,"column":5}}]},"18":{"type":"branch","line":82,"loc":{"start":{"line":82,"column":4},"end":{"line":84,"column":32}},"locations":[{"start":{"line":82,"column":4},"end":{"line":84,"column":32}}]},"19":{"type":"branch","line":84,"loc":{"start":{"line":84,"column":32},"end":{"line":86,"column":5}},"locations":[{"start":{"line":84,"column":32},"end":{"line":86,"column":5}}]},"20":{"type":"branch","line":89,"loc":{"start":{"line":89,"column":0},"end":{"line":98,"column":1}},"locations":[{"start":{"line":89,"column":0},"end":{"line":98,"column":1}}]},"21":{"type":"branch","line":90,"loc":{"start":{"line":90,"column":21},"end":{"line":93,"column":5}},"locations":[{"start":{"line":90,"column":21},"end":{"line":93,"column":5}}]},"22":{"type":"branch","line":93,"loc":{"start":{"line":93,"column":4},"end":{"line":95,"column":31}},"locations":[{"start":{"line":93,"column":4},"end":{"line":95,"column":31}}]},"23":{"type":"branch","line":95,"loc":{"start":{"line":95,"column":31},"end":{"line":97,"column":5}},"locations":[{"start":{"line":95,"column":31},"end":{"line":97,"column":5}}]}},"b":{"0":[29],"1":[28],"2":[19],"3":[76],"4":[28],"5":[3],"6":[25],"7":[1],"8":[26],"9":[2],"10":[24],"11":[1],"12":[25],"13":[23],"14":[22],"15":[2],"16":[25],"17":[2],"18":[23],"19":[1],"20":[25],"21":[2],"22":[23],"23":[1]},"fnMap":{"0":{"name":"validarCampoCard","decl":{"start":{"line":9,"column":7},"end":{"line":22,"column":1}},"loc":{"start":{"line":9,"column":7},"end":{"line":22,"column":1}},"line":9},"1":{"name":"validarFormularioCard","decl":{"start":{"line":24,"column":7},"end":{"line":34,"column":1}},"loc":{"start":{"line":24,"column":7},"end":{"line":34,"column":1}},"line":24},"2":{"name":"validarCardNumber","decl":{"start":{"line":40,"column":0},"end":{"line":53,"column":1}},"loc":{"start":{"line":40,"column":0},"end":{"line":53,"column":1}},"line":40},"3":{"name":"validarExpiry","decl":{"start":{"line":55,"column":0},"end":{"line":76,"column":1}},"loc":{"start":{"line":55,"column":0},"end":{"line":76,"column":1}},"line":55},"4":{"name":"validarCVV","decl":{"start":{"line":78,"column":0},"end":{"line":87,"column":1}},"loc":{"start":{"line":78,"column":0},"end":{"line":87,"column":1}},"line":78},"5":{"name":"validarName","decl":{"start":{"line":89,"column":0},"end":{"line":98,"column":1}},"loc":{"start":{"line":89,"column":0},"end":{"line":98,"column":1}},"line":89}},"f":{"0":29,"1":19,"2":28,"3":26,"4":25,"5":25}}
,"C:\\Users\\Arthur Cezar\\Downloads\\parte9-fase5-checkout-cobertura99\\projeto-corrigido\\frontend-cliente\\src\\utils\\validarEndereco\\addressValidators.js": {"path":"C:\\Users\\Arthur Cezar\\Downloads\\parte9-fase5-checkout-cobertura99\\projeto-corrigido\\frontend-cliente\\src\\utils\\validarEndereco\\addressValidators.js","all":false,"statementMap":{"0":{"start":{"line":1,"column":0},"end":{"line":1,"column":20}},"1":{"start":{"line":2,"column":0},"end":{"line":2,"column":20}},"2":{"start":{"line":3,"column":0},"end":{"line":3,"column":20}},"3":{"start":{"line":4,"column":0},"end":{"line":4,"column":26}},"4":{"start":{"line":5,"column":0},"end":{"line":5,"column":26}},"5":{"start":{"line":6,"column":0},"end":{"line":6,"column":25}},"6":{"start":{"line":7,"column":0},"end":{"line":7,"column":25}},"7":{"start":{"line":8,"column":0},"end":{"line":8,"column":1}},"8":{"start":{"line":9,"column":0},"end":{"line":9,"column":0}},"9":{"start":{"line":10,"column":0},"end":{"line":10,"column":0}},"10":{"start":{"line":11,"column":0},"end":{"line":11,"column":50}},"11":{"start":{"line":12,"column":0},"end":{"line":12,"column":20}},"12":{"start":{"line":13,"column":0},"end":{"line":13,"column":0}},"13":{"start":{"line":14,"column":0},"end":{"line":14,"column":40}},"14":{"start":{"line":15,"column":0},"end":{"line":15,"column":4}},"15":{"start":{"line":16,"column":0},"end":{"line":16,"column":18}},"16":{"start":{"line":17,"column":0},"end":{"line":17,"column":31}},"17":{"start":{"line":18,"column":0},"end":{"line":18,"column":9}},"18":{"start":{"line":19,"column":0},"end":{"line":19,"column":22}},"19":{"start":{"line":20,"column":0},"end":{"line":20,"column":0}},"20":{"start":{"line":21,"column":0},"end":{"line":21,"column":1}},"21":{"start":{"line":22,"column":0},"end":{"line":22,"column":0}},"22":{"start":{"line":23,"column":0},"end":{"line":23,"column":0}},"23":{"start":{"line":24,"column":0},"end":{"line":24,"column":49}},"24":{"start":{"line":25,"column":0},"end":{"line":25,"column":21}},"25":{"start":{"line":26,"column":0},"end":{"line":26,"column":0}},"26":{"start":{"line":27,"column":0},"end":{"line":27,"column":51}},"27":{"start":{"line":28,"column":0},"end":{"line":28,"column":39}},"28":{"start":{"line":29,"column":0},"end":{"line":29,"column":7}},"29":{"start":{"line":30,"column":0},"end":{"line":30,"column":0}},"30":{"start":{"line":31,"column":0},"end":{"line":31,"column":18}},"31":{"start":{"line":32,"column":0},"end":{"line":32,"column":0}},"32":{"start":{"line":33,"column":0},"end":{"line":33,"column":1}},"33":{"start":{"line":34,"column":0},"end":{"line":34,"column":0}},"34":{"start":{"line":35,"column":0},"end":{"line":35,"column":0}},"35":{"start":{"line":36,"column":0},"end":{"line":36,"column":35}},"36":{"start":{"line":37,"column":0},"end":{"line":37,"column":19}},"37":{"start":{"line":38,"column":0},"end":{"line":38,"column":34}},"38":{"start":{"line":39,"column":0},"end":{"line":39,"column":11}},"39":{"start":{"line":40,"column":0},"end":{"line":40,"column":3}},"40":{"start":{"line":41,"column":0},"end":{"line":41,"column":0}},"41":{"start":{"line":42,"column":0},"end":{"line":42,"column":50}},"42":{"start":{"line":43,"column":0},"end":{"line":43,"column":31}},"43":{"start":{"line":44,"column":0},"end":{"line":44,"column":3}},"44":{"start":{"line":45,"column":0},"end":{"line":45,"column":1}},"45":{"start":{"line":46,"column":0},"end":{"line":46,"column":0}},"46":{"start":{"line":47,"column":0},"end":{"line":47,"column":0}},"47":{"start":{"line":48,"column":0},"end":{"line":48,"column":35}},"48":{"start":{"line":49,"column":0},"end":{"line":49,"column":48}},"49":{"start":{"line":50,"column":0},"end":{"line":50,"column":1}},"50":{"start":{"line":51,"column":0},"end":{"line":51,"column":0}},"51":{"start":{"line":52,"column":0},"end":{"line":52,"column":38}},"52":{"start":{"line":53,"column":0},"end":{"line":53,"column":57}},"53":{"start":{"line":54,"column":0},"end":{"line":54,"column":1}},"54":{"start":{"line":55,"column":0},"end":{"line":55,"column":0}},"55":{"start":{"line":56,"column":0},"end":{"line":56,"column":38}},"56":{"start":{"line":57,"column":0},"end":{"line":57,"column":57}},"57":{"start":{"line":58,"column":0},"end":{"line":58,"column":1}},"58":{"start":{"line":59,"column":0},"end":{"line":59,"column":0}},"59":{"start":{"line":60,"column":0},"end":{"line":60,"column":38}},"60":{"start":{"line":61,"column":0},"end":{"line":61,"column":57}},"61":{"start":{"line":62,"column":0},"end":{"line":62,"column":1}},"62":{"start":{"line":63,"column":0},"end":{"line":63,"column":0}},"63":{"start":{"line":64,"column":0},"end":{"line":64,"column":38}},"64":{"start":{"line":65,"column":0},"end":{"line":65,"column":57}},"65":{"start":{"line":66,"column":0},"end":{"line":66,"column":1}}},"s":{"0":1,"1":1,"2":1,"3":1,"4":1,"5":1,"6":1,"7":1,"8":1,"9":1,"10":1,"11":30,"12":30,"13":30,"14":30,"15":30,"16":29,"17":30,"18":30,"19":30,"20":30,"21":1,"22":1,"23":1,"24":15,"25":15,"26":15,"27":90,"28":15,"29":15,"30":15,"31":15,"32":15,"33":1,"34":1,"35":24,"36":24,"37":3,"38":3,"39":3,"40":21,"41":24,"42":1,"43":1,"44":24,"45":1,"46":1,"47":19,"48":19,"49":19,"50":1,"51":19,"52":19,"53":19,"54":1,"55":19,"56":19,"57":19,"58":1,"59":19,"60":19,"61":19,"62":1,"63":19,"64":19,"65":19},"branchMap":{"0":{"type":"branch","line":11,"loc":{"start":{"line":11,"column":7},"end":{"line":21,"column":1}},"locations":[{"start":{"line":11,"column":7},"end":{"line":21,"column":1}}]},"1":{"type":"branch","line":16,"loc":{"start":{"line":16,"column":17},"end":{"line":18,"column":5}},"locations":[{"start":{"line":16,"column":17},"end":{"line":18,"column":5}}]},"2":{"type":"branch","line":24,"loc":{"start":{"line":24,"column":7},"end":{"line":33,"column":1}},"locations":[{"start":{"line":24,"column":7},"end":{"line":33,"column":1}}]},"3":{"type":"branch","line":27,"loc":{"start":{"line":27,"column":38},"end":{"line":29,"column":6}},"locations":[{"start":{"line":27,"column":38},"end":{"line":29,"column":6}}]},"4":{"type":"branch","line":36,"loc":{"start":{"line":36,"column":0},"end":{"line":45,"column":1}},"locations":[{"start":{"line":36,"column":0},"end":{"line":45,"column":1}}]},"5":{"type":"branch","line":37,"loc":{"start":{"line":37,"column":18},"end":{"line":40,"column":3}},"locations":[{"start":{"line":37,"column":18},"end":{"line":40,"column":3}}]},"6":{"type":"branch","line":40,"loc":{"start":{"line":40,"column":2},"end":{"line":42,"column":49}},"locations":[{"start":{"line":40,"column":2},"end":{"line":42,"column":49}}]},"7":{"type":"branch","line":42,"loc":{"start":{"line":42,"column":49},"end":{"line":44,"column":3}},"locations":[{"start":{"line":42,"column":49},"end":{"line":44,"column":3}}]},"8":{"type":"branch","line":48,"loc":{"start":{"line":48,"column":0},"end":{"line":50,"column":1}},"locations":[{"start":{"line":48,"column":0},"end":{"line":50,"column":1}}]},"9":{"type":"branch","line":49,"loc":{"start":{"line":49,"column":18},"end":{"line":49,"column":48}},"locations":[{"start":{"line":49,"column":18},"end":{"line":49,"column":48}}]},"10":{"type":"branch","line":52,"loc":{"start":{"line":52,"column":0},"end":{"line":54,"column":1}},"locations":[{"start":{"line":52,"column":0},"end":{"line":54,"column":1}}]},"11":{"type":"branch","line":53,"loc":{"start":{"line":53,"column":21},"end":{"line":53,"column":57}},"locations":[{"start":{"line":53,"column":21},"end":{"line":53,"column":57}}]},"12":{"type":"branch","line":56,"loc":{"start":{"line":56,"column":0},"end":{"line":58,"column":1}},"locations":[{"start":{"line":56,"column":0},"end":{"line":58,"column":1}}]},"13":{"type":"branch","line":57,"loc":{"start":{"line":57,"column":21},"end":{"line":57,"column":57}},"locations":[{"start":{"line":57,"column":21},"end":{"line":57,"column":57}}]},"14":{"type":"branch","line":60,"loc":{"start":{"line":60,"column":0},"end":{"line":62,"column":1}},"locations":[{"start":{"line":60,"column":0},"end":{"line":62,"column":1}}]},"15":{"type":"branch","line":61,"loc":{"start":{"line":61,"column":21},"end":{"line":61,"column":57}},"locations":[{"start":{"line":61,"column":21},"end":{"line":61,"column":57}}]},"16":{"type":"branch","line":64,"loc":{"start":{"line":64,"column":0},"end":{"line":66,"column":1}},"locations":[{"start":{"line":64,"column":0},"end":{"line":66,"column":1}}]},"17":{"type":"branch","line":65,"loc":{"start":{"line":65,"column":21},"end":{"line":65,"column":57}},"locations":[{"start":{"line":65,"column":21},"end":{"line":65,"column":57}}]}},"b":{"0":[30],"1":[29],"2":[15],"3":[90],"4":[24],"5":[3],"6":[21],"7":[1],"8":[19],"9":[2],"10":[19],"11":[3],"12":[19],"13":[2],"14":[19],"15":[2],"16":[19],"17":[2]},"fnMap":{"0":{"name":"validarCampoAddress","decl":{"start":{"line":11,"column":7},"end":{"line":21,"column":1}},"loc":{"start":{"line":11,"column":7},"end":{"line":21,"column":1}},"line":11},"1":{"name":"validarFormularioAddress","decl":{"start":{"line":24,"column":7},"end":{"line":33,"column":1}},"loc":{"start":{"line":24,"column":7},"end":{"line":33,"column":1}},"line":24},"2":{"name":"validarCEP","decl":{"start":{"line":36,"column":0},"end":{"line":45,"column":1}},"loc":{"start":{"line":36,"column":0},"end":{"line":45,"column":1}},"line":36},"3":{"name":"validarRua","decl":{"start":{"line":48,"column":0},"end":{"line":50,"column":1}},"loc":{"start":{"line":48,"column":0},"end":{"line":50,"column":1}},"line":48},"4":{"name":"validarNumero","decl":{"start":{"line":52,"column":0},"end":{"line":54,"column":1}},"loc":{"start":{"line":52,"column":0},"end":{"line":54,"column":1}},"line":52},"5":{"name":"validarBairro","decl":{"start":{"line":56,"column":0},"end":{"line":58,"column":1}},"loc":{"start":{"line":56,"column":0},"end":{"line":58,"column":1}},"line":56},"6":{"name":"validarCidade","decl":{"start":{"line":60,"column":0},"end":{"line":62,"column":1}},"loc":{"start":{"line":60,"column":0},"end":{"line":62,"column":1}},"line":60},"7":{"name":"validarEstado","decl":{"start":{"line":64,"column":0},"end":{"line":66,"column":1}},"loc":{"start":{"line":64,"column":0},"end":{"line":66,"column":1}},"line":64}},"f":{"0":30,"1":15,"2":24,"3":19,"4":19,"5":19,"6":19,"7":19}}
,"C:\\Users\\Arthur Cezar\\Downloads\\parte9-fase5-checkout-cobertura99\\projeto-corrigido\\frontend-cliente\\src\\utils\\validarEndereco\\masksAddress.js": {"path":"C:\\Users\\Arthur Cezar\\Downloads\\parte9-fase5-checkout-cobertura99\\projeto-corrigido\\frontend-cliente\\src\\utils\\validarEndereco\\masksAddress.js","all":false,"statementMap":{"0":{"start":{"line":1,"column":0},"end":{"line":1,"column":49}},"1":{"start":{"line":2,"column":0},"end":{"line":2,"column":33}},"2":{"start":{"line":3,"column":0},"end":{"line":3,"column":0}},"3":{"start":{"line":4,"column":0},"end":{"line":4,"column":17}},"4":{"start":{"line":5,"column":0},"end":{"line":5,"column":22}},"5":{"start":{"line":6,"column":0},"end":{"line":6,"column":15}},"6":{"start":{"line":7,"column":0},"end":{"line":7,"column":36}},"7":{"start":{"line":8,"column":0},"end":{"line":8,"column":0}},"8":{"start":{"line":9,"column":0},"end":{"line":9,"column":1}}},"s":{"0":1,"1":1,"2":12,"3":12,"4":12,"5":12,"6":12,"7":12,"8":12},"branchMap":{"0":{"type":"branch","line":2,"loc":{"start":{"line":2,"column":7},"end":{"line":9,"column":1}},"locations":[{"start":{"line":2,"column":7},"end":{"line":9,"column":1}}]}},"b":{"0":[12]},"fnMap":{"0":{"name":"formatCep","decl":{"start":{"line":2,"column":7},"end":{"line":9,"column":1}},"loc":{"start":{"line":2,"column":7},"end":{"line":9,"column":1}},"line":2}},"f":{"0":12}}
}
