{"C:\\Users\\Arthur Cezar\\Desktop\\Des-Sist-Corp-UFPB\\projeto-ep05\\frontend-cliente\\src\\Routes\\Routes.jsx": {"path":"C:\\Users\\Arthur Cezar\\Desktop\\Des-Sist-Corp-UFPB\\projeto-ep05\\frontend-cliente\\src\\Routes\\Routes.jsx","all":false,"statementMap":{"0":{"start":{"line":1,"column":0},"end":{"line":1,"column":26}},"1":{"start":{"line":2,"column":0},"end":{"line":2,"column":74}},"3":{"start":{"line":4,"column":0},"end":{"line":4,"column":41}},"4":{"start":{"line":5,"column":0},"end":{"line":5,"column":50}},"5":{"start":{"line":6,"column":0},"end":{"line":6,"column":68}},"6":{"start":{"line":7,"column":0},"end":{"line":7,"column":38}},"7":{"start":{"line":8,"column":0},"end":{"line":8,"column":54}},"8":{"start":{"line":9,"column":0},"end":{"line":9,"column":59}},"9":{"start":{"line":10,"column":0},"end":{"line":10,"column":50}},"10":{"start":{"line":11,"column":0},"end":{"line":11,"column":49}},"11":{"start":{"line":12,"column":0},"end":{"line":12,"column":53}},"12":{"start":{"line":13,"column":0},"end":{"line":13,"column":47}},"13":{"start":{"line":14,"column":0},"end":{"line":14,"column":56}},"14":{"start":{"line":15,"column":0},"end":{"line":15,"column":38}},"16":{"start":{"line":17,"column":0},"end":{"line":17,"column":61}},"17":{"start":{"line":18,"column":0},"end":{"line":18,"column":67}},"18":{"start":{"line":19,"column":0},"end":{"line":19,"column":54}},"19":{"start":{"line":20,"column":0},"end":{"line":20,"column":54}},"30":{"start":{"line":31,"column":0},"end":{"line":31,"column":25}},"31":{"start":{"line":32,"column":0},"end":{"line":32,"column":10}},"32":{"start":{"line":33,"column":0},"end":{"line":33,"column":18}},"33":{"start":{"line":34,"column":0},"end":{"line":34,"column":20}},"34":{"start":{"line":35,"column":0},"end":{"line":35,"column":16}},"36":{"start":{"line":37,"column":0},"end":{"line":37,"column":53}},"37":{"start":{"line":38,"column":0},"end":{"line":38,"column":59}},"38":{"start":{"line":39,"column":0},"end":{"line":39,"column":72}},"41":{"start":{"line":42,"column":0},"end":{"line":42,"column":42}},"43":{"start":{"line":44,"column":0},"end":{"line":44,"column":49}},"44":{"start":{"line":45,"column":0},"end":{"line":45,"column":53}},"45":{"start":{"line":46,"column":0},"end":{"line":46,"column":62}},"46":{"start":{"line":47,"column":0},"end":{"line":47,"column":63}},"47":{"start":{"line":48,"column":0},"end":{"line":48,"column":64}},"48":{"start":{"line":49,"column":0},"end":{"line":49,"column":65}},"49":{"start":{"line":50,"column":0},"end":{"line":50,"column":64}},"52":{"start":{"line":53,"column":0},"end":{"line":53,"column":43}},"53":{"start":{"line":54,"column":0},"end":{"line":54,"column":54}},"54":{"start":{"line":55,"column":0},"end":{"line":55,"column":16}},"55":{"start":{"line":56,"column":0},"end":{"line":56,"column":45}},"56":{"start":{"line":57,"column":0},"end":{"line":57,"column":55}},"57":{"start":{"line":58,"column":0},"end":{"line":58,"column":16}},"58":{"start":{"line":59,"column":0},"end":{"line":59,"column":44}},"59":{"start":{"line":60,"column":0},"end":{"line":60,"column":54}},"60":{"start":{"line":61,"column":0},"end":{"line":61,"column":16}},"61":{"start":{"line":62,"column":0},"end":{"line":62,"column":18}},"62":{"start":{"line":63,"column":0},"end":{"line":63,"column":17}},"63":{"start":{"line":64,"column":0},"end":{"line":64,"column":21}},"64":{"start":{"line":65,"column":0},"end":{"line":65,"column":19}},"65":{"start":{"line":66,"column":0},"end":{"line":66,"column":11}},"68":{"start":{"line":69,"column":0},"end":{"line":69,"column":25}}},"s":{"0":1,"1":1,"3":1,"4":1,"5":1,"6":1,"7":1,"8":1,"9":1,"10":1,"11":1,"12":1,"13":1,"14":1,"16":1,"17":1,"18":1,"19":1,"30":1,"31":7,"32":7,"33":7,"34":7,"36":7,"37":7,"38":7,"41":7,"43":7,"44":7,"45":7,"46":7,"47":7,"48":7,"49":7,"52":7,"53":7,"54":7,"55":7,"56":7,"57":7,"58":7,"59":7,"60":7,"61":7,"62":7,"63":7,"64":7,"65":7,"68":1},"branchMap":{"0":{"type":"branch","line":31,"loc":{"start":{"line":31,"column":18},"end":{"line":66,"column":11}},"locations":[{"start":{"line":31,"column":18},"end":{"line":66,"column":11}}]}},"b":{"0":[7]},"fnMap":{"0":{"name":"AppRoutes","decl":{"start":{"line":31,"column":18},"end":{"line":66,"column":11}},"loc":{"start":{"line":31,"column":18},"end":{"line":66,"column":11}},"line":31}},"f":{"0":7}}
,"C:\\Users\\Arthur Cezar\\Desktop\\Des-Sist-Corp-UFPB\\projeto-ep05\\frontend-cliente\\src\\api\\api.js": {"path":"C:\\Users\\Arthur Cezar\\Desktop\\Des-Sist-Corp-UFPB\\projeto-ep05\\frontend-cliente\\src\\api\\api.js","all":false,"statementMap":{"0":{"start":{"line":1,"column":0},"end":{"line":1,"column":3}},"1":{"start":{"line":2,"column":0},"end":{"line":2,"column":42}},"2":{"start":{"line":3,"column":0},"end":{"line":3,"column":2}},"3":{"start":{"line":4,"column":0},"end":{"line":4,"column":12}},"4":{"start":{"line":5,"column":0},"end":{"line":5,"column":12}},"5":{"start":{"line":6,"column":0},"end":{"line":6,"column":77}},"6":{"start":{"line":7,"column":0},"end":{"line":7,"column":71}},"7":{"start":{"line":8,"column":0},"end":{"line":8,"column":48}},"8":{"start":{"line":9,"column":0},"end":{"line":9,"column":2}},"9":{"start":{"line":10,"column":0},"end":{"line":10,"column":73}},"10":{"start":{"line":11,"column":0},"end":{"line":11,"column":57}},"11":{"start":{"line":12,"column":0},"end":{"line":12,"column":2}},"12":{"start":{"line":13,"column":0},"end":{"line":13,"column":65}},"13":{"start":{"line":14,"column":0},"end":{"line":14,"column":3}},"15":{"start":{"line":16,"column":0},"end":{"line":16,"column":80}},"16":{"start":{"line":17,"column":0},"end":{"line":17,"column":89}},"17":{"start":{"line":18,"column":0},"end":{"line":18,"column":83}},"18":{"start":{"line":19,"column":0},"end":{"line":19,"column":63}},"20":{"start":{"line":21,"column":0},"end":{"line":21,"column":81}},"22":{"start":{"line":23,"column":0},"end":{"line":23,"column":21}},"23":{"start":{"line":24,"column":0},"end":{"line":24,"column":7}},"24":{"start":{"line":25,"column":0},"end":{"line":25,"column":46}},"25":{"start":{"line":26,"column":0},"end":{"line":26,"column":48}},"26":{"start":{"line":27,"column":0},"end":{"line":27,"column":11}},"27":{"start":{"line":28,"column":0},"end":{"line":28,"column":16}},"28":{"start":{"line":29,"column":0},"end":{"line":29,"column":3}},"29":{"start":{"line":30,"column":0},"end":{"line":30,"column":1}},"31":{"start":{"line":32,"column":0},"end":{"line":32,"column":81}},"33":{"start":{"line":34,"column":0},"end":{"line":34,"column":3}},"34":{"start":{"line":35,"column":0},"end":{"line":35,"column":69}},"35":{"start":{"line":36,"column":0},"end":{"line":36,"column":34}},"36":{"start":{"line":37,"column":0},"end":{"line":37,"column":3}},"37":{"start":{"line":38,"column":0},"end":{"line":38,"column":31}},"38":{"start":{"line":39,"column":0},"end":{"line":39,"column":7}},"39":{"start":{"line":40,"column":0},"end":{"line":40,"column":34}},"40":{"start":{"line":41,"column":0},"end":{"line":41,"column":61}},"41":{"start":{"line":42,"column":0},"end":{"line":42,"column":48}},"42":{"start":{"line":43,"column":0},"end":{"line":43,"column":11}},"43":{"start":{"line":44,"column":0},"end":{"line":44,"column":73}},"44":{"start":{"line":45,"column":0},"end":{"line":45,"column":50}},"45":{"start":{"line":46,"column":0},"end":{"line":46,"column":3}},"46":{"start":{"line":47,"column":0},"end":{"line":47,"column":1}},"48":{"start":{"line":49,"column":0},"end":{"line":49,"column":80}},"50":{"start":{"line":51,"column":0},"end":{"line":51,"column":3}},"51":{"start":{"line":52,"column":0},"end":{"line":52,"column":48}},"52":{"start":{"line":53,"column":0},"end":{"line":53,"column":2}},"53":{"start":{"line":54,"column":0},"end":{"line":54,"column":61}},"54":{"start":{"line":55,"column":0},"end":{"line":55,"column":71}},"55":{"start":{"line":56,"column":0},"end":{"line":56,"column":3}},"56":{"start":{"line":57,"column":0},"end":{"line":57,"column":52}},"57":{"start":{"line":58,"column":0},"end":{"line":58,"column":27}},"59":{"start":{"line":60,"column":0},"end":{"line":60,"column":19}},"60":{"start":{"line":61,"column":0},"end":{"line":61,"column":39}},"61":{"start":{"line":62,"column":0},"end":{"line":62,"column":59}},"62":{"start":{"line":63,"column":0},"end":{"line":63,"column":23}},"63":{"start":{"line":64,"column":0},"end":{"line":64,"column":4}},"65":{"start":{"line":66,"column":0},"end":{"line":66,"column":10}},"66":{"start":{"line":67,"column":0},"end":{"line":67,"column":7}},"67":{"start":{"line":68,"column":0},"end":{"line":68,"column":69}},"68":{"start":{"line":69,"column":0},"end":{"line":69,"column":11}},"69":{"start":{"line":70,"column":0},"end":{"line":70,"column":64}},"70":{"start":{"line":71,"column":0},"end":{"line":71,"column":3}},"72":{"start":{"line":73,"column":0},"end":{"line":73,"column":16}},"73":{"start":{"line":74,"column":0},"end":{"line":74,"column":42}},"74":{"start":{"line":75,"column":0},"end":{"line":75,"column":43}},"75":{"start":{"line":76,"column":0},"end":{"line":76,"column":3}},"77":{"start":{"line":78,"column":0},"end":{"line":78,"column":39}},"78":{"start":{"line":79,"column":0},"end":{"line":79,"column":72}},"79":{"start":{"line":80,"column":0},"end":{"line":80,"column":16}},"80":{"start":{"line":81,"column":0},"end":{"line":81,"column":3}},"82":{"start":{"line":83,"column":0},"end":{"line":83,"column":20}},"83":{"start":{"line":84,"column":0},"end":{"line":84,"column":1}}},"s":{"0":1,"1":1,"2":1,"3":1,"4":1,"5":1,"6":1,"7":1,"8":1,"9":1,"10":1,"11":1,"12":1,"13":1,"15":1,"16":1,"17":1,"18":1,"20":1,"22":16,"23":16,"24":16,"25":16,"26":16,"27":1,"28":1,"29":16,"31":1,"33":1,"34":1,"35":1,"36":1,"37":2,"38":2,"39":2,"40":1,"41":2,"42":2,"43":1,"44":1,"45":1,"46":2,"48":1,"50":1,"51":1,"52":1,"53":1,"54":1,"55":1,"56":1,"57":16,"59":16,"60":16,"61":16,"62":16,"63":16,"65":16,"66":16,"67":16,"68":16,"69":1,"70":1,"72":16,"73":2,"74":2,"75":2,"77":13,"78":16,"79":2,"80":2,"82":11,"83":11},"branchMap":{"0":{"type":"branch","line":23,"loc":{"start":{"line":23,"column":0},"end":{"line":30,"column":1}},"locations":[{"start":{"line":23,"column":0},"end":{"line":30,"column":1}}]},"1":{"type":"branch","line":26,"loc":{"start":{"line":26,"column":16},"end":{"line":26,"column":40}},"locations":[{"start":{"line":26,"column":16},"end":{"line":26,"column":40}}]},"2":{"type":"branch","line":26,"loc":{"start":{"line":26,"column":41},"end":{"line":26,"column":47}},"locations":[{"start":{"line":26,"column":41},"end":{"line":26,"column":47}}]},"3":{"type":"branch","line":27,"loc":{"start":{"line":27,"column":4},"end":{"line":29,"column":3}},"locations":[{"start":{"line":27,"column":4},"end":{"line":29,"column":3}}]},"4":{"type":"branch","line":38,"loc":{"start":{"line":38,"column":0},"end":{"line":47,"column":1}},"locations":[{"start":{"line":38,"column":0},"end":{"line":47,"column":1}}]},"5":{"type":"branch","line":40,"loc":{"start":{"line":40,"column":33},"end":{"line":42,"column":25}},"locations":[{"start":{"line":40,"column":33},"end":{"line":42,"column":25}}]},"6":{"type":"branch","line":42,"loc":{"start":{"line":42,"column":25},"end":{"line":42,"column":47}},"locations":[{"start":{"line":42,"column":25},"end":{"line":42,"column":47}}]},"7":{"type":"branch","line":43,"loc":{"start":{"line":43,"column":4},"end":{"line":46,"column":3}},"locations":[{"start":{"line":43,"column":4},"end":{"line":46,"column":3}}]},"8":{"type":"branch","line":45,"loc":{"start":{"line":45,"column":26},"end":{"line":45,"column":49}},"locations":[{"start":{"line":45,"column":26},"end":{"line":45,"column":49}}]},"9":{"type":"branch","line":57,"loc":{"start":{"line":57,"column":7},"end":{"line":84,"column":1}},"locations":[{"start":{"line":57,"column":7},"end":{"line":84,"column":1}}]},"10":{"type":"branch","line":62,"loc":{"start":{"line":62,"column":14},"end":{"line":62,"column":52}},"locations":[{"start":{"line":62,"column":14},"end":{"line":62,"column":52}}]},"11":{"type":"branch","line":62,"loc":{"start":{"line":62,"column":53},"end":{"line":62,"column":57}},"locations":[{"start":{"line":62,"column":53},"end":{"line":62,"column":57}}]},"12":{"type":"branch","line":68,"loc":{"start":{"line":68,"column":68},"end":{"line":69,"column":4}},"locations":[{"start":{"line":68,"column":68},"end":{"line":69,"column":4}}]},"13":{"type":"branch","line":69,"loc":{"start":{"line":69,"column":4},"end":{"line":71,"column":3}},"locations":[{"start":{"line":69,"column":4},"end":{"line":71,"column":3}}]},"14":{"type":"branch","line":71,"loc":{"start":{"line":71,"column":2},"end":{"line":73,"column":15}},"locations":[{"start":{"line":71,"column":2},"end":{"line":73,"column":15}}]},"15":{"type":"branch","line":73,"loc":{"start":{"line":73,"column":15},"end":{"line":76,"column":3}},"locations":[{"start":{"line":73,"column":15},"end":{"line":76,"column":3}}]},"16":{"type":"branch","line":76,"loc":{"start":{"line":76,"column":2},"end":{"line":79,"column":25}},"locations":[{"start":{"line":76,"column":2},"end":{"line":79,"column":25}}]},"17":{"type":"branch","line":79,"loc":{"start":{"line":79,"column":25},"end":{"line":79,"column":69}},"locations":[{"start":{"line":79,"column":25},"end":{"line":79,"column":69}}]},"18":{"type":"branch","line":79,"loc":{"start":{"line":79,"column":71},"end":{"line":81,"column":3}},"locations":[{"start":{"line":79,"column":71},"end":{"line":81,"column":3}}]},"19":{"type":"branch","line":81,"loc":{"start":{"line":81,"column":2},"end":{"line":84,"column":1}},"locations":[{"start":{"line":81,"column":2},"end":{"line":84,"column":1}}]}},"b":{"0":[16],"1":[2],"2":[14],"3":[1],"4":[2],"5":[1],"6":[0],"7":[1],"8":[0],"9":[16],"10":[1],"11":[15],"12":[15],"13":[1],"14":[15],"15":[2],"16":[13],"17":[12],"18":[2],"19":[11]},"fnMap":{"0":{"name":"getToken","decl":{"start":{"line":23,"column":0},"end":{"line":30,"column":1}},"loc":{"start":{"line":23,"column":0},"end":{"line":30,"column":1}},"line":23},"1":{"name":"parseErro","decl":{"start":{"line":38,"column":0},"end":{"line":47,"column":1}},"loc":{"start":{"line":38,"column":0},"end":{"line":47,"column":1}},"line":38},"2":{"name":"apiFetch","decl":{"start":{"line":57,"column":7},"end":{"line":84,"column":1}},"loc":{"start":{"line":57,"column":7},"end":{"line":84,"column":1}},"line":57}},"f":{"0":16,"1":2,"2":16}}
,"C:\\Users\\Arthur Cezar\\Desktop\\Des-Sist-Corp-UFPB\\projeto-ep05\\frontend-cliente\\src\\api\\cep.js": {"path":"C:\\Users\\Arthur Cezar\\Desktop\\Des-Sist-Corp-UFPB\\projeto-ep05\\frontend-cliente\\src\\api\\cep.js","all":false,"statementMap":{"0":{"start":{"line":1,"column":0},"end":{"line":1,"column":0}},"1":{"start":{"line":2,"column":0},"end":{"line":2,"column":38}},"2":{"start":{"line":3,"column":0},"end":{"line":3,"column":45}},"3":{"start":{"line":4,"column":0},"end":{"line":4,"column":0}},"4":{"start":{"line":5,"column":0},"end":{"line":5,"column":42}},"5":{"start":{"line":6,"column":0},"end":{"line":6,"column":0}},"6":{"start":{"line":7,"column":0},"end":{"line":7,"column":9}},"7":{"start":{"line":8,"column":0},"end":{"line":8,"column":81}},"8":{"start":{"line":9,"column":0},"end":{"line":9,"column":42}},"9":{"start":{"line":10,"column":0},"end":{"line":10,"column":0}},"10":{"start":{"line":11,"column":0},"end":{"line":11,"column":33}},"11":{"start":{"line":12,"column":0},"end":{"line":12,"column":0}},"12":{"start":{"line":13,"column":0},"end":{"line":13,"column":19}},"13":{"start":{"line":14,"column":0},"end":{"line":14,"column":8}},"14":{"start":{"line":15,"column":0},"end":{"line":15,"column":21}},"15":{"start":{"line":16,"column":0},"end":{"line":16,"column":51}},"16":{"start":{"line":17,"column":0},"end":{"line":17,"column":19}},"17":{"start":{"line":18,"column":0},"end":{"line":18,"column":8}},"18":{"start":{"line":19,"column":0},"end":{"line":19,"column":5}},"19":{"start":{"line":20,"column":0},"end":{"line":20,"column":0}},"20":{"start":{"line":21,"column":0},"end":{"line":21,"column":0}},"21":{"start":{"line":22,"column":0},"end":{"line":22,"column":1}}},"s":{"0":1,"1":1,"2":4,"3":4,"4":4,"5":3,"6":3,"7":3,"8":2,"9":2,"10":4,"11":1,"12":1,"13":1,"14":1,"15":1,"16":1,"17":1,"18":1,"19":4,"20":4,"21":4},"branchMap":{"0":{"type":"branch","line":2,"loc":{"start":{"line":2,"column":7},"end":{"line":22,"column":1}},"locations":[{"start":{"line":2,"column":7},"end":{"line":22,"column":1}}]},"1":{"type":"branch","line":5,"loc":{"start":{"line":5,"column":30},"end":{"line":5,"column":42}},"locations":[{"start":{"line":5,"column":30},"end":{"line":5,"column":42}}]},"2":{"type":"branch","line":6,"loc":{"start":{"line":6,"column":-2},"end":{"line":8,"column":81}},"locations":[{"start":{"line":6,"column":-2},"end":{"line":8,"column":81}}]},"3":{"type":"branch","line":9,"loc":{"start":{"line":9,"column":-2},"end":{"line":11,"column":21}},"locations":[{"start":{"line":9,"column":-2},"end":{"line":11,"column":21}}]},"4":{"type":"branch","line":11,"loc":{"start":{"line":11,"column":21},"end":{"line":19,"column":5}},"locations":[{"start":{"line":11,"column":21},"end":{"line":19,"column":5}}]}},"b":{"0":[4],"1":[1],"2":[3],"3":[2],"4":[1]},"fnMap":{"0":{"name":"buscarCEP","decl":{"start":{"line":2,"column":7},"end":{"line":22,"column":1}},"loc":{"start":{"line":2,"column":7},"end":{"line":22,"column":1}},"line":2}},"f":{"0":4}}
,"C:\\Users\\Arthur Cezar\\Desktop\\Des-Sist-Corp-UFPB\\projeto-ep05\\frontend-cliente\\src\\api\\productApi.js": {"path":"C:\\Users\\Arthur Cezar\\Desktop\\Des-Sist-Corp-UFPB\\projeto-ep05\\frontend-cliente\\src\\api\\productApi.js","all":false,"statementMap":{"0":{"start":{"line":1,"column":0},"end":{"line":1,"column":43}},"1":{"start":{"line":2,"column":0},"end":{"line":2,"column":0}},"2":{"start":{"line":3,"column":0},"end":{"line":3,"column":80}},"3":{"start":{"line":4,"column":0},"end":{"line":4,"column":31}},"4":{"start":{"line":5,"column":0},"end":{"line":5,"column":10}},"5":{"start":{"line":6,"column":0},"end":{"line":6,"column":13}},"6":{"start":{"line":7,"column":0},"end":{"line":7,"column":17}},"7":{"start":{"line":8,"column":0},"end":{"line":8,"column":29}},"8":{"start":{"line":9,"column":0},"end":{"line":9,"column":31}},"9":{"start":{"line":10,"column":0},"end":{"line":10,"column":36}},"10":{"start":{"line":11,"column":0},"end":{"line":11,"column":31}},"11":{"start":{"line":12,"column":0},"end":{"line":12,"column":21}},"12":{"start":{"line":13,"column":0},"end":{"line":13,"column":19}},"13":{"start":{"line":14,"column":0},"end":{"line":14,"column":79}},"14":{"start":{"line":15,"column":0},"end":{"line":15,"column":32}},"15":{"start":{"line":16,"column":0},"end":{"line":16,"column":29}},"16":{"start":{"line":17,"column":0},"end":{"line":17,"column":4}},"17":{"start":{"line":18,"column":0},"end":{"line":18,"column":1}},"18":{"start":{"line":19,"column":0},"end":{"line":19,"column":0}},"19":{"start":{"line":20,"column":0},"end":{"line":20,"column":78}},"20":{"start":{"line":21,"column":0},"end":{"line":21,"column":61}},"21":{"start":{"line":22,"column":0},"end":{"line":22,"column":0}},"22":{"start":{"line":23,"column":0},"end":{"line":23,"column":93}},"23":{"start":{"line":24,"column":0},"end":{"line":24,"column":53}},"24":{"start":{"line":25,"column":0},"end":{"line":25,"column":43}},"25":{"start":{"line":26,"column":0},"end":{"line":26,"column":61}},"26":{"start":{"line":27,"column":0},"end":{"line":27,"column":0}},"27":{"start":{"line":28,"column":0},"end":{"line":28,"column":53}},"28":{"start":{"line":29,"column":0},"end":{"line":29,"column":58}},"29":{"start":{"line":30,"column":0},"end":{"line":30,"column":38}},"30":{"start":{"line":31,"column":0},"end":{"line":31,"column":59}},"31":{"start":{"line":32,"column":0},"end":{"line":32,"column":2}},"32":{"start":{"line":33,"column":0},"end":{"line":33,"column":0}},"33":{"start":{"line":34,"column":0},"end":{"line":34,"column":42}},"34":{"start":{"line":35,"column":0},"end":{"line":35,"column":77}},"35":{"start":{"line":36,"column":0},"end":{"line":36,"column":2}},"36":{"start":{"line":37,"column":0},"end":{"line":37,"column":0}},"37":{"start":{"line":38,"column":0},"end":{"line":38,"column":45}},"38":{"start":{"line":39,"column":0},"end":{"line":39,"column":49}},"39":{"start":{"line":40,"column":0},"end":{"line":40,"column":26}},"40":{"start":{"line":41,"column":0},"end":{"line":41,"column":2}},"41":{"start":{"line":42,"column":0},"end":{"line":42,"column":0}},"42":{"start":{"line":43,"column":0},"end":{"line":43,"column":83}},"43":{"start":{"line":44,"column":0},"end":{"line":44,"column":41}},"44":{"start":{"line":45,"column":0},"end":{"line":45,"column":66}},"45":{"start":{"line":46,"column":0},"end":{"line":46,"column":38}},"46":{"start":{"line":47,"column":0},"end":{"line":47,"column":59}},"47":{"start":{"line":48,"column":0},"end":{"line":48,"column":2}},"48":{"start":{"line":49,"column":0},"end":{"line":49,"column":0}},"49":{"start":{"line":50,"column":0},"end":{"line":50,"column":87}},"50":{"start":{"line":51,"column":0},"end":{"line":51,"column":44}},"51":{"start":{"line":52,"column":0},"end":{"line":52,"column":50}},"52":{"start":{"line":53,"column":0},"end":{"line":53,"column":38}},"53":{"start":{"line":54,"column":0},"end":{"line":54,"column":59}},"54":{"start":{"line":55,"column":0},"end":{"line":55,"column":2}}},"s":{"0":1,"1":1,"2":1,"3":1,"4":7,"5":7,"6":7,"7":7,"8":7,"9":7,"10":7,"11":7,"12":7,"13":7,"14":7,"15":7,"16":7,"17":7,"18":1,"19":1,"20":1,"21":1,"22":1,"23":4,"24":4,"25":4,"26":4,"27":4,"28":4,"29":4,"30":4,"31":4,"32":1,"33":1,"34":1,"35":1,"36":1,"37":1,"38":1,"39":1,"40":1,"41":1,"42":1,"43":1,"44":1,"45":1,"46":1,"47":1,"48":1,"49":1,"50":1,"51":1,"52":1,"53":1,"54":1},"branchMap":{"0":{"type":"branch","line":4,"loc":{"start":{"line":4,"column":7},"end":{"line":18,"column":1}},"locations":[{"start":{"line":4,"column":7},"end":{"line":18,"column":1}}]},"1":{"type":"branch","line":10,"loc":{"start":{"line":10,"column":30},"end":{"line":10,"column":35}},"locations":[{"start":{"line":10,"column":30},"end":{"line":10,"column":35}}]},"2":{"type":"branch","line":14,"loc":{"start":{"line":14,"column":25},"end":{"line":14,"column":52}},"locations":[{"start":{"line":14,"column":25},"end":{"line":14,"column":52}}]},"3":{"type":"branch","line":14,"loc":{"start":{"line":14,"column":53},"end":{"line":14,"column":71}},"locations":[{"start":{"line":14,"column":53},"end":{"line":14,"column":71}}]},"4":{"type":"branch","line":14,"loc":{"start":{"line":14,"column":72},"end":{"line":14,"column":78}},"locations":[{"start":{"line":14,"column":72},"end":{"line":14,"column":78}}]},"5":{"type":"branch","line":15,"loc":{"start":{"line":15,"column":26},"end":{"line":15,"column":31}},"locations":[{"start":{"line":15,"column":26},"end":{"line":15,"column":31}}]},"6":{"type":"branch","line":16,"loc":{"start":{"line":16,"column":24},"end":{"line":16,"column":28}},"locations":[{"start":{"line":16,"column":24},"end":{"line":16,"column":28}}]},"7":{"type":"branch","line":23,"loc":{"start":{"line":23,"column":27},"end":{"line":32,"column":2}},"locations":[{"start":{"line":23,"column":27},"end":{"line":32,"column":2}}]},"8":{"type":"branch","line":25,"loc":{"start":{"line":25,"column":13},"end":{"line":25,"column":43}},"locations":[{"start":{"line":25,"column":13},"end":{"line":25,"column":43}}]},"9":{"type":"branch","line":26,"loc":{"start":{"line":26,"column":19},"end":{"line":26,"column":61}},"locations":[{"start":{"line":26,"column":19},"end":{"line":26,"column":61}}]},"10":{"type":"branch","line":30,"loc":{"start":{"line":30,"column":30},"end":{"line":30,"column":37}},"locations":[{"start":{"line":30,"column":30},"end":{"line":30,"column":37}}]},"11":{"type":"branch","line":31,"loc":{"start":{"line":31,"column":30},"end":{"line":31,"column":53}},"locations":[{"start":{"line":31,"column":30},"end":{"line":31,"column":53}}]},"12":{"type":"branch","line":31,"loc":{"start":{"line":31,"column":54},"end":{"line":31,"column":58}},"locations":[{"start":{"line":31,"column":54},"end":{"line":31,"column":58}}]},"13":{"type":"branch","line":34,"loc":{"start":{"line":34,"column":29},"end":{"line":36,"column":2}},"locations":[{"start":{"line":34,"column":29},"end":{"line":36,"column":2}}]},"14":{"type":"branch","line":38,"loc":{"start":{"line":38,"column":30},"end":{"line":41,"column":2}},"locations":[{"start":{"line":38,"column":30},"end":{"line":41,"column":2}}]},"15":{"type":"branch","line":44,"loc":{"start":{"line":44,"column":28},"end":{"line":48,"column":2}},"locations":[{"start":{"line":44,"column":28},"end":{"line":48,"column":2}}]},"16":{"type":"branch","line":46,"loc":{"start":{"line":46,"column":30},"end":{"line":46,"column":37}},"locations":[{"start":{"line":46,"column":30},"end":{"line":46,"column":37}}]},"17":{"type":"branch","line":47,"loc":{"start":{"line":47,"column":54},"end":{"line":47,"column":58}},"locations":[{"start":{"line":47,"column":54},"end":{"line":47,"column":58}}]},"18":{"type":"branch","line":51,"loc":{"start":{"line":51,"column":31},"end":{"line":55,"column":2}},"locations":[{"start":{"line":51,"column":31},"end":{"line":55,"column":2}}]},"19":{"type":"branch","line":53,"loc":{"start":{"line":53,"column":30},"end":{"line":53,"column":37}},"locations":[{"start":{"line":53,"column":30},"end":{"line":53,"column":37}}]},"20":{"type":"branch","line":54,"loc":{"start":{"line":54,"column":54},"end":{"line":54,"column":58}},"locations":[{"start":{"line":54,"column":54},"end":{"line":54,"column":58}}]}},"b":{"0":[7],"1":[1],"2":[6],"3":[6],"4":[1],"5":[1],"6":[1],"7":[4],"8":[1],"9":[1],"10":[2],"11":[3],"12":[1],"13":[1],"14":[1],"15":[1],"16":[0],"17":[0],"18":[1],"19":[0],"20":[0]},"fnMap":{"0":{"name":"mapProduto","decl":{"start":{"line":4,"column":7},"end":{"line":18,"column":1}},"loc":{"start":{"line":4,"column":7},"end":{"line":18,"column":1}},"line":4},"1":{"name":"getProdutos","decl":{"start":{"line":23,"column":27},"end":{"line":32,"column":2}},"loc":{"start":{"line":23,"column":27},"end":{"line":32,"column":2}},"line":23},"2":{"name":"getCategorias","decl":{"start":{"line":34,"column":29},"end":{"line":36,"column":2}},"loc":{"start":{"line":34,"column":29},"end":{"line":36,"column":2}},"line":34},"3":{"name":"getProdutoById","decl":{"start":{"line":38,"column":30},"end":{"line":41,"column":2}},"loc":{"start":{"line":38,"column":30},"end":{"line":41,"column":2}},"line":38},"4":{"name":"getPromocoes","decl":{"start":{"line":44,"column":28},"end":{"line":48,"column":2}},"loc":{"start":{"line":44,"column":28},"end":{"line":48,"column":2}},"line":44},"5":{"name":"getMaisVendidos","decl":{"start":{"line":51,"column":31},"end":{"line":55,"column":2}},"loc":{"start":{"line":51,"column":31},"end":{"line":55,"column":2}},"line":51}},"f":{"0":7,"1":4,"2":1,"3":1,"4":1,"5":1}}
,"C:\\Users\\Arthur Cezar\\Desktop\\Des-Sist-Corp-UFPB\\projeto-ep05\\frontend-cliente\\src\\components\\BackButton\\BackButton.jsx": {"path":"C:\\Users\\Arthur Cezar\\Desktop\\Des-Sist-Corp-UFPB\\projeto-ep05\\frontend-cliente\\src\\components\\BackButton\\BackButton.jsx","all":false,"statementMap":{"0":{"start":{"line":1,"column":0},"end":{"line":1,"column":38}},"1":{"start":{"line":2,"column":0},"end":{"line":2,"column":60}},"2":{"start":{"line":3,"column":0},"end":{"line":3,"column":25}},"3":{"start":{"line":4,"column":0},"end":{"line":4,"column":45}},"4":{"start":{"line":5,"column":0},"end":{"line":5,"column":47}},"6":{"start":{"line":7,"column":0},"end":{"line":7,"column":35}},"7":{"start":{"line":8,"column":0},"end":{"line":8,"column":35}},"9":{"start":{"line":10,"column":0},"end":{"line":10,"column":30}},"10":{"start":{"line":11,"column":0},"end":{"line":11,"column":82}},"11":{"start":{"line":12,"column":0},"end":{"line":12,"column":39}},"12":{"start":{"line":13,"column":0},"end":{"line":13,"column":34}},"13":{"start":{"line":14,"column":0},"end":{"line":14,"column":23}},"14":{"start":{"line":15,"column":0},"end":{"line":15,"column":13}},"15":{"start":{"line":16,"column":0},"end":{"line":16,"column":9}},"17":{"start":{"line":18,"column":0},"end":{"line":18,"column":21}},"18":{"start":{"line":19,"column":0},"end":{"line":19,"column":6}},"20":{"start":{"line":21,"column":0},"end":{"line":21,"column":12}},"21":{"start":{"line":22,"column":0},"end":{"line":22,"column":120}},"23":{"start":{"line":24,"column":0},"end":{"line":24,"column":17}},"25":{"start":{"line":26,"column":0},"end":{"line":26,"column":1}},"27":{"start":{"line":28,"column":0},"end":{"line":28,"column":25}}},"s":{"0":1,"1":1,"2":1,"3":1,"4":1,"6":261,"7":261,"9":261,"10":4,"11":3,"12":2,"13":2,"14":2,"15":3,"17":2,"18":4,"20":261,"21":261,"23":261,"25":261,"27":1},"branchMap":{"0":{"type":"branch","line":5,"loc":{"start":{"line":5,"column":20},"end":{"line":26,"column":1}},"locations":[{"start":{"line":5,"column":20},"end":{"line":26,"column":1}}]},"1":{"type":"branch","line":10,"loc":{"start":{"line":10,"column":23},"end":{"line":19,"column":6}},"locations":[{"start":{"line":10,"column":23},"end":{"line":19,"column":6}}]},"2":{"type":"branch","line":11,"loc":{"start":{"line":11,"column":34},"end":{"line":11,"column":81}},"locations":[{"start":{"line":11,"column":34},"end":{"line":11,"column":81}}]},"3":{"type":"branch","line":11,"loc":{"start":{"line":11,"column":81},"end":{"line":16,"column":9}},"locations":[{"start":{"line":11,"column":81},"end":{"line":16,"column":9}}]},"4":{"type":"branch","line":12,"loc":{"start":{"line":12,"column":25},"end":{"line":12,"column":38}},"locations":[{"start":{"line":12,"column":25},"end":{"line":12,"column":38}}]},"5":{"type":"branch","line":12,"loc":{"start":{"line":12,"column":38},"end":{"line":15,"column":13}},"locations":[{"start":{"line":12,"column":38},"end":{"line":15,"column":13}}]},"6":{"type":"branch","line":16,"loc":{"start":{"line":16,"column":8},"end":{"line":18,"column":21}},"locations":[{"start":{"line":16,"column":8},"end":{"line":18,"column":21}}]}},"b":{"0":[261],"1":[4],"2":[2],"3":[3],"4":[2],"5":[2],"6":[2]},"fnMap":{"0":{"name":"BackButton","decl":{"start":{"line":5,"column":20},"end":{"line":26,"column":1}},"loc":{"start":{"line":5,"column":20},"end":{"line":26,"column":1}},"line":5},"1":{"name":"handleBack","decl":{"start":{"line":10,"column":23},"end":{"line":19,"column":6}},"loc":{"start":{"line":10,"column":23},"end":{"line":19,"column":6}},"line":10}},"f":{"0":261,"1":4}}
,"C:\\Users\\Arthur Cezar\\Desktop\\Des-Sist-Corp-UFPB\\projeto-ep05\\frontend-cliente\\src\\components\\Button\\Button.jsx": {"path":"C:\\Users\\Arthur Cezar\\Desktop\\Des-Sist-Corp-UFPB\\projeto-ep05\\frontend-cliente\\src\\components\\Button\\Button.jsx","all":false,"statementMap":{"1":{"start":{"line":2,"column":0},"end":{"line":2,"column":26}},"2":{"start":{"line":3,"column":0},"end":{"line":3,"column":22}},"4":{"start":{"line":5,"column":0},"end":{"line":5,"column":17}},"5":{"start":{"line":6,"column":0},"end":{"line":6,"column":11}},"6":{"start":{"line":7,"column":0},"end":{"line":7,"column":22}},"7":{"start":{"line":8,"column":0},"end":{"line":8,"column":7}},"8":{"start":{"line":9,"column":0},"end":{"line":9,"column":18}},"9":{"start":{"line":10,"column":0},"end":{"line":10,"column":10}},"10":{"start":{"line":11,"column":0},"end":{"line":11,"column":19}},"11":{"start":{"line":12,"column":0},"end":{"line":12,"column":17}},"12":{"start":{"line":13,"column":0},"end":{"line":13,"column":7}},"13":{"start":{"line":14,"column":0},"end":{"line":14,"column":10}},"14":{"start":{"line":15,"column":0},"end":{"line":15,"column":11}},"15":{"start":{"line":16,"column":0},"end":{"line":16,"column":52}},"16":{"start":{"line":17,"column":0},"end":{"line":17,"column":17}},"17":{"start":{"line":18,"column":0},"end":{"line":18,"column":23}},"18":{"start":{"line":19,"column":0},"end":{"line":19,"column":25}},"20":{"start":{"line":21,"column":0},"end":{"line":21,"column":57}},"21":{"start":{"line":22,"column":0},"end":{"line":22,"column":51}},"22":{"start":{"line":23,"column":0},"end":{"line":23,"column":13}},"24":{"start":{"line":25,"column":0},"end":{"line":25,"column":2}},"26":{"start":{"line":27,"column":0},"end":{"line":27,"column":22}}},"s":{"1":1,"2":1,"4":1,"5":611,"6":611,"7":611,"8":611,"9":611,"10":611,"11":611,"12":611,"13":611,"14":611,"15":611,"16":611,"17":611,"18":611,"20":611,"21":611,"22":611,"24":611,"26":1},"branchMap":{"0":{"type":"branch","line":5,"loc":{"start":{"line":5,"column":15},"end":{"line":25,"column":2}},"locations":[{"start":{"line":5,"column":15},"end":{"line":25,"column":2}}]},"1":{"type":"branch","line":21,"loc":{"start":{"line":21,"column":7},"end":{"line":21,"column":57}},"locations":[{"start":{"line":21,"column":7},"end":{"line":21,"column":57}}]}},"b":{"0":[611],"1":[273]},"fnMap":{"0":{"name":"Button","decl":{"start":{"line":5,"column":15},"end":{"line":25,"column":2}},"loc":{"start":{"line":5,"column":15},"end":{"line":25,"column":2}},"line":5}},"f":{"0":611}}
,"C:\\Users\\Arthur Cezar\\Desktop\\Des-Sist-Corp-UFPB\\projeto-ep05\\frontend-cliente\\src\\components\\ErrorState\\ErrorState.jsx": {"path":"C:\\Users\\Arthur Cezar\\Desktop\\Des-Sist-Corp-UFPB\\projeto-ep05\\frontend-cliente\\src\\components\\ErrorState\\ErrorState.jsx","all":false,"statementMap":{"0":{"start":{"line":1,"column":0},"end":{"line":1,"column":26}},"1":{"start":{"line":2,"column":0},"end":{"line":2,"column":26}},"4":{"start":{"line":5,"column":0},"end":{"line":5,"column":73}},"5":{"start":{"line":6,"column":0},"end":{"line":6,"column":68}},"7":{"start":{"line":8,"column":0},"end":{"line":8,"column":12}},"8":{"start":{"line":9,"column":0},"end":{"line":9,"column":41}},"9":{"start":{"line":10,"column":0},"end":{"line":10,"column":56}},"10":{"start":{"line":11,"column":0},"end":{"line":11,"column":31}},"11":{"start":{"line":12,"column":0},"end":{"line":12,"column":80}},"12":{"start":{"line":13,"column":0},"end":{"line":13,"column":64}},"14":{"start":{"line":15,"column":0},"end":{"line":15,"column":21}},"15":{"start":{"line":16,"column":0},"end":{"line":16,"column":14}},"17":{"start":{"line":18,"column":0},"end":{"line":18,"column":2}},"19":{"start":{"line":20,"column":0},"end":{"line":20,"column":26}}},"s":{"0":1,"1":1,"4":1,"5":8,"7":8,"8":8,"9":8,"10":8,"11":8,"12":8,"14":8,"15":8,"17":8,"19":1},"branchMap":{"0":{"type":"branch","line":5,"loc":{"start":{"line":5,"column":19},"end":{"line":18,"column":2}},"locations":[{"start":{"line":5,"column":19},"end":{"line":18,"column":2}}]},"1":{"type":"branch","line":6,"loc":{"start":{"line":6,"column":24},"end":{"line":6,"column":68}},"locations":[{"start":{"line":6,"column":24},"end":{"line":6,"column":68}}]}},"b":{"0":[8],"1":[2]},"fnMap":{"0":{"name":"ErrorState","decl":{"start":{"line":5,"column":19},"end":{"line":18,"column":2}},"loc":{"start":{"line":5,"column":19},"end":{"line":18,"column":2}},"line":5},"1":{"name":"ErrorState.handleRetry","decl":{"start":{"line":6,"column":36},"end":{"line":6,"column":68}},"loc":{"start":{"line":6,"column":36},"end":{"line":6,"column":68}},"line":6}},"f":{"0":8,"1":0}}
,"C:\\Users\\Arthur Cezar\\Desktop\\Des-Sist-Corp-UFPB\\projeto-ep05\\frontend-cliente\\src\\components\\Input\\Input.jsx": {"path":"C:\\Users\\Arthur Cezar\\Desktop\\Des-Sist-Corp-UFPB\\projeto-ep05\\frontend-cliente\\src\\components\\Input\\Input.jsx","all":false,"statementMap":{"0":{"start":{"line":1,"column":0},"end":{"line":1,"column":26}},"1":{"start":{"line":2,"column":0},"end":{"line":2,"column":21}},"3":{"start":{"line":4,"column":0},"end":{"line":4,"column":46}},"4":{"start":{"line":5,"column":0},"end":{"line":5,"column":10}},"5":{"start":{"line":6,"column":0},"end":{"line":6,"column":35}},"7":{"start":{"line":8,"column":0},"end":{"line":8,"column":17}},"8":{"start":{"line":9,"column":0},"end":{"line":9,"column":58}},"9":{"start":{"line":10,"column":0},"end":{"line":10,"column":17}},"10":{"start":{"line":11,"column":0},"end":{"line":11,"column":16}},"13":{"start":{"line":14,"column":0},"end":{"line":14,"column":12}},"14":{"start":{"line":15,"column":0},"end":{"line":15,"column":19}},"15":{"start":{"line":16,"column":0},"end":{"line":16,"column":103}},"17":{"start":{"line":18,"column":0},"end":{"line":18,"column":8}},"19":{"start":{"line":20,"column":0},"end":{"line":20,"column":16}},"20":{"start":{"line":21,"column":0},"end":{"line":21,"column":37}},"21":{"start":{"line":22,"column":0},"end":{"line":22,"column":16}},"22":{"start":{"line":23,"column":0},"end":{"line":23,"column":12}},"25":{"start":{"line":26,"column":0},"end":{"line":26,"column":10}},"27":{"start":{"line":28,"column":0},"end":{"line":28,"column":2}},"29":{"start":{"line":30,"column":0},"end":{"line":30,"column":21}}},"s":{"0":1,"1":1,"3":1,"4":915,"5":915,"7":915,"8":656,"9":656,"10":656,"13":915,"14":915,"15":915,"17":915,"19":915,"20":23,"21":23,"22":23,"25":915,"27":915,"29":1},"branchMap":{"0":{"type":"branch","line":4,"loc":{"start":{"line":4,"column":14},"end":{"line":28,"column":2}},"locations":[{"start":{"line":4,"column":14},"end":{"line":28,"column":2}}]},"1":{"type":"branch","line":8,"loc":{"start":{"line":8,"column":7},"end":{"line":11,"column":16}},"locations":[{"start":{"line":8,"column":7},"end":{"line":11,"column":16}}]},"2":{"type":"branch","line":16,"loc":{"start":{"line":16,"column":35},"end":{"line":16,"column":58}},"locations":[{"start":{"line":16,"column":35},"end":{"line":16,"column":58}}]},"3":{"type":"branch","line":16,"loc":{"start":{"line":16,"column":42},"end":{"line":16,"column":60}},"locations":[{"start":{"line":16,"column":42},"end":{"line":16,"column":60}}]},"4":{"type":"branch","line":16,"loc":{"start":{"line":16,"column":70},"end":{"line":16,"column":100}},"locations":[{"start":{"line":16,"column":70},"end":{"line":16,"column":100}}]},"5":{"type":"branch","line":16,"loc":{"start":{"line":16,"column":81},"end":{"line":16,"column":102}},"locations":[{"start":{"line":16,"column":81},"end":{"line":16,"column":102}}]},"6":{"type":"branch","line":20,"loc":{"start":{"line":20,"column":7},"end":{"line":23,"column":12}},"locations":[{"start":{"line":20,"column":7},"end":{"line":23,"column":12}}]}},"b":{"0":[915],"1":[656],"2":[23],"3":[892],"4":[57],"5":[858],"6":[23]},"fnMap":{"0":{"name":"Input","decl":{"start":{"line":4,"column":14},"end":{"line":28,"column":2}},"loc":{"start":{"line":4,"column":14},"end":{"line":28,"column":2}},"line":4}},"f":{"0":915}}
,"C:\\Users\\Arthur Cezar\\Desktop\\Des-Sist-Corp-UFPB\\projeto-ep05\\frontend-cliente\\src\\components\\LayoutPage\\LayoutPage.jsx": {"path":"C:\\Users\\Arthur Cezar\\Desktop\\Des-Sist-Corp-UFPB\\projeto-ep05\\frontend-cliente\\src\\components\\LayoutPage\\LayoutPage.jsx","all":false,"statementMap":{"0":{"start":{"line":1,"column":0},"end":{"line":1,"column":26}},"1":{"start":{"line":2,"column":0},"end":{"line":2,"column":26}},"2":{"start":{"line":3,"column":0},"end":{"line":3,"column":38}},"3":{"start":{"line":4,"column":0},"end":{"line":4,"column":46}},"4":{"start":{"line":5,"column":0},"end":{"line":5,"column":61}},"5":{"start":{"line":6,"column":0},"end":{"line":6,"column":41}},"6":{"start":{"line":7,"column":0},"end":{"line":7,"column":56}},"7":{"start":{"line":8,"column":0},"end":{"line":8,"column":51}},"11":{"start":{"line":12,"column":0},"end":{"line":12,"column":52}},"12":{"start":{"line":13,"column":0},"end":{"line":13,"column":52}},"14":{"start":{"line":15,"column":0},"end":{"line":15,"column":26}},"15":{"start":{"line":16,"column":0},"end":{"line":16,"column":36}},"16":{"start":{"line":17,"column":0},"end":{"line":17,"column":35}},"18":{"start":{"line":19,"column":0},"end":{"line":19,"column":56}},"21":{"start":{"line":22,"column":0},"end":{"line":22,"column":35}},"22":{"start":{"line":23,"column":0},"end":{"line":23,"column":30}},"23":{"start":{"line":24,"column":0},"end":{"line":24,"column":21}},"24":{"start":{"line":25,"column":0},"end":{"line":25,"column":25}},"25":{"start":{"line":26,"column":0},"end":{"line":26,"column":16}},"26":{"start":{"line":27,"column":0},"end":{"line":27,"column":30}},"27":{"start":{"line":28,"column":0},"end":{"line":28,"column":9}},"29":{"start":{"line":30,"column":0},"end":{"line":30,"column":5}},"31":{"start":{"line":32,"column":0},"end":{"line":32,"column":12}},"32":{"start":{"line":33,"column":0},"end":{"line":33,"column":47}},"35":{"start":{"line":36,"column":0},"end":{"line":36,"column":48}},"38":{"start":{"line":39,"column":0},"end":{"line":39,"column":84}},"39":{"start":{"line":40,"column":0},"end":{"line":40,"column":49}},"40":{"start":{"line":41,"column":0},"end":{"line":41,"column":41}},"41":{"start":{"line":42,"column":0},"end":{"line":42,"column":22}},"44":{"start":{"line":45,"column":0},"end":{"line":45,"column":50}},"45":{"start":{"line":46,"column":0},"end":{"line":46,"column":60}},"46":{"start":{"line":47,"column":0},"end":{"line":47,"column":63}},"47":{"start":{"line":48,"column":0},"end":{"line":48,"column":57}},"48":{"start":{"line":49,"column":0},"end":{"line":49,"column":22}},"51":{"start":{"line":52,"column":0},"end":{"line":52,"column":58}},"52":{"start":{"line":53,"column":0},"end":{"line":53,"column":27}},"54":{"start":{"line":55,"column":0},"end":{"line":55,"column":49}},"55":{"start":{"line":56,"column":0},"end":{"line":56,"column":41}},"57":{"start":{"line":58,"column":0},"end":{"line":58,"column":48}},"58":{"start":{"line":59,"column":0},"end":{"line":59,"column":51}},"59":{"start":{"line":60,"column":0},"end":{"line":60,"column":38}},"60":{"start":{"line":61,"column":0},"end":{"line":61,"column":29}},"62":{"start":{"line":63,"column":0},"end":{"line":63,"column":114}},"63":{"start":{"line":64,"column":0},"end":{"line":64,"column":44}},"64":{"start":{"line":65,"column":0},"end":{"line":65,"column":29}},"65":{"start":{"line":66,"column":0},"end":{"line":66,"column":40}},"66":{"start":{"line":67,"column":0},"end":{"line":67,"column":73}},"67":{"start":{"line":68,"column":0},"end":{"line":68,"column":68}},"68":{"start":{"line":69,"column":0},"end":{"line":69,"column":48}},"69":{"start":{"line":70,"column":0},"end":{"line":70,"column":34}},"70":{"start":{"line":71,"column":0},"end":{"line":71,"column":31}},"71":{"start":{"line":72,"column":0},"end":{"line":72,"column":29}},"73":{"start":{"line":74,"column":0},"end":{"line":74,"column":22}},"74":{"start":{"line":75,"column":0},"end":{"line":75,"column":18}},"77":{"start":{"line":78,"column":0},"end":{"line":78,"column":49}},"78":{"start":{"line":79,"column":0},"end":{"line":79,"column":26}},"79":{"start":{"line":80,"column":0},"end":{"line":80,"column":18}},"82":{"start":{"line":83,"column":0},"end":{"line":83,"column":44}},"84":{"start":{"line":85,"column":0},"end":{"line":85,"column":47}},"85":{"start":{"line":86,"column":0},"end":{"line":86,"column":18}},"86":{"start":{"line":87,"column":0},"end":{"line":87,"column":14}},"88":{"start":{"line":89,"column":0},"end":{"line":89,"column":1}},"90":{"start":{"line":91,"column":0},"end":{"line":91,"column":26}}},"s":{"0":1,"1":1,"2":1,"3":1,"4":1,"5":1,"6":1,"7":1,"11":1,"12":1,"14":1,"15":11,"16":11,"18":11,"21":11,"22":2,"23":1,"24":1,"25":1,"26":1,"27":1,"29":2,"31":11,"32":11,"35":11,"38":11,"39":11,"40":11,"41":11,"44":11,"45":11,"46":11,"47":11,"48":11,"51":11,"52":11,"54":11,"55":11,"57":11,"58":3,"59":8,"60":11,"62":11,"63":11,"64":11,"65":11,"66":3,"67":3,"68":3,"69":3,"70":3,"71":8,"73":11,"74":11,"77":11,"78":11,"79":11,"82":11,"84":11,"85":11,"86":11,"88":11,"90":1},"branchMap":{"0":{"type":"branch","line":15,"loc":{"start":{"line":15,"column":19},"end":{"line":89,"column":1}},"locations":[{"start":{"line":15,"column":19},"end":{"line":89,"column":1}}]},"1":{"type":"branch","line":58,"loc":{"start":{"line":58,"column":25},"end":{"line":58,"column":48}},"locations":[{"start":{"line":58,"column":25},"end":{"line":58,"column":48}}]},"2":{"type":"branch","line":58,"loc":{"start":{"line":58,"column":44},"end":{"line":59,"column":51}},"locations":[{"start":{"line":58,"column":44},"end":{"line":59,"column":51}}]},"3":{"type":"branch","line":59,"loc":{"start":{"line":59,"column":48},"end":{"line":60,"column":38}},"locations":[{"start":{"line":59,"column":48},"end":{"line":60,"column":38}}]},"4":{"type":"branch","line":66,"loc":{"start":{"line":66,"column":21},"end":{"line":71,"column":31}},"locations":[{"start":{"line":66,"column":21},"end":{"line":71,"column":31}}]},"5":{"type":"branch","line":71,"loc":{"start":{"line":71,"column":24},"end":{"line":72,"column":29}},"locations":[{"start":{"line":71,"column":24},"end":{"line":72,"column":29}}]},"6":{"type":"branch","line":22,"loc":{"start":{"line":22,"column":28},"end":{"line":30,"column":5}},"locations":[{"start":{"line":22,"column":28},"end":{"line":30,"column":5}}]},"7":{"type":"branch","line":23,"loc":{"start":{"line":23,"column":29},"end":{"line":28,"column":9}},"locations":[{"start":{"line":23,"column":29},"end":{"line":28,"column":9}}]},"8":{"type":"branch","line":39,"loc":{"start":{"line":39,"column":59},"end":{"line":39,"column":84}},"locations":[{"start":{"line":39,"column":59},"end":{"line":39,"column":84}}]},"9":{"type":"branch","line":63,"loc":{"start":{"line":63,"column":65},"end":{"line":63,"column":94}},"locations":[{"start":{"line":63,"column":65},"end":{"line":63,"column":94}}]}},"b":{"0":[11],"1":[3],"2":[3],"3":[8],"4":[3],"5":[8],"6":[2],"7":[1],"8":[1],"9":[1]},"fnMap":{"0":{"name":"LayoutPage","decl":{"start":{"line":15,"column":19},"end":{"line":89,"column":1}},"loc":{"start":{"line":15,"column":19},"end":{"line":89,"column":1}},"line":15},"1":{"name":"handleUserClick","decl":{"start":{"line":22,"column":28},"end":{"line":30,"column":5}},"loc":{"start":{"line":22,"column":28},"end":{"line":30,"column":5}},"line":22},"2":{"name":"onClick","decl":{"start":{"line":39,"column":59},"end":{"line":39,"column":84}},"loc":{"start":{"line":39,"column":59},"end":{"line":39,"column":84}},"line":39},"3":{"name":"onClick","decl":{"start":{"line":63,"column":65},"end":{"line":63,"column":94}},"loc":{"start":{"line":63,"column":65},"end":{"line":63,"column":94}},"line":63}},"f":{"0":11,"1":2,"2":1,"3":1}}
,"C:\\Users\\Arthur Cezar\\Desktop\\Des-Sist-Corp-UFPB\\projeto-ep05\\frontend-cliente\\src\\components\\LayoutStripes\\LayoutStripes.jsx": {"path":"C:\\Users\\Arthur Cezar\\Desktop\\Des-Sist-Corp-UFPB\\projeto-ep05\\frontend-cliente\\src\\components\\LayoutStripes\\LayoutStripes.jsx","all":false,"statementMap":{"0":{"start":{"line":1,"column":0},"end":{"line":1,"column":26}},"1":{"start":{"line":2,"column":0},"end":{"line":2,"column":29}},"2":{"start":{"line":3,"column":0},"end":{"line":3,"column":57}},"4":{"start":{"line":5,"column":0},"end":{"line":5,"column":55}},"5":{"start":{"line":6,"column":0},"end":{"line":6,"column":10}},"6":{"start":{"line":7,"column":0},"end":{"line":7,"column":51}},"8":{"start":{"line":9,"column":0},"end":{"line":9,"column":51}},"9":{"start":{"line":10,"column":0},"end":{"line":10,"column":19}},"10":{"start":{"line":11,"column":0},"end":{"line":11,"column":72}},"13":{"start":{"line":14,"column":0},"end":{"line":14,"column":68}},"16":{"start":{"line":17,"column":0},"end":{"line":17,"column":18}},"17":{"start":{"line":18,"column":0},"end":{"line":18,"column":12}},"19":{"start":{"line":20,"column":0},"end":{"line":20,"column":46}},"20":{"start":{"line":21,"column":0},"end":{"line":21,"column":39}},"21":{"start":{"line":22,"column":0},"end":{"line":22,"column":12}},"22":{"start":{"line":23,"column":0},"end":{"line":23,"column":10}},"24":{"start":{"line":25,"column":0},"end":{"line":25,"column":2}},"26":{"start":{"line":27,"column":0},"end":{"line":27,"column":29}}},"s":{"0":1,"1":1,"2":1,"4":1,"5":113,"6":113,"8":113,"9":113,"10":112,"13":113,"16":113,"17":113,"19":113,"20":113,"21":113,"22":113,"24":113,"26":1},"branchMap":{"0":{"type":"branch","line":5,"loc":{"start":{"line":5,"column":22},"end":{"line":25,"column":2}},"locations":[{"start":{"line":5,"column":22},"end":{"line":25,"column":2}}]},"1":{"type":"branch","line":10,"loc":{"start":{"line":10,"column":9},"end":{"line":11,"column":72}},"locations":[{"start":{"line":10,"column":9},"end":{"line":11,"column":72}}]},"2":{"type":"branch","line":14,"loc":{"start":{"line":14,"column":9},"end":{"line":14,"column":68}},"locations":[{"start":{"line":14,"column":9},"end":{"line":14,"column":68}}]}},"b":{"0":[113],"1":[112],"2":[112]},"fnMap":{"0":{"name":"LayoutStripes","decl":{"start":{"line":5,"column":22},"end":{"line":25,"column":2}},"loc":{"start":{"line":5,"column":22},"end":{"line":25,"column":2}},"line":5}},"f":{"0":113}}
,"C:\\Users\\Arthur Cezar\\Desktop\\Des-Sist-Corp-UFPB\\projeto-ep05\\frontend-cliente\\src\\components\\Loading\\Loading.jsx": {"path":"C:\\Users\\Arthur Cezar\\Desktop\\Des-Sist-Corp-UFPB\\projeto-ep05\\frontend-cliente\\src\\components\\Loading\\Loading.jsx","all":false,"statementMap":{"0":{"start":{"line":1,"column":0},"end":{"line":1,"column":26}},"1":{"start":{"line":2,"column":0},"end":{"line":2,"column":23}},"3":{"start":{"line":4,"column":0},"end":{"line":4,"column":67}},"4":{"start":{"line":5,"column":0},"end":{"line":5,"column":12}},"5":{"start":{"line":6,"column":0},"end":{"line":6,"column":43}},"6":{"start":{"line":7,"column":0},"end":{"line":7,"column":43}},"7":{"start":{"line":8,"column":0},"end":{"line":8,"column":31}},"8":{"start":{"line":9,"column":0},"end":{"line":9,"column":70}},"9":{"start":{"line":10,"column":0},"end":{"line":10,"column":14}},"11":{"start":{"line":12,"column":0},"end":{"line":12,"column":2}},"13":{"start":{"line":14,"column":0},"end":{"line":14,"column":23}}},"s":{"0":1,"1":1,"3":1,"4":34,"5":34,"6":34,"7":34,"8":34,"9":34,"11":34,"13":1},"branchMap":{"0":{"type":"branch","line":4,"loc":{"start":{"line":4,"column":16},"end":{"line":12,"column":2}},"locations":[{"start":{"line":4,"column":16},"end":{"line":12,"column":2}}]}},"b":{"0":[34]},"fnMap":{"0":{"name":"Loading","decl":{"start":{"line":4,"column":16},"end":{"line":12,"column":2}},"loc":{"start":{"line":4,"column":16},"end":{"line":12,"column":2}},"line":4}},"f":{"0":34}}
,"C:\\Users\\Arthur Cezar\\Desktop\\Des-Sist-Corp-UFPB\\projeto-ep05\\frontend-cliente\\src\\components\\MainScrollContainer\\MainScrollContainer.jsx": {"path":"C:\\Users\\Arthur Cezar\\Desktop\\Des-Sist-Corp-UFPB\\projeto-ep05\\frontend-cliente\\src\\components\\MainScrollContainer\\MainScrollContainer.jsx","all":false,"statementMap":{"0":{"start":{"line":1,"column":0},"end":{"line":1,"column":26}},"1":{"start":{"line":2,"column":0},"end":{"line":2,"column":35}},"3":{"start":{"line":4,"column":0},"end":{"line":4,"column":65}},"4":{"start":{"line":5,"column":0},"end":{"line":5,"column":10}},"5":{"start":{"line":6,"column":0},"end":{"line":6,"column":61}},"6":{"start":{"line":7,"column":0},"end":{"line":7,"column":43}},"7":{"start":{"line":8,"column":0},"end":{"line":8,"column":18}},"8":{"start":{"line":9,"column":0},"end":{"line":9,"column":12}},"9":{"start":{"line":10,"column":0},"end":{"line":10,"column":10}},"11":{"start":{"line":12,"column":0},"end":{"line":12,"column":2}},"13":{"start":{"line":14,"column":0},"end":{"line":14,"column":35}}},"s":{"0":1,"1":1,"3":1,"4":136,"5":136,"6":136,"7":136,"8":136,"9":136,"11":136,"13":1},"branchMap":{"0":{"type":"branch","line":4,"loc":{"start":{"line":4,"column":28},"end":{"line":12,"column":2}},"locations":[{"start":{"line":4,"column":28},"end":{"line":12,"column":2}}]}},"b":{"0":[136]},"fnMap":{"0":{"name":"MainScrollContainer","decl":{"start":{"line":4,"column":28},"end":{"line":12,"column":2}},"loc":{"start":{"line":4,"column":28},"end":{"line":12,"column":2}},"line":4}},"f":{"0":136}}
,"C:\\Users\\Arthur Cezar\\Desktop\\Des-Sist-Corp-UFPB\\projeto-ep05\\frontend-cliente\\src\\components\\PrivateRoute\\PrivateRoute.jsx": {"path":"C:\\Users\\Arthur Cezar\\Desktop\\Des-Sist-Corp-UFPB\\projeto-ep05\\frontend-cliente\\src\\components\\PrivateRoute\\PrivateRoute.jsx","all":false,"statementMap":{"1":{"start":{"line":2,"column":0},"end":{"line":2,"column":57}},"2":{"start":{"line":3,"column":0},"end":{"line":3,"column":52}},"5":{"start":{"line":6,"column":0},"end":{"line":6,"column":37}},"6":{"start":{"line":7,"column":0},"end":{"line":7,"column":41}},"7":{"start":{"line":8,"column":0},"end":{"line":8,"column":36}},"10":{"start":{"line":11,"column":0},"end":{"line":11,"column":26}},"11":{"start":{"line":12,"column":0},"end":{"line":12,"column":83}},"12":{"start":{"line":13,"column":0},"end":{"line":13,"column":7}},"13":{"start":{"line":14,"column":0},"end":{"line":14,"column":21}},"14":{"start":{"line":15,"column":0},"end":{"line":15,"column":1}},"16":{"start":{"line":17,"column":0},"end":{"line":17,"column":27}}},"s":{"1":1,"2":1,"5":1,"6":5,"7":5,"10":5,"11":3,"12":3,"13":2,"14":2,"16":1},"branchMap":{"0":{"type":"branch","line":6,"loc":{"start":{"line":6,"column":21},"end":{"line":15,"column":1}},"locations":[{"start":{"line":6,"column":21},"end":{"line":15,"column":1}}]},"1":{"type":"branch","line":11,"loc":{"start":{"line":11,"column":25},"end":{"line":15,"column":1}},"locations":[{"start":{"line":11,"column":25},"end":{"line":15,"column":1}}]},"2":{"type":"branch","line":11,"loc":{"start":{"line":11,"column":25},"end":{"line":13,"column":7}},"locations":[{"start":{"line":11,"column":25},"end":{"line":13,"column":7}}]},"3":{"type":"branch","line":13,"loc":{"start":{"line":13,"column":5},"end":{"line":15,"column":1}},"locations":[{"start":{"line":13,"column":5},"end":{"line":15,"column":1}}]}},"b":{"0":[5],"1":[4],"2":[3],"3":[2]},"fnMap":{"0":{"name":"PrivateRoute","decl":{"start":{"line":6,"column":21},"end":{"line":15,"column":1}},"loc":{"start":{"line":6,"column":21},"end":{"line":15,"column":1}},"line":6}},"f":{"0":5}}
,"C:\\Users\\Arthur Cezar\\Desktop\\Des-Sist-Corp-UFPB\\projeto-ep05\\frontend-cliente\\src\\components\\ProductCard\\ProductCard.jsx": {"path":"C:\\Users\\Arthur Cezar\\Desktop\\Des-Sist-Corp-UFPB\\projeto-ep05\\frontend-cliente\\src\\components\\ProductCard\\ProductCard.jsx","all":false,"statementMap":{"0":{"start":{"line":1,"column":0},"end":{"line":1,"column":27}},"1":{"start":{"line":2,"column":0},"end":{"line":2,"column":40}},"3":{"start":{"line":4,"column":0},"end":{"line":4,"column":47}},"5":{"start":{"line":6,"column":0},"end":{"line":6,"column":70}},"7":{"start":{"line":8,"column":0},"end":{"line":8,"column":33}},"9":{"start":{"line":10,"column":0},"end":{"line":10,"column":10}},"10":{"start":{"line":11,"column":0},"end":{"line":11,"column":77}},"12":{"start":{"line":13,"column":0},"end":{"line":13,"column":39}},"13":{"start":{"line":14,"column":0},"end":{"line":14,"column":38}},"14":{"start":{"line":15,"column":0},"end":{"line":15,"column":12}},"16":{"start":{"line":17,"column":0},"end":{"line":17,"column":38}},"18":{"start":{"line":19,"column":0},"end":{"line":19,"column":37}},"19":{"start":{"line":20,"column":0},"end":{"line":20,"column":54}},"21":{"start":{"line":22,"column":0},"end":{"line":22,"column":58}},"22":{"start":{"line":23,"column":0},"end":{"line":23,"column":31}},"23":{"start":{"line":24,"column":0},"end":{"line":24,"column":32}},"24":{"start":{"line":25,"column":0},"end":{"line":25,"column":29}},"25":{"start":{"line":26,"column":0},"end":{"line":26,"column":12}},"27":{"start":{"line":28,"column":0},"end":{"line":28,"column":22}},"28":{"start":{"line":29,"column":0},"end":{"line":29,"column":19}},"29":{"start":{"line":30,"column":0},"end":{"line":30,"column":14}},"31":{"start":{"line":32,"column":0},"end":{"line":32,"column":13}},"32":{"start":{"line":33,"column":0},"end":{"line":33,"column":24}},"33":{"start":{"line":34,"column":0},"end":{"line":34,"column":40}},"34":{"start":{"line":35,"column":0},"end":{"line":35,"column":56}},"35":{"start":{"line":36,"column":0},"end":{"line":36,"column":19}},"37":{"start":{"line":38,"column":0},"end":{"line":38,"column":42}},"38":{"start":{"line":39,"column":0},"end":{"line":39,"column":48}},"39":{"start":{"line":40,"column":0},"end":{"line":40,"column":17}},"41":{"start":{"line":42,"column":0},"end":{"line":42,"column":14}},"45":{"start":{"line":46,"column":0},"end":{"line":46,"column":12}},"47":{"start":{"line":48,"column":0},"end":{"line":48,"column":10}},"49":{"start":{"line":50,"column":0},"end":{"line":50,"column":1}},"50":{"start":{"line":51,"column":0},"end":{"line":51,"column":26}}},"s":{"0":1,"1":1,"3":1,"5":1,"7":11,"9":11,"10":11,"12":11,"13":11,"14":11,"16":11,"18":11,"19":11,"21":11,"22":2,"23":2,"24":2,"25":2,"27":11,"28":11,"29":11,"31":11,"32":11,"33":1,"34":1,"35":1,"37":11,"38":11,"39":11,"41":11,"45":11,"47":11,"49":11,"50":1},"branchMap":{"0":{"type":"branch","line":6,"loc":{"start":{"line":6,"column":20},"end":{"line":50,"column":1}},"locations":[{"start":{"line":6,"column":20},"end":{"line":50,"column":1}}]},"1":{"type":"branch","line":33,"loc":{"start":{"line":33,"column":11},"end":{"line":36,"column":19}},"locations":[{"start":{"line":33,"column":11},"end":{"line":36,"column":19}}]},"2":{"type":"branch","line":11,"loc":{"start":{"line":11,"column":43},"end":{"line":11,"column":77}},"locations":[{"start":{"line":11,"column":43},"end":{"line":11,"column":77}}]},"3":{"type":"branch","line":22,"loc":{"start":{"line":22,"column":50},"end":{"line":26,"column":12}},"locations":[{"start":{"line":22,"column":50},"end":{"line":26,"column":12}}]},"4":{"type":"branch","line":25,"loc":{"start":{"line":25,"column":12},"end":{"line":25,"column":29}},"locations":[{"start":{"line":25,"column":12},"end":{"line":25,"column":29}}]}},"b":{"0":[11],"1":[1],"2":[1],"3":[2],"4":[1]},"fnMap":{"0":{"name":"ProductCard","decl":{"start":{"line":6,"column":20},"end":{"line":50,"column":1}},"loc":{"start":{"line":6,"column":20},"end":{"line":50,"column":1}},"line":6},"1":{"name":"onClick","decl":{"start":{"line":11,"column":43},"end":{"line":11,"column":77}},"loc":{"start":{"line":11,"column":43},"end":{"line":11,"column":77}},"line":11},"2":{"name":"onClick","decl":{"start":{"line":22,"column":50},"end":{"line":26,"column":12}},"loc":{"start":{"line":22,"column":50},"end":{"line":26,"column":12}},"line":22}},"f":{"0":11,"1":1,"2":2}}
,"C:\\Users\\Arthur Cezar\\Desktop\\Des-Sist-Corp-UFPB\\projeto-ep05\\frontend-cliente\\src\\components\\QuantityControl\\QuantityControl.jsx": {"path":"C:\\Users\\Arthur Cezar\\Desktop\\Des-Sist-Corp-UFPB\\projeto-ep05\\frontend-cliente\\src\\components\\QuantityControl\\QuantityControl.jsx","all":false,"statementMap":{"2":{"start":{"line":3,"column":0},"end":{"line":3,"column":63}},"3":{"start":{"line":4,"column":0},"end":{"line":4,"column":28}},"4":{"start":{"line":5,"column":0},"end":{"line":5,"column":45}},"5":{"start":{"line":6,"column":0},"end":{"line":6,"column":5}},"6":{"start":{"line":7,"column":0},"end":{"line":7,"column":27}},"7":{"start":{"line":8,"column":0},"end":{"line":8,"column":44}},"8":{"start":{"line":9,"column":0},"end":{"line":9,"column":5}},"10":{"start":{"line":11,"column":0},"end":{"line":11,"column":12}},"11":{"start":{"line":12,"column":0},"end":{"line":12,"column":42}},"12":{"start":{"line":13,"column":0},"end":{"line":13,"column":74}},"13":{"start":{"line":14,"column":0},"end":{"line":14,"column":32}},"14":{"start":{"line":15,"column":0},"end":{"line":15,"column":74}},"15":{"start":{"line":16,"column":0},"end":{"line":16,"column":14}},"17":{"start":{"line":18,"column":0},"end":{"line":18,"column":1}},"19":{"start":{"line":20,"column":0},"end":{"line":20,"column":31}}},"s":{"2":10,"3":10,"4":1,"5":1,"6":10,"7":2,"8":2,"10":10,"11":10,"12":10,"13":10,"14":10,"15":10,"17":10,"19":1},"branchMap":{"0":{"type":"branch","line":3,"loc":{"start":{"line":3,"column":0},"end":{"line":18,"column":1}},"locations":[{"start":{"line":3,"column":0},"end":{"line":18,"column":1}}]},"1":{"type":"branch","line":4,"loc":{"start":{"line":4,"column":21},"end":{"line":6,"column":5}},"locations":[{"start":{"line":4,"column":21},"end":{"line":6,"column":5}}]},"2":{"type":"branch","line":7,"loc":{"start":{"line":7,"column":21},"end":{"line":9,"column":5}},"locations":[{"start":{"line":7,"column":21},"end":{"line":9,"column":5}}]}},"b":{"0":[10],"1":[1],"2":[2]},"fnMap":{"0":{"name":"QuantityControl","decl":{"start":{"line":3,"column":0},"end":{"line":18,"column":1}},"loc":{"start":{"line":3,"column":0},"end":{"line":18,"column":1}},"line":3},"1":{"name":"decrease","decl":{"start":{"line":4,"column":21},"end":{"line":6,"column":5}},"loc":{"start":{"line":4,"column":21},"end":{"line":6,"column":5}},"line":4},"2":{"name":"increase","decl":{"start":{"line":7,"column":21},"end":{"line":9,"column":5}},"loc":{"start":{"line":7,"column":21},"end":{"line":9,"column":5}},"line":7}},"f":{"0":10,"1":1,"2":2}}
,"C:\\Users\\Arthur Cezar\\Desktop\\Des-Sist-Corp-UFPB\\projeto-ep05\\frontend-cliente\\src\\components\\ScrollContainer\\ScrollContainer.jsx": {"path":"C:\\Users\\Arthur Cezar\\Desktop\\Des-Sist-Corp-UFPB\\projeto-ep05\\frontend-cliente\\src\\components\\ScrollContainer\\ScrollContainer.jsx","all":false,"statementMap":{"0":{"start":{"line":1,"column":0},"end":{"line":1,"column":41}},"1":{"start":{"line":2,"column":0},"end":{"line":2,"column":31}},"3":{"start":{"line":4,"column":0},"end":{"line":4,"column":43}},"4":{"start":{"line":5,"column":0},"end":{"line":5,"column":33}},"5":{"start":{"line":6,"column":0},"end":{"line":6,"column":54}},"6":{"start":{"line":7,"column":0},"end":{"line":7,"column":42}},"7":{"start":{"line":8,"column":0},"end":{"line":8,"column":50}},"9":{"start":{"line":10,"column":0},"end":{"line":10,"column":32}},"10":{"start":{"line":11,"column":0},"end":{"line":11,"column":24}},"12":{"start":{"line":13,"column":0},"end":{"line":13,"column":54}},"13":{"start":{"line":14,"column":0},"end":{"line":14,"column":48}},"14":{"start":{"line":15,"column":0},"end":{"line":15,"column":4}},"16":{"start":{"line":17,"column":0},"end":{"line":17,"column":30}},"17":{"start":{"line":18,"column":0},"end":{"line":18,"column":25}},"18":{"start":{"line":19,"column":0},"end":{"line":19,"column":4}},"20":{"start":{"line":21,"column":0},"end":{"line":21,"column":30}},"21":{"start":{"line":22,"column":0},"end":{"line":22,"column":28}},"22":{"start":{"line":23,"column":0},"end":{"line":23,"column":63}},"24":{"start":{"line":25,"column":0},"end":{"line":25,"column":53}},"26":{"start":{"line":27,"column":0},"end":{"line":27,"column":35}},"27":{"start":{"line":28,"column":0},"end":{"line":28,"column":53}},"28":{"start":{"line":29,"column":0},"end":{"line":29,"column":4}},"30":{"start":{"line":31,"column":0},"end":{"line":31,"column":10}},"31":{"start":{"line":32,"column":0},"end":{"line":32,"column":9}},"32":{"start":{"line":33,"column":0},"end":{"line":33,"column":64}},"33":{"start":{"line":34,"column":0},"end":{"line":34,"column":21}},"34":{"start":{"line":35,"column":0},"end":{"line":35,"column":33}},"35":{"start":{"line":36,"column":0},"end":{"line":36,"column":33}},"36":{"start":{"line":37,"column":0},"end":{"line":37,"column":30}},"37":{"start":{"line":38,"column":0},"end":{"line":38,"column":31}},"39":{"start":{"line":40,"column":0},"end":{"line":40,"column":16}},"40":{"start":{"line":41,"column":0},"end":{"line":41,"column":10}},"42":{"start":{"line":43,"column":0},"end":{"line":43,"column":2}},"44":{"start":{"line":45,"column":0},"end":{"line":45,"column":31}}},"s":{"0":1,"1":1,"3":1,"4":21,"5":21,"6":21,"7":21,"9":21,"10":2,"12":2,"13":2,"14":2,"16":21,"17":2,"18":2,"20":21,"21":2,"22":1,"24":1,"26":1,"27":1,"28":2,"30":21,"31":21,"32":21,"33":21,"34":21,"35":21,"36":21,"37":21,"39":21,"40":21,"42":21,"44":1},"branchMap":{"0":{"type":"branch","line":4,"loc":{"start":{"line":4,"column":24},"end":{"line":43,"column":2}},"locations":[{"start":{"line":4,"column":24},"end":{"line":43,"column":2}}]},"1":{"type":"branch","line":33,"loc":{"start":{"line":33,"column":35},"end":{"line":33,"column":59}},"locations":[{"start":{"line":33,"column":35},"end":{"line":33,"column":59}}]},"2":{"type":"branch","line":33,"loc":{"start":{"line":33,"column":48},"end":{"line":33,"column":61}},"locations":[{"start":{"line":33,"column":48},"end":{"line":33,"column":61}}]},"3":{"type":"branch","line":10,"loc":{"start":{"line":10,"column":24},"end":{"line":15,"column":4}},"locations":[{"start":{"line":10,"column":24},"end":{"line":15,"column":4}}]},"4":{"type":"branch","line":17,"loc":{"start":{"line":17,"column":23},"end":{"line":19,"column":4}},"locations":[{"start":{"line":17,"column":23},"end":{"line":19,"column":4}}]},"5":{"type":"branch","line":21,"loc":{"start":{"line":21,"column":22},"end":{"line":29,"column":4}},"locations":[{"start":{"line":21,"column":22},"end":{"line":29,"column":4}}]},"6":{"type":"branch","line":22,"loc":{"start":{"line":22,"column":21},"end":{"line":28,"column":53}},"locations":[{"start":{"line":22,"column":21},"end":{"line":28,"column":53}}]}},"b":{"0":[21],"1":[2],"2":[19],"3":[2],"4":[2],"5":[2],"6":[1]},"fnMap":{"0":{"name":"ScrollContainer","decl":{"start":{"line":4,"column":24},"end":{"line":43,"column":2}},"loc":{"start":{"line":4,"column":24},"end":{"line":43,"column":2}},"line":4},"1":{"name":"startDragging","decl":{"start":{"line":10,"column":24},"end":{"line":15,"column":4}},"loc":{"start":{"line":10,"column":24},"end":{"line":15,"column":4}},"line":10},"2":{"name":"stopDragging","decl":{"start":{"line":17,"column":23},"end":{"line":19,"column":4}},"loc":{"start":{"line":17,"column":23},"end":{"line":19,"column":4}},"line":17},"3":{"name":"onMouseMove","decl":{"start":{"line":21,"column":22},"end":{"line":29,"column":4}},"loc":{"start":{"line":21,"column":22},"end":{"line":29,"column":4}},"line":21}},"f":{"0":21,"1":2,"2":2,"3":2}}
,"C:\\Users\\Arthur Cezar\\Desktop\\Des-Sist-Corp-UFPB\\projeto-ep05\\frontend-cliente\\src\\context\\AuthContext.jsx": {"path":"C:\\Users\\Arthur Cezar\\Desktop\\Des-Sist-Corp-UFPB\\projeto-ep05\\frontend-cliente\\src\\context\\AuthContext.jsx","all":false,"statementMap":{"0":{"start":{"line":1,"column":0},"end":{"line":1,"column":8}},"8":{"start":{"line":9,"column":0},"end":{"line":9,"column":38}},"27":{"start":{"line":28,"column":0},"end":{"line":28,"column":40}},"31":{"start":{"line":32,"column":0},"end":{"line":32,"column":47}},"32":{"start":{"line":33,"column":0},"end":{"line":33,"column":41}},"33":{"start":{"line":34,"column":0},"end":{"line":34,"column":47}},"36":{"start":{"line":37,"column":0},"end":{"line":37,"column":19}},"37":{"start":{"line":38,"column":0},"end":{"line":38,"column":9}},"38":{"start":{"line":39,"column":0},"end":{"line":39,"column":50}},"39":{"start":{"line":40,"column":0},"end":{"line":40,"column":46}},"40":{"start":{"line":41,"column":0},"end":{"line":41,"column":13}},"41":{"start":{"line":42,"column":0},"end":{"line":42,"column":65}},"42":{"start":{"line":43,"column":0},"end":{"line":43,"column":15}},"43":{"start":{"line":44,"column":0},"end":{"line":44,"column":24}},"44":{"start":{"line":45,"column":0},"end":{"line":45,"column":5}},"45":{"start":{"line":46,"column":0},"end":{"line":46,"column":9}},"49":{"start":{"line":50,"column":0},"end":{"line":50,"column":50}},"50":{"start":{"line":51,"column":0},"end":{"line":51,"column":22}},"51":{"start":{"line":52,"column":0},"end":{"line":52,"column":24}},"52":{"start":{"line":53,"column":0},"end":{"line":53,"column":24}},"53":{"start":{"line":54,"column":0},"end":{"line":54,"column":22}},"54":{"start":{"line":55,"column":0},"end":{"line":55,"column":24}},"55":{"start":{"line":56,"column":0},"end":{"line":56,"column":6}},"56":{"start":{"line":57,"column":0},"end":{"line":57,"column":22}},"57":{"start":{"line":58,"column":0},"end":{"line":58,"column":59}},"58":{"start":{"line":59,"column":0},"end":{"line":59,"column":20}},"59":{"start":{"line":60,"column":0},"end":{"line":60,"column":9}},"63":{"start":{"line":64,"column":0},"end":{"line":64,"column":53}},"64":{"start":{"line":65,"column":0},"end":{"line":65,"column":9}},"65":{"start":{"line":66,"column":0},"end":{"line":66,"column":50}},"66":{"start":{"line":67,"column":0},"end":{"line":67,"column":23}},"67":{"start":{"line":68,"column":0},"end":{"line":68,"column":47}},"68":{"start":{"line":69,"column":0},"end":{"line":69,"column":9}},"69":{"start":{"line":70,"column":0},"end":{"line":70,"column":29}},"70":{"start":{"line":71,"column":0},"end":{"line":71,"column":31}},"71":{"start":{"line":72,"column":0},"end":{"line":72,"column":19}},"72":{"start":{"line":73,"column":0},"end":{"line":73,"column":86}},"73":{"start":{"line":74,"column":0},"end":{"line":74,"column":5}},"74":{"start":{"line":75,"column":0},"end":{"line":75,"column":25}},"76":{"start":{"line":77,"column":0},"end":{"line":77,"column":51}},"77":{"start":{"line":78,"column":0},"end":{"line":78,"column":9}},"78":{"start":{"line":79,"column":0},"end":{"line":79,"column":53}},"79":{"start":{"line":80,"column":0},"end":{"line":80,"column":23}},"80":{"start":{"line":81,"column":0},"end":{"line":81,"column":30}},"81":{"start":{"line":82,"column":0},"end":{"line":82,"column":29}},"82":{"start":{"line":83,"column":0},"end":{"line":83,"column":31}},"83":{"start":{"line":84,"column":0},"end":{"line":84,"column":31}},"84":{"start":{"line":85,"column":0},"end":{"line":85,"column":27}},"85":{"start":{"line":86,"column":0},"end":{"line":86,"column":11}},"86":{"start":{"line":87,"column":0},"end":{"line":87,"column":9}},"87":{"start":{"line":88,"column":0},"end":{"line":88,"column":29}},"88":{"start":{"line":89,"column":0},"end":{"line":89,"column":31}},"89":{"start":{"line":90,"column":0},"end":{"line":90,"column":19}},"90":{"start":{"line":91,"column":0},"end":{"line":91,"column":78}},"91":{"start":{"line":92,"column":0},"end":{"line":92,"column":5}},"92":{"start":{"line":93,"column":0},"end":{"line":93,"column":25}},"94":{"start":{"line":95,"column":0},"end":{"line":95,"column":36}},"95":{"start":{"line":96,"column":0},"end":{"line":96,"column":18}},"96":{"start":{"line":97,"column":0},"end":{"line":97,"column":36}},"97":{"start":{"line":98,"column":0},"end":{"line":98,"column":9}},"101":{"start":{"line":102,"column":0},"end":{"line":102,"column":57}},"102":{"start":{"line":103,"column":0},"end":{"line":103,"column":9}},"103":{"start":{"line":104,"column":0},"end":{"line":104,"column":55}},"104":{"start":{"line":105,"column":0},"end":{"line":105,"column":22}},"105":{"start":{"line":106,"column":0},"end":{"line":106,"column":30}},"106":{"start":{"line":107,"column":0},"end":{"line":107,"column":33}},"107":{"start":{"line":108,"column":0},"end":{"line":108,"column":35}},"108":{"start":{"line":109,"column":0},"end":{"line":109,"column":53}},"109":{"start":{"line":110,"column":0},"end":{"line":110,"column":51}},"110":{"start":{"line":111,"column":0},"end":{"line":111,"column":11}},"111":{"start":{"line":112,"column":0},"end":{"line":112,"column":9}},"112":{"start":{"line":113,"column":0},"end":{"line":113,"column":74}},"113":{"start":{"line":114,"column":0},"end":{"line":114,"column":27}},"114":{"start":{"line":115,"column":0},"end":{"line":115,"column":64}},"115":{"start":{"line":116,"column":0},"end":{"line":116,"column":74}},"116":{"start":{"line":117,"column":0},"end":{"line":117,"column":19}},"117":{"start":{"line":118,"column":0},"end":{"line":118,"column":85}},"118":{"start":{"line":119,"column":0},"end":{"line":119,"column":5}},"119":{"start":{"line":120,"column":0},"end":{"line":120,"column":13}},"121":{"start":{"line":122,"column":0},"end":{"line":122,"column":46}},"122":{"start":{"line":123,"column":0},"end":{"line":123,"column":9}},"123":{"start":{"line":124,"column":0},"end":{"line":124,"column":63}},"124":{"start":{"line":125,"column":0},"end":{"line":125,"column":13}},"126":{"start":{"line":127,"column":0},"end":{"line":127,"column":5}},"127":{"start":{"line":128,"column":0},"end":{"line":128,"column":18}},"128":{"start":{"line":129,"column":0},"end":{"line":129,"column":36}},"129":{"start":{"line":130,"column":0},"end":{"line":130,"column":9}},"133":{"start":{"line":134,"column":0},"end":{"line":134,"column":61}},"134":{"start":{"line":135,"column":0},"end":{"line":135,"column":9}},"135":{"start":{"line":136,"column":0},"end":{"line":136,"column":60}},"136":{"start":{"line":137,"column":0},"end":{"line":137,"column":23}},"137":{"start":{"line":138,"column":0},"end":{"line":138,"column":40}},"138":{"start":{"line":139,"column":0},"end":{"line":139,"column":9}},"140":{"start":{"line":141,"column":0},"end":{"line":141,"column":51}},"141":{"start":{"line":142,"column":0},"end":{"line":142,"column":19}},"142":{"start":{"line":143,"column":0},"end":{"line":143,"column":90}},"143":{"start":{"line":144,"column":0},"end":{"line":144,"column":5}},"144":{"start":{"line":145,"column":0},"end":{"line":145,"column":9}},"146":{"start":{"line":147,"column":0},"end":{"line":147,"column":66}},"147":{"start":{"line":148,"column":0},"end":{"line":148,"column":9}},"148":{"start":{"line":149,"column":0},"end":{"line":149,"column":47}},"149":{"start":{"line":150,"column":0},"end":{"line":150,"column":23}},"150":{"start":{"line":151,"column":0},"end":{"line":151,"column":51}},"151":{"start":{"line":152,"column":0},"end":{"line":152,"column":9}},"152":{"start":{"line":153,"column":0},"end":{"line":153,"column":31}},"153":{"start":{"line":154,"column":0},"end":{"line":154,"column":19}},"154":{"start":{"line":155,"column":0},"end":{"line":155,"column":87}},"155":{"start":{"line":156,"column":0},"end":{"line":156,"column":5}},"156":{"start":{"line":157,"column":0},"end":{"line":157,"column":9}},"160":{"start":{"line":161,"column":0},"end":{"line":161,"column":32}},"161":{"start":{"line":162,"column":0},"end":{"line":162,"column":9}},"162":{"start":{"line":163,"column":0},"end":{"line":163,"column":12}},"163":{"start":{"line":164,"column":0},"end":{"line":164,"column":10}},"164":{"start":{"line":165,"column":0},"end":{"line":165,"column":13}},"165":{"start":{"line":166,"column":0},"end":{"line":166,"column":11}},"166":{"start":{"line":167,"column":0},"end":{"line":167,"column":15}},"167":{"start":{"line":168,"column":0},"end":{"line":168,"column":15}},"168":{"start":{"line":169,"column":0},"end":{"line":169,"column":25}},"169":{"start":{"line":170,"column":0},"end":{"line":170,"column":19}},"170":{"start":{"line":171,"column":0},"end":{"line":171,"column":28}},"171":{"start":{"line":172,"column":0},"end":{"line":172,"column":12}},"172":{"start":{"line":173,"column":0},"end":{"line":173,"column":7}},"173":{"start":{"line":174,"column":0},"end":{"line":174,"column":46}},"174":{"start":{"line":175,"column":0},"end":{"line":175,"column":62}},"175":{"start":{"line":176,"column":0},"end":{"line":176,"column":5}},"177":{"start":{"line":178,"column":0},"end":{"line":178,"column":16}},"178":{"start":{"line":179,"column":0},"end":{"line":179,"column":12}},"179":{"start":{"line":180,"column":0},"end":{"line":180,"column":104}},"180":{"start":{"line":181,"column":0},"end":{"line":181,"column":28}},"181":{"start":{"line":182,"column":0},"end":{"line":182,"column":12}},"183":{"start":{"line":184,"column":0},"end":{"line":184,"column":3}},"185":{"start":{"line":186,"column":0},"end":{"line":186,"column":79}},"186":{"start":{"line":187,"column":0},"end":{"line":187,"column":2}},"190":{"start":{"line":191,"column":0},"end":{"line":191,"column":30}},"191":{"start":{"line":192,"column":0},"end":{"line":192,"column":42}},"192":{"start":{"line":193,"column":0},"end":{"line":193,"column":81}},"193":{"start":{"line":194,"column":0},"end":{"line":194,"column":17}},"194":{"start":{"line":195,"column":0},"end":{"line":195,"column":2}}},"s":{"0":1,"8":1,"27":1,"31":1,"32":54,"33":54,"36":54,"37":24,"38":24,"39":24,"40":24,"41":1,"42":24,"43":24,"44":24,"45":54,"49":54,"50":2,"51":2,"52":2,"53":2,"54":2,"55":2,"56":2,"57":2,"58":2,"59":54,"63":54,"64":3,"65":3,"66":3,"67":3,"68":3,"69":1,"70":1,"71":3,"72":2,"73":2,"74":54,"76":54,"77":2,"78":2,"79":2,"80":2,"81":2,"82":2,"83":2,"84":2,"85":2,"86":2,"87":1,"88":1,"89":1,"90":1,"91":1,"92":54,"94":54,"95":1,"96":1,"97":54,"101":54,"102":2,"103":2,"104":2,"105":2,"106":2,"107":2,"108":2,"109":2,"110":2,"111":2,"112":1,"113":1,"114":1,"115":1,"116":1,"117":1,"118":1,"119":54,"121":54,"122":2,"123":2,"124":1,"126":1,"127":2,"128":2,"129":54,"133":54,"134":2,"135":2,"136":2,"137":2,"138":2,"140":2,"141":2,"142":1,"143":1,"144":54,"146":54,"147":2,"148":2,"149":2,"150":2,"151":2,"152":1,"153":1,"154":1,"155":1,"156":54,"160":54,"161":54,"162":54,"163":54,"164":54,"165":54,"166":54,"167":54,"168":54,"169":54,"170":54,"171":54,"172":54,"173":54,"174":54,"175":54,"177":54,"178":24,"179":24,"180":24,"181":24,"183":24,"185":30,"186":30,"190":1,"191":38,"192":38,"193":36,"194":36},"branchMap":{"0":{"type":"branch","line":32,"loc":{"start":{"line":32,"column":28},"end":{"line":187,"column":2}},"locations":[{"start":{"line":32,"column":28},"end":{"line":187,"column":2}}]},"1":{"type":"branch","line":178,"loc":{"start":{"line":178,"column":15},"end":{"line":187,"column":2}},"locations":[{"start":{"line":178,"column":15},"end":{"line":187,"column":2}}]},"2":{"type":"branch","line":178,"loc":{"start":{"line":178,"column":15},"end":{"line":184,"column":3}},"locations":[{"start":{"line":178,"column":15},"end":{"line":184,"column":3}}]},"3":{"type":"branch","line":184,"loc":{"start":{"line":184,"column":2},"end":{"line":187,"column":2}},"locations":[{"start":{"line":184,"column":2},"end":{"line":187,"column":2}}]},"4":{"type":"branch","line":37,"loc":{"start":{"line":37,"column":12},"end":{"line":46,"column":5}},"locations":[{"start":{"line":37,"column":12},"end":{"line":46,"column":5}}]},"5":{"type":"branch","line":40,"loc":{"start":{"line":40,"column":18},"end":{"line":40,"column":46}},"locations":[{"start":{"line":40,"column":18},"end":{"line":40,"column":46}}]},"6":{"type":"branch","line":41,"loc":{"start":{"line":41,"column":4},"end":{"line":43,"column":6}},"locations":[{"start":{"line":41,"column":4},"end":{"line":43,"column":6}}]},"7":{"type":"branch","line":50,"loc":{"start":{"line":50,"column":39},"end":{"line":60,"column":5}},"locations":[{"start":{"line":50,"column":39},"end":{"line":60,"column":5}}]},"8":{"type":"branch","line":64,"loc":{"start":{"line":64,"column":28},"end":{"line":75,"column":5}},"locations":[{"start":{"line":64,"column":28},"end":{"line":75,"column":5}}]},"9":{"type":"branch","line":69,"loc":{"start":{"line":69,"column":7},"end":{"line":72,"column":13}},"locations":[{"start":{"line":69,"column":7},"end":{"line":72,"column":13}}]},"10":{"type":"branch","line":72,"loc":{"start":{"line":72,"column":4},"end":{"line":74,"column":5}},"locations":[{"start":{"line":72,"column":4},"end":{"line":74,"column":5}}]},"11":{"type":"branch","line":73,"loc":{"start":{"line":73,"column":44},"end":{"line":73,"column":84}},"locations":[{"start":{"line":73,"column":44},"end":{"line":73,"column":84}}]},"12":{"type":"branch","line":77,"loc":{"start":{"line":77,"column":31},"end":{"line":93,"column":5}},"locations":[{"start":{"line":77,"column":31},"end":{"line":93,"column":5}}]},"13":{"type":"branch","line":87,"loc":{"start":{"line":87,"column":7},"end":{"line":92,"column":5}},"locations":[{"start":{"line":87,"column":7},"end":{"line":92,"column":5}}]},"14":{"type":"branch","line":91,"loc":{"start":{"line":91,"column":44},"end":{"line":91,"column":76}},"locations":[{"start":{"line":91,"column":44},"end":{"line":91,"column":76}}]},"15":{"type":"branch","line":95,"loc":{"start":{"line":95,"column":29},"end":{"line":98,"column":5}},"locations":[{"start":{"line":95,"column":29},"end":{"line":98,"column":5}}]},"16":{"type":"branch","line":102,"loc":{"start":{"line":102,"column":33},"end":{"line":120,"column":5}},"locations":[{"start":{"line":102,"column":33},"end":{"line":120,"column":5}}]},"17":{"type":"branch","line":109,"loc":{"start":{"line":109,"column":34},"end":{"line":109,"column":53}},"locations":[{"start":{"line":109,"column":34},"end":{"line":109,"column":53}}]},"18":{"type":"branch","line":110,"loc":{"start":{"line":110,"column":33},"end":{"line":110,"column":51}},"locations":[{"start":{"line":110,"column":33},"end":{"line":110,"column":51}}]},"19":{"type":"branch","line":112,"loc":{"start":{"line":112,"column":7},"end":{"line":119,"column":5}},"locations":[{"start":{"line":112,"column":7},"end":{"line":119,"column":5}}]},"20":{"type":"branch","line":118,"loc":{"start":{"line":118,"column":44},"end":{"line":118,"column":83}},"locations":[{"sta
[...]
,"66":{"start":{"line":67,"column":0},"end":{"line":67,"column":5}},"67":{"start":{"line":68,"column":0},"end":{"line":68,"column":0}},"68":{"start":{"line":69,"column":0},"end":{"line":69,"column":37}},"69":{"start":{"line":70,"column":0},"end":{"line":70,"column":0}},"70":{"start":{"line":71,"column":0},"end":{"line":71,"column":0}},"71":{"start":{"line":72,"column":0},"end":{"line":72,"column":35}},"72":{"start":{"line":73,"column":0},"end":{"line":73,"column":38}},"73":{"start":{"line":74,"column":0},"end":{"line":74,"column":5}},"74":{"start":{"line":75,"column":0},"end":{"line":75,"column":0}},"75":{"start":{"line":76,"column":0},"end":{"line":76,"column":1}},"76":{"start":{"line":77,"column":0},"end":{"line":77,"column":0}},"77":{"start":{"line":78,"column":0},"end":{"line":78,"column":35}},"78":{"start":{"line":79,"column":0},"end":{"line":79,"column":21}},"79":{"start":{"line":80,"column":0},"end":{"line":80,"column":38}},"80":{"start":{"line":81,"column":0},"end":{"line":81,"column":15}},"81":{"start":{"line":82,"column":0},"end":{"line":82,"column":5}},"82":{"start":{"line":83,"column":0},"end":{"line":83,"column":0}},"83":{"start":{"line":84,"column":0},"end":{"line":84,"column":33}},"84":{"start":{"line":85,"column":0},"end":{"line":85,"column":35}},"85":{"start":{"line":86,"column":0},"end":{"line":86,"column":5}},"86":{"start":{"line":87,"column":0},"end":{"line":87,"column":1}},"87":{"start":{"line":88,"column":0},"end":{"line":88,"column":0}},"88":{"start":{"line":89,"column":0},"end":{"line":89,"column":36}},"89":{"start":{"line":90,"column":0},"end":{"line":90,"column":22}},"90":{"start":{"line":91,"column":0},"end":{"line":91,"column":42}},"91":{"start":{"line":92,"column":0},"end":{"line":92,"column":15}},"92":{"start":{"line":93,"column":0},"end":{"line":93,"column":5}},"93":{"start":{"line":94,"column":0},"end":{"line":94,"column":0}},"94":{"start":{"line":95,"column":0},"end":{"line":95,"column":32}},"95":{"start":{"line":96,"column":0},"end":{"line":96,"column":40}},"96":{"start":{"line":97,"column":0},"end":{"line":97,"column":5}},"97":{"start":{"line":98,"column":0},"end":{"line":98,"column":1}}},"s":{"0":1,"1":1,"2":1,"3":1,"4":1,"5":1,"6":1,"7":1,"8":1,"9":21,"10":21,"11":21,"12":21,"13":21,"14":21,"15":20,"16":20,"17":21,"18":21,"19":21,"20":21,"21":21,"22":1,"23":1,"24":17,"25":17,"26":17,"27":68,"28":17,"29":17,"30":17,"31":17,"32":17,"33":17,"34":1,"35":1,"36":1,"37":1,"38":1,"39":24,"40":24,"41":24,"42":24,"43":24,"44":3,"45":3,"46":3,"47":21,"48":1,"49":1,"50":1,"51":24,"52":24,"53":1,"54":22,"55":22,"56":22,"57":22,"58":2,"59":2,"60":2,"61":20,"62":1,"63":1,"64":1,"65":1,"66":1,"67":19,"68":19,"69":19,"70":19,"71":22,"72":2,"73":2,"74":22,"75":22,"76":1,"77":21,"78":21,"79":2,"80":2,"81":2,"82":19,"83":21,"84":1,"85":1,"86":21,"87":1,"88":21,"89":21,"90":2,"91":2,"92":2,"93":19,"94":21,"95":1,"96":1,"97":21},"branchMap":{"0":{"type":"branch","line":9,"loc":{"start":{"line":9,"column":7},"end":{"line":22,"column":1}},"locations":[{"start":{"line":9,"column":7},"end":{"line":22,"column":1}}]},"1":{"type":"branch","line":15,"loc":{"start":{"line":15,"column":17},"end":{"line":17,"column":5}},"locations":[{"start":{"line":15,"column":17},"end":{"line":17,"column":5}}]},"2":{"type":"branch","line":24,"loc":{"start":{"line":24,"column":7},"end":{"line":34,"column":1}},"locations":[{"start":{"line":24,"column":7},"end":{"line":34,"column":1}}]},"3":{"type":"branch","line":27,"loc":{"start":{"line":27,"column":37},"end":{"line":29,"column":5}},"locations":[{"start":{"line":27,"column":37},"end":{"line":29,"column":5}}]},"4":{"type":"branch","line":40,"loc":{"start":{"line":40,"column":0},"end":{"line":53,"column":1}},"locations":[{"start":{"line":40,"column":0},"end":{"line":53,"column":1}}]},"5":{"type":"branch","line":44,"loc":{"start":{"line":44,"column":18},"end":{"line":47,"column":5}},"locations":[{"start":{"line":44,"column":18},"end":{"line":47,"column":5}}]},"6":{"type":"branch","line":48,"loc":{"start":{"line":48,"column":-2},"end":{"line":51,"column":5}},"locations":[{"start":{"line":48,"column":-2},"end":{"line":51,"column":5}}]},"7":{"type":"branch","line":48,"loc":{"start":{"line":48,"column":35},"end":{"line":51,"column":5}},"locations":[{"start":{"line":48,"column":35},"end":{"line":51,"column":5}}]},"8":{"type":"branch","line":55,"loc":{"start":{"line":55,"column":0},"end":{"line":76,"column":1}},"locations":[{"start":{"line":55,"column":0},"end":{"line":76,"column":1}}]},"9":{"type":"branch","line":58,"loc":{"start":{"line":58,"column":16},"end":{"line":61,"column":5}},"locations":[{"start":{"line":58,"column":16},"end":{"line":61,"column":5}}]},"10":{"type":"branch","line":62,"loc":{"start":{"line":62,"column":-2},"end":{"line":67,"column":5}},"locations":[{"start":{"line":62,"column":-2},"end":{"line":67,"column":5}}]},"11":{"type":"branch","line":62,"loc":{"start":{"line":62,"column":44},"end":{"line":67,"column":5}},"locations":[{"start":{"line":62,"column":44},"end":{"line":67,"column":5}}]},"12":{"type":"branch","line":67,"loc":{"start":{"line":67,"column":4},"end":{"line":72,"column":31}},"locations":[{"start":{"line":67,"column":4},"end":{"line":72,"column":31}}]},"13":{"type":"branch","line":67,"loc":{"start":{"line":67,"column":4},"end":{"line":72,"column":18}},"locations":[{"start":{"line":67,"column":4},"end":{"line":72,"column":18}}]},"14":{"type":"branch","line":72,"loc":{"start":{"line":72,"column":18},"end":{"line":72,"column":31}},"locations":[{"start":{"line":72,"column":18},"end":{"line":72,"column":31}}]},"15":{"type":"branch","line":72,"loc":{"start":{"line":72,"column":33},"end":{"line":74,"column":5}},"locations":[{"start":{"line":72,"column":33},"end":{"line":74,"column":5}}]},"16":{"type":"branch","line":78,"loc":{"start":{"line":78,"column":0},"end":{"line":87,"column":1}},"locations":[{"start":{"line":78,"column":0},"end":{"line":87,"column":1}}]},"17":{"type":"branch","line":79,"loc":{"start":{"line":79,"column":20},"end":{"line":82,"column":5}},"locations":[{"start":{"line":79,"column":20},"end":{"line":82,"column":5}}]},"18":{"type":"branch","line":82,"loc":{"start":{"line":82,"column":4},"end":{"line":84,"column":32}},"locations":[{"start":{"line":82,"column":4},"end":{"line":84,"column":32}}]},"19":{"type":"branch","line":84,"loc":{"start":{"line":84,"column":32},"end":{"line":86,"column":5}},"locations":[{"start":{"line":84,"column":32},"end":{"line":86,"column":5}}]},"20":{"type":"branch","line":89,"loc":{"start":{"line":89,"column":0},"end":{"line":98,"column":1}},"locations":[{"start":{"line":89,"column":0},"end":{"line":98,"column":1}}]},"21":{"type":"branch","line":90,"loc":{"start":{"line":90,"column":21},"end":{"line":93,"column":5}},"locations":[{"start":{"line":90,"column":21},"end":{"line":93,"column":5}}]},"22":{"type":"branch","line":93,"loc":{"start":{"line":93,"column":4},"end":{"line":95,"column":31}},"locations":[{"start":{"line":93,"column":4},"end":{"line":95,"column":31}}]},"23":{"type":"branch","line":95,"loc":{"start":{"line":95,"column":31},"end":{"line":97,"column":5}},"locations":[{"start":{"line":95,"column":31},"end":{"line":97,"column":5}}]}},"b":{"0":[21],"1":[20],"2":[17],"3":[68],"4":[24],"5":[3],"6":[21],"7":[1],"8":[22],"9":[2],"10":[20],"11":[1],"12":[21],"13":[19],"14":[18],"15":[2],"16":[21],"17":[2],"18":[19],"19":[1],"20":[21],"21":[2],"22":[19],"23":[1]},"fnMap":{"0":{"name":"validarCampoCard","decl":{"start":{"line":9,"column":7},"end":{"line":22,"column":1}},"loc":{"start":{"line":9,"column":7},"end":{"line":22,"column":1}},"line":9},"1":{"name":"validarFormularioCard","decl":{"start":{"line":24,"column":7},"end":{"line":34,"column":1}},"loc":{"start":{"line":24,"column":7},"end":{"line":34,"column":1}},"line":24},"2":{"name":"validarCardNumber","decl":{"start":{"line":40,"column":0},"end":{"line":53,"column":1}},"loc":{"start":{"line":40,"column":0},"end":{"line":53,"column":1}},"line":40},"3":{"name":"validarExpiry","decl":{"start":{"line":55,"column":0},"end":{"line":76,"column":1}},"loc":{"start":{"line":55,"column":0},"end":{"line":76,"column":1}},"line":55},"4":{"name":"validarCVV","decl":{"start":{"line":78,"column":0},"end":{"line":87,"column":1}},"loc":{"start":{"line":78,"column":0},"end":{"line":87,"column":1}},"line":78},"5":{"name":"validarName","decl":{"start":{"line":89,"column":0},"end":{"line":98,"column":1}},"loc":{"start":{"line":89,"column":0},"end":{"line":98,"column":1}},"line":89}},"f":{"0":21,"1":17,"2":24,"3":22,"4":21,"5":21}}
,"C:\\Users\\Arthur Cezar\\Desktop\\Des-Sist-Corp-UFPB\\projeto-ep05\\frontend-cliente\\src\\utils\\validarEndereco\\addressValidators.js": {"path":"C:\\Users\\Arthur Cezar\\Desktop\\Des-Sist-Corp-UFPB\\projeto-ep05\\frontend-cliente\\src\\utils\\validarEndereco\\addressValidators.js","all":false,"statementMap":{"0":{"start":{"line":1,"column":0},"end":{"line":1,"column":20}},"1":{"start":{"line":2,"column":0},"end":{"line":2,"column":20}},"2":{"start":{"line":3,"column":0},"end":{"line":3,"column":20}},"3":{"start":{"line":4,"column":0},"end":{"line":4,"column":26}},"4":{"start":{"line":5,"column":0},"end":{"line":5,"column":26}},"5":{"start":{"line":6,"column":0},"end":{"line":6,"column":25}},"6":{"start":{"line":7,"column":0},"end":{"line":7,"column":25}},"7":{"start":{"line":8,"column":0},"end":{"line":8,"column":1}},"8":{"start":{"line":9,"column":0},"end":{"line":9,"column":0}},"9":{"start":{"line":10,"column":0},"end":{"line":10,"column":0}},"10":{"start":{"line":11,"column":0},"end":{"line":11,"column":50}},"11":{"start":{"line":12,"column":0},"end":{"line":12,"column":20}},"12":{"start":{"line":13,"column":0},"end":{"line":13,"column":0}},"13":{"start":{"line":14,"column":0},"end":{"line":14,"column":40}},"14":{"start":{"line":15,"column":0},"end":{"line":15,"column":4}},"15":{"start":{"line":16,"column":0},"end":{"line":16,"column":18}},"16":{"start":{"line":17,"column":0},"end":{"line":17,"column":31}},"17":{"start":{"line":18,"column":0},"end":{"line":18,"column":9}},"18":{"start":{"line":19,"column":0},"end":{"line":19,"column":22}},"19":{"start":{"line":20,"column":0},"end":{"line":20,"column":0}},"20":{"start":{"line":21,"column":0},"end":{"line":21,"column":1}},"21":{"start":{"line":22,"column":0},"end":{"line":22,"column":0}},"22":{"start":{"line":23,"column":0},"end":{"line":23,"column":0}},"23":{"start":{"line":24,"column":0},"end":{"line":24,"column":49}},"24":{"start":{"line":25,"column":0},"end":{"line":25,"column":21}},"25":{"start":{"line":26,"column":0},"end":{"line":26,"column":0}},"26":{"start":{"line":27,"column":0},"end":{"line":27,"column":51}},"27":{"start":{"line":28,"column":0},"end":{"line":28,"column":39}},"28":{"start":{"line":29,"column":0},"end":{"line":29,"column":7}},"29":{"start":{"line":30,"column":0},"end":{"line":30,"column":0}},"30":{"start":{"line":31,"column":0},"end":{"line":31,"column":18}},"31":{"start":{"line":32,"column":0},"end":{"line":32,"column":0}},"32":{"start":{"line":33,"column":0},"end":{"line":33,"column":1}},"33":{"start":{"line":34,"column":0},"end":{"line":34,"column":0}},"34":{"start":{"line":35,"column":0},"end":{"line":35,"column":0}},"35":{"start":{"line":36,"column":0},"end":{"line":36,"column":35}},"36":{"start":{"line":37,"column":0},"end":{"line":37,"column":19}},"37":{"start":{"line":38,"column":0},"end":{"line":38,"column":34}},"38":{"start":{"line":39,"column":0},"end":{"line":39,"column":11}},"39":{"start":{"line":40,"column":0},"end":{"line":40,"column":3}},"40":{"start":{"line":41,"column":0},"end":{"line":41,"column":0}},"41":{"start":{"line":42,"column":0},"end":{"line":42,"column":50}},"42":{"start":{"line":43,"column":0},"end":{"line":43,"column":31}},"43":{"start":{"line":44,"column":0},"end":{"line":44,"column":3}},"44":{"start":{"line":45,"column":0},"end":{"line":45,"column":1}},"45":{"start":{"line":46,"column":0},"end":{"line":46,"column":0}},"46":{"start":{"line":47,"column":0},"end":{"line":47,"column":0}},"47":{"start":{"line":48,"column":0},"end":{"line":48,"column":35}},"48":{"start":{"line":49,"column":0},"end":{"line":49,"column":48}},"49":{"start":{"line":50,"column":0},"end":{"line":50,"column":1}},"50":{"start":{"line":51,"column":0},"end":{"line":51,"column":0}},"51":{"start":{"line":52,"column":0},"end":{"line":52,"column":38}},"52":{"start":{"line":53,"column":0},"end":{"line":53,"column":57}},"53":{"start":{"line":54,"column":0},"end":{"line":54,"column":1}},"54":{"start":{"line":55,"column":0},"end":{"line":55,"column":0}},"55":{"start":{"line":56,"column":0},"end":{"line":56,"column":38}},"56":{"start":{"line":57,"column":0},"end":{"line":57,"column":57}},"57":{"start":{"line":58,"column":0},"end":{"line":58,"column":1}},"58":{"start":{"line":59,"column":0},"end":{"line":59,"column":0}},"59":{"start":{"line":60,"column":0},"end":{"line":60,"column":38}},"60":{"start":{"line":61,"column":0},"end":{"line":61,"column":57}},"61":{"start":{"line":62,"column":0},"end":{"line":62,"column":1}},"62":{"start":{"line":63,"column":0},"end":{"line":63,"column":0}},"63":{"start":{"line":64,"column":0},"end":{"line":64,"column":38}},"64":{"start":{"line":65,"column":0},"end":{"line":65,"column":57}},"65":{"start":{"line":66,"column":0},"end":{"line":66,"column":1}}},"s":{"0":1,"1":1,"2":1,"3":1,"4":1,"5":1,"6":1,"7":1,"8":1,"9":1,"10":1,"11":24,"12":24,"13":24,"14":24,"15":24,"16":23,"17":24,"18":24,"19":24,"20":24,"21":1,"22":1,"23":1,"24":14,"25":14,"26":14,"27":84,"28":14,"29":14,"30":14,"31":14,"32":14,"33":1,"34":1,"35":22,"36":22,"37":3,"38":3,"39":3,"40":19,"41":22,"42":1,"43":1,"44":22,"45":1,"46":1,"47":17,"48":17,"49":17,"50":1,"51":17,"52":17,"53":17,"54":1,"55":17,"56":17,"57":17,"58":1,"59":17,"60":17,"61":17,"62":1,"63":17,"64":17,"65":17},"branchMap":{"0":{"type":"branch","line":11,"loc":{"start":{"line":11,"column":7},"end":{"line":21,"column":1}},"locations":[{"start":{"line":11,"column":7},"end":{"line":21,"column":1}}]},"1":{"type":"branch","line":16,"loc":{"start":{"line":16,"column":17},"end":{"line":18,"column":5}},"locations":[{"start":{"line":16,"column":17},"end":{"line":18,"column":5}}]},"2":{"type":"branch","line":24,"loc":{"start":{"line":24,"column":7},"end":{"line":33,"column":1}},"locations":[{"start":{"line":24,"column":7},"end":{"line":33,"column":1}}]},"3":{"type":"branch","line":27,"loc":{"start":{"line":27,"column":38},"end":{"line":29,"column":6}},"locations":[{"start":{"line":27,"column":38},"end":{"line":29,"column":6}}]},"4":{"type":"branch","line":36,"loc":{"start":{"line":36,"column":0},"end":{"line":45,"column":1}},"locations":[{"start":{"line":36,"column":0},"end":{"line":45,"column":1}}]},"5":{"type":"branch","line":37,"loc":{"start":{"line":37,"column":18},"end":{"line":40,"column":3}},"locations":[{"start":{"line":37,"column":18},"end":{"line":40,"column":3}}]},"6":{"type":"branch","line":40,"loc":{"start":{"line":40,"column":2},"end":{"line":42,"column":49}},"locations":[{"start":{"line":40,"column":2},"end":{"line":42,"column":49}}]},"7":{"type":"branch","line":42,"loc":{"start":{"line":42,"column":49},"end":{"line":44,"column":3}},"locations":[{"start":{"line":42,"column":49},"end":{"line":44,"column":3}}]},"8":{"type":"branch","line":48,"loc":{"start":{"line":48,"column":0},"end":{"line":50,"column":1}},"locations":[{"start":{"line":48,"column":0},"end":{"line":50,"column":1}}]},"9":{"type":"branch","line":49,"loc":{"start":{"line":49,"column":18},"end":{"line":49,"column":48}},"locations":[{"start":{"line":49,"column":18},"end":{"line":49,"column":48}}]},"10":{"type":"branch","line":52,"loc":{"start":{"line":52,"column":0},"end":{"line":54,"column":1}},"locations":[{"start":{"line":52,"column":0},"end":{"line":54,"column":1}}]},"11":{"type":"branch","line":53,"loc":{"start":{"line":53,"column":21},"end":{"line":53,"column":57}},"locations":[{"start":{"line":53,"column":21},"end":{"line":53,"column":57}}]},"12":{"type":"branch","line":56,"loc":{"start":{"line":56,"column":0},"end":{"line":58,"column":1}},"locations":[{"start":{"line":56,"column":0},"end":{"line":58,"column":1}}]},"13":{"type":"branch","line":57,"loc":{"start":{"line":57,"column":21},"end":{"line":57,"column":57}},"locations":[{"start":{"line":57,"column":21},"end":{"line":57,"column":57}}]},"14":{"type":"branch","line":60,"loc":{"start":{"line":60,"column":0},"end":{"line":62,"column":1}},"locations":[{"start":{"line":60,"column":0},"end":{"line":62,"column":1}}]},"15":{"type":"branch","line":61,"loc":{"start":{"line":61,"column":21},"end":{"line":61,"column":57}},"locations":[{"start":{"line":61,"column":21},"end":{"line":61,"column":57}}]},"16":{"type":"branch","line":64,"loc":{"start":{"line":64,"column":0},"end":{"line":66,"column":1}},"locations":[{"start":{"line":64,"column":0},"end":{"line":66,"column":1}}]},"17":{"type":"branch","line":65,"loc":{"start":{"line":65,"column":21},"end":{"line":65,"column":57}},"locations":[{"start":{"line":65,"column":21},"end":{"line":65,"column":57}}]}},"b":{"0":[24],"1":[23],"2":[14],"3":[84],"4":[22],"5":[3],"6":[19],"7":[1],"8":[17],"9":[2],"10":[17],"11":[3],"12":[17],"13":[2],"14":[17],"15":[2],"16":[17],"17":[2]},"fnMap":{"0":{"name":"validarCampoAddress","decl":{"start":{"line":11,"column":7},"end":{"line":21,"column":1}},"loc":{"start":{"line":11,"column":7},"end":{"line":21,"column":1}},"line":11},"1":{"name":"validarFormularioAddress","decl":{"start":{"line":24,"column":7},"end":{"line":33,"column":1}},"loc":{"start":{"line":24,"column":7},"end":{"line":33,"column":1}},"line":24},"2":{"name":"validarCEP","decl":{"start":{"line":36,"column":0},"end":{"line":45,"column":1}},"loc":{"start":{"line":36,"column":0},"end":{"line":45,"column":1}},"line":36},"3":{"name":"validarRua","decl":{"start":{"line":48,"column":0},"end":{"line":50,"column":1}},"loc":{"start":{"line":48,"column":0},"end":{"line":50,"column":1}},"line":48},"4":{"name":"validarNumero","decl":{"start":{"line":52,"column":0},"end":{"line":54,"column":1}},"loc":{"start":{"line":52,"column":0},"end":{"line":54,"column":1}},"line":52},"5":{"name":"validarBairro","decl":{"start":{"line":56,"column":0},"end":{"line":58,"column":1}},"loc":{"start":{"line":56,"column":0},"end":{"line":58,"column":1}},"line":56},"6":{"name":"validarCidade","decl":{"start":{"line":60,"column":0},"end":{"line":62,"column":1}},"loc":{"start":{"line":60,"column":0},"end":{"line":62,"column":1}},"line":60},"7":{"name":"validarEstado","decl":{"start":{"line":64,"column":0},"end":{"line":66,"column":1}},"loc":{"start":{"line":64,"column":0},"end":{"line":66,"column":1}},"line":64}},"f":{"0":24,"1":14,"2":22,"3":17,"4":17,"5":17,"6":17,"7":17}}
,"C:\\Users\\Arthur Cezar\\Desktop\\Des-Sist-Corp-UFPB\\projeto-ep05\\frontend-cliente\\src\\utils\\validarEndereco\\masksAddress.js": {"path":"C:\\Users\\Arthur Cezar\\Desktop\\Des-Sist-Corp-UFPB\\projeto-ep05\\frontend-cliente\\src\\utils\\validarEndereco\\masksAddress.js","all":false,"statementMap":{"0":{"start":{"line":1,"column":0},"end":{"line":1,"column":49}},"1":{"start":{"line":2,"column":0},"end":{"line":2,"column":33}},"2":{"start":{"line":3,"column":0},"end":{"line":3,"column":0}},"3":{"start":{"line":4,"column":0},"end":{"line":4,"column":17}},"4":{"start":{"line":5,"column":0},"end":{"line":5,"column":22}},"5":{"start":{"line":6,"column":0},"end":{"line":6,"column":15}},"6":{"start":{"line":7,"column":0},"end":{"line":7,"column":36}},"7":{"start":{"line":8,"column":0},"end":{"line":8,"column":0}},"8":{"start":{"line":9,"column":0},"end":{"line":9,"column":1}}},"s":{"0":1,"1":1,"2":11,"3":11,"4":11,"5":11,"6":11,"7":11,"8":11},"branchMap":{"0":{"type":"branch","line":2,"loc":{"start":{"line":2,"column":7},"end":{"line":9,"column":1}},"locations":[{"start":{"line":2,"column":7},"end":{"line":9,"column":1}}]}},"b":{"0":[11]},"fnMap":{"0":{"name":"formatCep","decl":{"start":{"line":2,"column":7},"end":{"line":9,"column":1}},"loc":{"start":{"line":2,"column":7},"end":{"line":9,"column":1}},"line":2}},"f":{"0":11}}
}
